running egg_info
writing ../../build/pkg/pkg.egg-info/PKG-INFO
writing dependency_links to ../../build/pkg/pkg.egg-info/dependency_links.txt
writing entry points to ../../build/pkg/pkg.egg-info/entry_points.txt
writing requirements to ../../build/pkg/pkg.egg-info/requires.txt
writing top-level names to ../../build/pkg/pkg.egg-info/top_level.txt
reading manifest file '../../build/pkg/pkg.egg-info/SOURCES.txt'
writing manifest file '../../build/pkg/pkg.egg-info/SOURCES.txt'
running build
running build_py
copying pkg/aggregator.py -> /home/habiba-elghazouly/Tsk2_ws/build/pkg/build/lib/pkg
running install
running install_lib
copying /home/habiba-elghazouly/Tsk2_ws/build/pkg/build/lib/pkg/aggregator.py -> /home/habiba-elghazouly/Tsk2_ws/install/pkg/lib/python3.12/site-packages/pkg
byte-compiling /home/habiba-elghazouly/Tsk2_ws/install/pkg/lib/python3.12/site-packages/pkg/aggregator.py to aggregator.cpython-312.pyc
running install_data
running install_egg_info
removing '/home/habiba-elghazouly/Tsk2_ws/install/pkg/lib/python3.12/site-packages/pkg-0.0.0-py3.12.egg-info' (and everything under it)
Copying ../../build/pkg/pkg.egg-info to /home/habiba-elghazouly/Tsk2_ws/install/pkg/lib/python3.12/site-packages/pkg-0.0.0-py3.12.egg-info
running install_scripts
Installing aggregator script to /home/habiba-elghazouly/Tsk2_ws/install/pkg/lib/pkg
Installing onfield script to /home/habiba-elghazouly/Tsk2_ws/install/pkg/lib/pkg
Installing station script to /home/habiba-elghazouly/Tsk2_ws/install/pkg/lib/pkg
writing list of installed files to '/home/habiba-elghazouly/Tsk2_ws/build/pkg/install.log'
