[0.506s] Invoking command in '/home/habiba-elghazouly/Tsk2_ws/src/pkg': DEBUGINFOD_URLS=https://debuginfod.ubuntu.com PYTHONPATH=/home/habiba-elghazouly/Tsk2_ws/build/pkg/prefix_override:/usr/lib/python3/dist-packages/colcon_core/task/python/colcon_distutils_commands:/home/habiba-elghazouly/Tsk2_ws/install/pkg/lib/python3.12/site-packages:/home/habiba-elghazouly/Tsk2_ws/install/weather_interfaces/lib/python3.12/site-packages:/home/habiba-elghazouly/Tsk2_ws/install/pkg/lib/python3.12/site-packages:/home/habiba-elghazouly/tsk1_ws/install/mypkg/lib/python3.12/site-packages:/home/habiba-elghazouly/ses2_ws/install/mypkg/lib/python3.12/site-packages:/home/habiba-elghazouly/ses1_ws/install/py_pkg/lib/python3.12/site-packages:/opt/ros/jazzy/lib/python3.12/site-packages /usr/bin/python3 -W ignore:setup.py install is deprecated setup.py egg_info --egg-base ../../build/pkg build --build-base /home/habiba-elghazouly/Tsk2_ws/build/pkg/build install --record /home/habiba-elghazouly/Tsk2_ws/build/pkg/install.log --single-version-externally-managed install_data
[0.671s] running egg_info
[0.682s] writing ../../build/pkg/pkg.egg-info/PKG-INFO
[0.682s] writing dependency_links to ../../build/pkg/pkg.egg-info/dependency_links.txt
[0.682s] writing entry points to ../../build/pkg/pkg.egg-info/entry_points.txt
[0.683s] writing requirements to ../../build/pkg/pkg.egg-info/requires.txt
[0.683s] writing top-level names to ../../build/pkg/pkg.egg-info/top_level.txt
[0.706s] reading manifest file '../../build/pkg/pkg.egg-info/SOURCES.txt'
[0.706s] writing manifest file '../../build/pkg/pkg.egg-info/SOURCES.txt'
[0.706s] running build
[0.707s] running build_py
[0.707s] copying pkg/aggregator.py -> /home/habiba-elghazouly/Tsk2_ws/build/pkg/build/lib/pkg
[0.707s] copying pkg/station.py -> /home/habiba-elghazouly/Tsk2_ws/build/pkg/build/lib/pkg
[0.707s] running install
[0.711s] running install_lib
[0.724s] copying /home/habiba-elghazouly/Tsk2_ws/build/pkg/build/lib/pkg/aggregator.py -> /home/habiba-elghazouly/Tsk2_ws/install/pkg/lib/python3.12/site-packages/pkg
[0.724s] copying /home/habiba-elghazouly/Tsk2_ws/build/pkg/build/lib/pkg/station.py -> /home/habiba-elghazouly/Tsk2_ws/install/pkg/lib/python3.12/site-packages/pkg
[0.724s] byte-compiling /home/habiba-elghazouly/Tsk2_ws/install/pkg/lib/python3.12/site-packages/pkg/aggregator.py to aggregator.cpython-312.pyc
[0.725s] byte-compiling /home/habiba-elghazouly/Tsk2_ws/install/pkg/lib/python3.12/site-packages/pkg/station.py to station.cpython-312.pyc
[0.726s] running install_data
[0.726s] running install_egg_info
[0.739s] removing '/home/habiba-elghazouly/Tsk2_ws/install/pkg/lib/python3.12/site-packages/pkg-0.0.0-py3.12.egg-info' (and everything under it)
[0.739s] Copying ../../build/pkg/pkg.egg-info to /home/habiba-elghazouly/Tsk2_ws/install/pkg/lib/python3.12/site-packages/pkg-0.0.0-py3.12.egg-info
[0.740s] running install_scripts
[0.820s] Installing aggregator script to /home/habiba-elghazouly/Tsk2_ws/install/pkg/lib/pkg
[0.820s] Installing onfield script to /home/habiba-elghazouly/Tsk2_ws/install/pkg/lib/pkg
[0.820s] Installing station script to /home/habiba-elghazouly/Tsk2_ws/install/pkg/lib/pkg
[0.820s] writing list of installed files to '/home/habiba-elghazouly/Tsk2_ws/build/pkg/install.log'
[0.840s] Invoked command in '/home/habiba-elghazouly/Tsk2_ws/src/pkg' returned '0': DEBUGINFOD_URLS=https://debuginfod.ubuntu.com PYTHONPATH=/home/habiba-elghazouly/Tsk2_ws/build/pkg/prefix_override:/usr/lib/python3/dist-packages/colcon_core/task/python/colcon_distutils_commands:/home/habiba-elghazouly/Tsk2_ws/install/pkg/lib/python3.12/site-packages:/home/habiba-elghazouly/Tsk2_ws/install/weather_interfaces/lib/python3.12/site-packages:/home/habiba-elghazouly/Tsk2_ws/install/pkg/lib/python3.12/site-packages:/home/habiba-elghazouly/tsk1_ws/install/mypkg/lib/python3.12/site-packages:/home/habiba-elghazouly/ses2_ws/install/mypkg/lib/python3.12/site-packages:/home/habiba-elghazouly/ses1_ws/install/py_pkg/lib/python3.12/site-packages:/opt/ros/jazzy/lib/python3.12/site-packages /usr/bin/python3 -W ignore:setup.py install is deprecated setup.py egg_info --egg-base ../../build/pkg build --build-base /home/habiba-elghazouly/Tsk2_ws/build/pkg/build install --record /home/habiba-elghazouly/Tsk2_ws/build/pkg/install.log --single-version-externally-managed install_data
