[  2%] Built target weather_interfaces__rosidl_generator_type_description
[  2%] Built target ament_cmake_python_copy_weather_interfaces
[  5%] Built target weather_interfaces__cpp
[ 20%] Built target weather_interfaces__rosidl_generator_c
[ 29%] Built target weather_interfaces__rosidl_typesupport_fastrtps_c
[ 38%] Built target weather_interfaces__rosidl_typesupport_introspection_c
[ 47%] Built target weather_interfaces__rosidl_typesupport_c
[ 55%] Built target weather_interfaces__rosidl_typesupport_cpp
[ 64%] Built target weather_interfaces__rosidl_typesupport_fastrtps_cpp
[ 73%] Built target weather_interfaces__rosidl_typesupport_introspection_cpp
[ 73%] Built target weather_interfaces
[ 76%] Built target weather_interfaces__py
[ 82%] Built target weather_interfaces__rosidl_generator_py
[ 94%] Built target weather_interfaces_s__rosidl_typesupport_c
[ 94%] Built target weather_interfaces_s__rosidl_typesupport_introspection_c
[100%] Built target weather_interfaces_s__rosidl_typesupport_fastrtps_c
running egg_info
writing weather_interfaces.egg-info/PKG-INFO
writing dependency_links to weather_interfaces.egg-info/dependency_links.txt
writing top-level names to weather_interfaces.egg-info/top_level.txt
reading manifest file 'weather_interfaces.egg-info/SOURCES.txt'
writing manifest file 'weather_interfaces.egg-info/SOURCES.txt'
[100%] Built target ament_cmake_python_build_weather_interfaces_egg
-- Install configuration: ""
-- Up-to-date: /home/habiba-elghazouly/Tsk2_ws/install/weather_interfaces/share/ament_index/resource_index/rosidl_interfaces/weather_interfaces
-- Up-to-date: /home/habiba-elghazouly/Tsk2_ws/install/weather_interfaces/share/weather_interfaces/srv/DataCheck.json
-- Up-to-date: /home/habiba-elghazouly/Tsk2_ws/install/weather_interfaces/include/weather_interfaces/weather_interfaces
-- Up-to-date: /home/habiba-elghazouly/Tsk2_ws/install/weather_interfaces/include/weather_interfaces/weather_interfaces/msg
-- Up-to-date: /home/habiba-elghazouly/Tsk2_ws/install/weather_interfaces/include/weather_interfaces/weather_interfaces/msg/rosidl_generator_c__visibility_control.h
-- Up-to-date: /home/habiba-elghazouly/Tsk2_ws/install/weather_interfaces/include/weather_interfaces/weather_interfaces/srv
-- Up-to-date: /home/habiba-elghazouly/Tsk2_ws/install/weather_interfaces/include/weather_interfaces/weather_interfaces/srv/detail
-- Up-to-date: /home/habiba-elghazouly/Tsk2_ws/install/weather_interfaces/include/weather_interfaces/weather_interfaces/srv/detail/data_check__functions.c
-- Up-to-date: /home/habiba-elghazouly/Tsk2_ws/install/weather_interfaces/include/weather_interfaces/weather_interfaces/srv/detail/data_check__struct.h
-- Up-to-date: /home/habiba-elghazouly/Tsk2_ws/install/weather_interfaces/include/weather_interfaces/weather_interfaces/srv/detail/data_check__description.c
-- Up-to-date: /home/habiba-elghazouly/Tsk2_ws/install/weather_interfaces/include/weather_interfaces/weather_interfaces/srv/detail/data_check__functions.h
-- Up-to-date: /home/habiba-elghazouly/Tsk2_ws/install/weather_interfaces/include/weather_interfaces/weather_interfaces/srv/detail/data_check__type_support.c
-- Up-to-date: /home/habiba-elghazouly/Tsk2_ws/install/weather_interfaces/include/weather_interfaces/weather_interfaces/srv/detail/data_check__type_support.h
-- Up-to-date: /home/habiba-elghazouly/Tsk2_ws/install/weather_interfaces/include/weather_interfaces/weather_interfaces/srv/data_check.h
-- Up-to-date: /home/habiba-elghazouly/Tsk2_ws/install/weather_interfaces/share/weather_interfaces/environment/library_path.sh
-- Up-to-date: /home/habiba-elghazouly/Tsk2_ws/install/weather_interfaces/share/weather_interfaces/environment/library_path.dsv
-- Up-to-date: /home/habiba-elghazouly/Tsk2_ws/install/weather_interfaces/lib/libweather_interfaces__rosidl_generator_c.so
-- Up-to-date: /home/habiba-elghazouly/Tsk2_ws/install/weather_interfaces/include/weather_interfaces/weather_interfaces
-- Up-to-date: /home/habiba-elghazouly/Tsk2_ws/install/weather_interfaces/include/weather_interfaces/weather_interfaces/msg
-- Up-to-date: /home/habiba-elghazouly/Tsk2_ws/install/weather_interfaces/include/weather_interfaces/weather_interfaces/msg/rosidl_typesupport_fastrtps_c__visibility_control.h
-- Up-to-date: /home/habiba-elghazouly/Tsk2_ws/install/weather_interfaces/include/weather_interfaces/weather_interfaces/srv
-- Up-to-date: /home/habiba-elghazouly/Tsk2_ws/install/weather_interfaces/include/weather_interfaces/weather_interfaces/srv/detail
-- Up-to-date: /home/habiba-elghazouly/Tsk2_ws/install/weather_interfaces/include/weather_interfaces/weather_interfaces/srv/detail/data_check__rosidl_typesupport_fastrtps_c.h
-- Up-to-date: /home/habiba-elghazouly/Tsk2_ws/install/weather_interfaces/lib/libweather_interfaces__rosidl_typesupport_fastrtps_c.so
-- Up-to-date: /home/habiba-elghazouly/Tsk2_ws/install/weather_interfaces/include/weather_interfaces/weather_interfaces
-- Up-to-date: /home/habiba-elghazouly/Tsk2_ws/install/weather_interfaces/include/weather_interfaces/weather_interfaces/msg
-- Up-to-date: /home/habiba-elghazouly/Tsk2_ws/install/weather_interfaces/include/weather_interfaces/weather_interfaces/msg/rosidl_typesupport_introspection_c__visibility_control.h
-- Up-to-date: /home/habiba-elghazouly/Tsk2_ws/install/weather_interfaces/include/weather_interfaces/weather_interfaces/srv
-- Up-to-date: /home/habiba-elghazouly/Tsk2_ws/install/weather_interfaces/include/weather_interfaces/weather_interfaces/srv/detail
-- Up-to-date: /home/habiba-elghazouly/Tsk2_ws/install/weather_interfaces/include/weather_interfaces/weather_interfaces/srv/detail/data_check__rosidl_typesupport_introspection_c.h
-- Up-to-date: /home/habiba-elghazouly/Tsk2_ws/install/weather_interfaces/include/weather_interfaces/weather_interfaces/srv/detail/data_check__type_support.c
-- Up-to-date: /home/habiba-elghazouly/Tsk2_ws/install/weather_interfaces/lib/libweather_interfaces__rosidl_typesupport_introspection_c.so
-- Up-to-date: /home/habiba-elghazouly/Tsk2_ws/install/weather_interfaces/lib/libweather_interfaces__rosidl_typesupport_c.so
-- Up-to-date: /home/habiba-elghazouly/Tsk2_ws/install/weather_interfaces/include/weather_interfaces/weather_interfaces
-- Up-to-date: /home/habiba-elghazouly/Tsk2_ws/install/weather_interfaces/include/weather_interfaces/weather_interfaces/msg
-- Up-to-date: /home/habiba-elghazouly/Tsk2_ws/install/weather_interfaces/include/weather_interfaces/weather_interfaces/msg/rosidl_generator_cpp__visibility_control.hpp
-- Up-to-date: /home/habiba-elghazouly/Tsk2_ws/install/weather_interfaces/include/weather_interfaces/weather_interfaces/srv
-- Up-to-date: /home/habiba-elghazouly/Tsk2_ws/install/weather_interfaces/include/weather_interfaces/weather_interfaces/srv/data_check.hpp
-- Up-to-date: /home/habiba-elghazouly/Tsk2_ws/install/weather_interfaces/include/weather_interfaces/weather_interfaces/srv/detail
-- Up-to-date: /home/habiba-elghazouly/Tsk2_ws/install/weather_interfaces/include/weather_interfaces/weather_interfaces/srv/detail/data_check__builder.hpp
-- Up-to-date: /home/habiba-elghazouly/Tsk2_ws/install/weather_interfaces/include/weather_interfaces/weather_interfaces/srv/detail/data_check__struct.hpp
-- Up-to-date: /home/habiba-elghazouly/Tsk2_ws/install/weather_interfaces/include/weather_interfaces/weather_interfaces/srv/detail/data_check__traits.hpp
-- Up-to-date: /home/habiba-elghazouly/Tsk2_ws/install/weather_interfaces/include/weather_interfaces/weather_interfaces/srv/detail/data_check__type_support.hpp
-- Up-to-date: /home/habiba-elghazouly/Tsk2_ws/install/weather_interfaces/include/weather_interfaces/weather_interfaces
-- Up-to-date: /home/habiba-elghazouly/Tsk2_ws/install/weather_interfaces/include/weather_interfaces/weather_interfaces/msg
-- Up-to-date: /home/habiba-elghazouly/Tsk2_ws/install/weather_interfaces/include/weather_interfaces/weather_interfaces/msg/rosidl_typesupport_fastrtps_cpp__visibility_control.h
-- Up-to-date: /home/habiba-elghazouly/Tsk2_ws/install/weather_interfaces/include/weather_interfaces/weather_interfaces/srv
-- Up-to-date: /home/habiba-elghazouly/Tsk2_ws/install/weather_interfaces/include/weather_interfaces/weather_interfaces/srv/detail
-- Up-to-date: /home/habiba-elghazouly/Tsk2_ws/install/weather_interfaces/include/weather_interfaces/weather_interfaces/srv/detail/data_check__rosidl_typesupport_fastrtps_cpp.hpp
-- Up-to-date: /home/habiba-elghazouly/Tsk2_ws/install/weather_interfaces/include/weather_interfaces/weather_interfaces/srv/detail/dds_fastrtps
-- Up-to-date: /home/habiba-elghazouly/Tsk2_ws/install/weather_interfaces/lib/libweather_interfaces__rosidl_typesupport_fastrtps_cpp.so
-- Up-to-date: /home/habiba-elghazouly/Tsk2_ws/install/weather_interfaces/include/weather_interfaces/weather_interfaces
-- Up-to-date: /home/habiba-elghazouly/Tsk2_ws/install/weather_interfaces/include/weather_interfaces/weather_interfaces/srv
-- Up-to-date: /home/habiba-elghazouly/Tsk2_ws/install/weather_interfaces/include/weather_interfaces/weather_interfaces/srv/detail
-- Up-to-date: /home/habiba-elghazouly/Tsk2_ws/install/weather_interfaces/include/weather_interfaces/weather_interfaces/srv/detail/data_check__rosidl_typesupport_introspection_cpp.hpp
-- Up-to-date: /home/habiba-elghazouly/Tsk2_ws/install/weather_interfaces/include/weather_interfaces/weather_interfaces/srv/detail/data_check__type_support.cpp
-- Up-to-date: /home/habiba-elghazouly/Tsk2_ws/install/weather_interfaces/lib/libweather_interfaces__rosidl_typesupport_introspection_cpp.so
-- Up-to-date: /home/habiba-elghazouly/Tsk2_ws/install/weather_interfaces/lib/libweather_interfaces__rosidl_typesupport_cpp.so
-- Up-to-date: /home/habiba-elghazouly/Tsk2_ws/install/weather_interfaces/share/weather_interfaces/environment/pythonpath.sh
-- Up-to-date: /home/habiba-elghazouly/Tsk2_ws/install/weather_interfaces/share/weather_interfaces/environment/pythonpath.dsv
-- Up-to-date: /home/habiba-elghazouly/Tsk2_ws/install/weather_interfaces/lib/python3.12/site-packages/weather_interfaces-0.0.0-py3.12.egg-info
-- Installing: /home/habiba-elghazouly/Tsk2_ws/install/weather_interfaces/lib/python3.12/site-packages/weather_interfaces-0.0.0-py3.12.egg-info/PKG-INFO
-- Installing: /home/habiba-elghazouly/Tsk2_ws/install/weather_interfaces/lib/python3.12/site-packages/weather_interfaces-0.0.0-py3.12.egg-info/SOURCES.txt
-- Installing: /home/habiba-elghazouly/Tsk2_ws/install/weather_interfaces/lib/python3.12/site-packages/weather_interfaces-0.0.0-py3.12.egg-info/top_level.txt
-- Installing: /home/habiba-elghazouly/Tsk2_ws/install/weather_interfaces/lib/python3.12/site-packages/weather_interfaces-0.0.0-py3.12.egg-info/dependency_links.txt
-- Up-to-date: /home/habiba-elghazouly/Tsk2_ws/install/weather_interfaces/lib/python3.12/site-packages/weather_interfaces
-- Up-to-date: /home/habiba-elghazouly/Tsk2_ws/install/weather_interfaces/lib/python3.12/site-packages/weather_interfaces/_weather_interfaces_s.ep.rosidl_typesupport_c.c
-- Up-to-date: /home/habiba-elghazouly/Tsk2_ws/install/weather_interfaces/lib/python3.12/site-packages/weather_interfaces/_weather_interfaces_s.ep.rosidl_typesupport_introspection_c.c
-- Up-to-date: /home/habiba-elghazouly/Tsk2_ws/install/weather_interfaces/lib/python3.12/site-packages/weather_interfaces/weather_interfaces_s__rosidl_typesupport_fastrtps_c.so
-- Up-to-date: /home/habiba-elghazouly/Tsk2_ws/install/weather_interfaces/lib/python3.12/site-packages/weather_interfaces/__init__.py
-- Up-to-date: /home/habiba-elghazouly/Tsk2_ws/install/weather_interfaces/lib/python3.12/site-packages/weather_interfaces/weather_interfaces_s__rosidl_typesupport_introspection_c.so
-- Up-to-date: /home/habiba-elghazouly/Tsk2_ws/install/weather_interfaces/lib/python3.12/site-packages/weather_interfaces/srv
-- Up-to-date: /home/habiba-elghazouly/Tsk2_ws/install/weather_interfaces/lib/python3.12/site-packages/weather_interfaces/srv/_data_check.py
-- Up-to-date: /home/habiba-elghazouly/Tsk2_ws/install/weather_interfaces/lib/python3.12/site-packages/weather_interfaces/srv/_data_check_s.c
-- Up-to-date: /home/habiba-elghazouly/Tsk2_ws/install/weather_interfaces/lib/python3.12/site-packages/weather_interfaces/srv/__init__.py
-- Up-to-date: /home/habiba-elghazouly/Tsk2_ws/install/weather_interfaces/lib/python3.12/site-packages/weather_interfaces/weather_interfaces_s__rosidl_typesupport_c.so
-- Up-to-date: /home/habiba-elghazouly/Tsk2_ws/install/weather_interfaces/lib/python3.12/site-packages/weather_interfaces/_weather_interfaces_s.ep.rosidl_typesupport_fastrtps_c.c
Listing '/home/habiba-elghazouly/Tsk2_ws/install/weather_interfaces/lib/python3.12/site-packages/weather_interfaces'...
Listing '/home/habiba-elghazouly/Tsk2_ws/install/weather_interfaces/lib/python3.12/site-packages/weather_interfaces/srv'...
-- Up-to-date: /home/habiba-elghazouly/Tsk2_ws/install/weather_interfaces/lib/python3.12/site-packages/weather_interfaces/weather_interfaces_s__rosidl_typesupport_fastrtps_c.so
-- Up-to-date: /home/habiba-elghazouly/Tsk2_ws/install/weather_interfaces/lib/python3.12/site-packages/weather_interfaces/weather_interfaces_s__rosidl_typesupport_introspection_c.so
-- Up-to-date: /home/habiba-elghazouly/Tsk2_ws/install/weather_interfaces/lib/python3.12/site-packages/weather_interfaces/weather_interfaces_s__rosidl_typesupport_c.so
-- Up-to-date: /home/habiba-elghazouly/Tsk2_ws/install/weather_interfaces/lib/libweather_interfaces__rosidl_generator_py.so
-- Up-to-date: /home/habiba-elghazouly/Tsk2_ws/install/weather_interfaces/share/weather_interfaces/srv/DataCheck.idl
-- Up-to-date: /home/habiba-elghazouly/Tsk2_ws/install/weather_interfaces/share/weather_interfaces/srv/DataCheck.srv
-- Up-to-date: /home/habiba-elghazouly/Tsk2_ws/install/weather_interfaces/share/ament_index/resource_index/package_run_dependencies/weather_interfaces
-- Up-to-date: /home/habiba-elghazouly/Tsk2_ws/install/weather_interfaces/share/ament_index/resource_index/parent_prefix_path/weather_interfaces
-- Up-to-date: /home/habiba-elghazouly/Tsk2_ws/install/weather_interfaces/share/weather_interfaces/environment/ament_prefix_path.sh
-- Up-to-date: /home/habiba-elghazouly/Tsk2_ws/install/weather_interfaces/share/weather_interfaces/environment/ament_prefix_path.dsv
-- Up-to-date: /home/habiba-elghazouly/Tsk2_ws/install/weather_interfaces/share/weather_interfaces/environment/path.sh
-- Up-to-date: /home/habiba-elghazouly/Tsk2_ws/install/weather_interfaces/share/weather_interfaces/environment/path.dsv
-- Up-to-date: /home/habiba-elghazouly/Tsk2_ws/install/weather_interfaces/share/weather_interfaces/local_setup.bash
-- Up-to-date: /home/habiba-elghazouly/Tsk2_ws/install/weather_interfaces/share/weather_interfaces/local_setup.sh
-- Up-to-date: /home/habiba-elghazouly/Tsk2_ws/install/weather_interfaces/share/weather_interfaces/local_setup.zsh
-- Up-to-date: /home/habiba-elghazouly/Tsk2_ws/install/weather_interfaces/share/weather_interfaces/local_setup.dsv
-- Installing: /home/habiba-elghazouly/Tsk2_ws/install/weather_interfaces/share/weather_interfaces/package.dsv
-- Up-to-date: /home/habiba-elghazouly/Tsk2_ws/install/weather_interfaces/share/ament_index/resource_index/packages/weather_interfaces
-- Up-to-date: /home/habiba-elghazouly/Tsk2_ws/install/weather_interfaces/share/weather_interfaces/cmake/export_weather_interfaces__rosidl_generator_cExport.cmake
-- Up-to-date: /home/habiba-elghazouly/Tsk2_ws/install/weather_interfaces/share/weather_interfaces/cmake/export_weather_interfaces__rosidl_generator_cExport-noconfig.cmake
-- Up-to-date: /home/habiba-elghazouly/Tsk2_ws/install/weather_interfaces/share/weather_interfaces/cmake/export_weather_interfaces__rosidl_typesupport_fastrtps_cExport.cmake
-- Up-to-date: /home/habiba-elghazouly/Tsk2_ws/install/weather_interfaces/share/weather_interfaces/cmake/export_weather_interfaces__rosidl_typesupport_fastrtps_cExport-noconfig.cmake
-- Up-to-date: /home/habiba-elghazouly/Tsk2_ws/install/weather_interfaces/share/weather_interfaces/cmake/weather_interfaces__rosidl_typesupport_introspection_cExport.cmake
-- Up-to-date: /home/habiba-elghazouly/Tsk2_ws/install/weather_interfaces/share/weather_interfaces/cmake/weather_interfaces__rosidl_typesupport_introspection_cExport-noconfig.cmake
-- Up-to-date: /home/habiba-elghazouly/Tsk2_ws/install/weather_interfaces/share/weather_interfaces/cmake/weather_interfaces__rosidl_typesupport_cExport.cmake
-- Up-to-date: /home/habiba-elghazouly/Tsk2_ws/install/weather_interfaces/share/weather_interfaces/cmake/weather_interfaces__rosidl_typesupport_cExport-noconfig.cmake
-- Up-to-date: /home/habiba-elghazouly/Tsk2_ws/install/weather_interfaces/share/weather_interfaces/cmake/export_weather_interfaces__rosidl_generator_cppExport.cmake
-- Up-to-date: /home/habiba-elghazouly/Tsk2_ws/install/weather_interfaces/share/weather_interfaces/cmake/export_weather_interfaces__rosidl_typesupport_fastrtps_cppExport.cmake
-- Up-to-date: /home/habiba-elghazouly/Tsk2_ws/install/weather_interfaces/share/weather_interfaces/cmake/export_weather_interfaces__rosidl_typesupport_fastrtps_cppExport-noconfig.cmake
-- Up-to-date: /home/habiba-elghazouly/Tsk2_ws/install/weather_interfaces/share/weather_interfaces/cmake/weather_interfaces__rosidl_typesupport_introspection_cppExport.cmake
-- Up-to-date: /home/habiba-elghazouly/Tsk2_ws/install/weather_interfaces/share/weather_interfaces/cmake/weather_interfaces__rosidl_typesupport_introspection_cppExport-noconfig.cmake
-- Up-to-date: /home/habiba-elghazouly/Tsk2_ws/install/weather_interfaces/share/weather_interfaces/cmake/weather_interfaces__rosidl_typesupport_cppExport.cmake
-- Up-to-date: /home/habiba-elghazouly/Tsk2_ws/install/weather_interfaces/share/weather_interfaces/cmake/weather_interfaces__rosidl_typesupport_cppExport-noconfig.cmake
-- Up-to-date: /home/habiba-elghazouly/Tsk2_ws/install/weather_interfaces/share/weather_interfaces/cmake/export_weather_interfaces__rosidl_generator_pyExport.cmake
-- Up-to-date: /home/habiba-elghazouly/Tsk2_ws/install/weather_interfaces/share/weather_interfaces/cmake/export_weather_interfaces__rosidl_generator_pyExport-noconfig.cmake
-- Up-to-date: /home/habiba-elghazouly/Tsk2_ws/install/weather_interfaces/share/weather_interfaces/cmake/rosidl_cmake-extras.cmake
-- Up-to-date: /home/habiba-elghazouly/Tsk2_ws/install/weather_interfaces/share/weather_interfaces/cmake/ament_cmake_export_dependencies-extras.cmake
-- Up-to-date: /home/habiba-elghazouly/Tsk2_ws/install/weather_interfaces/share/weather_interfaces/cmake/ament_cmake_export_include_directories-extras.cmake
-- Up-to-date: /home/habiba-elghazouly/Tsk2_ws/install/weather_interfaces/share/weather_interfaces/cmake/ament_cmake_export_libraries-extras.cmake
-- Up-to-date: /home/habiba-elghazouly/Tsk2_ws/install/weather_interfaces/share/weather_interfaces/cmake/ament_cmake_export_targets-extras.cmake
-- Up-to-date: /home/habiba-elghazouly/Tsk2_ws/install/weather_interfaces/share/weather_interfaces/cmake/rosidl_cmake_export_typesupport_targets-extras.cmake
-- Up-to-date: /home/habiba-elghazouly/Tsk2_ws/install/weather_interfaces/share/weather_interfaces/cmake/rosidl_cmake_export_typesupport_libraries-extras.cmake
-- Up-to-date: /home/habiba-elghazouly/Tsk2_ws/install/weather_interfaces/share/weather_interfaces/cmake/weather_interfacesConfig.cmake
-- Up-to-date: /home/habiba-elghazouly/Tsk2_ws/install/weather_interfaces/share/weather_interfaces/cmake/weather_interfacesConfig-version.cmake
-- Up-to-date: /home/habiba-elghazouly/Tsk2_ws/install/weather_interfaces/share/weather_interfaces/package.xml
