[1.147s] DEBUG:colcon:Command line arguments: ['/usr/bin/colcon', 'build']
[1.147s] DEBUG:colcon:Parsed command line arguments: Namespace(log_base=None, log_level=None, verb_name='build', build_base='build', install_base='install', merge_install=False, symlink_install=False, test_result_base=None, continue_on_error=False, executor='parallel', parallel_workers=8, event_handlers=None, ignore_user_meta=False, metas=['./colcon.meta'], base_paths=['.'], packages_ignore=None, packages_ignore_regex=None, paths=None, packages_up_to=None, packages_up_to_regex=None, packages_above=None, packages_above_and_dependencies=None, packages_above_depth=None, packages_select_by_dep=None, packages_skip_by_dep=None, packages_skip_up_to=None, packages_select_build_failed=False, packages_skip_build_finished=False, packages_select_test_failures=False, packages_skip_test_passed=False, packages_select=None, packages_skip=None, packages_select_regex=None, packages_skip_regex=None, packages_start=None, packages_end=None, allow_overriding=[], cmake_args=None, cmake_target=None, cmake_target_skip_unavailable=False, cmake_clean_cache=False, cmake_clean_first=False, cmake_force_configure=False, ament_cmake_args=None, catkin_cmake_args=None, catkin_skip_building_tests=False, mixin_files=None, mixin=None, verb_parser=<colcon_mixin.mixin.mixin_argument.MixinArgumentDecorator object at 0x74137b18a4e0>, verb_extension=<colcon_core.verb.build.BuildVerb object at 0x74137b2ad4f0>, main=<bound method BuildVerb.main of <colcon_core.verb.build.BuildVerb object at 0x74137b2ad4f0>>, mixin_verb=('build',))
[1.459s] Level 1:colcon.colcon_core.package_discovery:discover_packages(colcon_meta) check parameters
[1.459s] Level 1:colcon.colcon_core.package_discovery:discover_packages(recursive) check parameters
[1.459s] Level 1:colcon.colcon_core.package_discovery:discover_packages(ignore) check parameters
[1.459s] Level 1:colcon.colcon_core.package_discovery:discover_packages(path) check parameters
[1.459s] Level 1:colcon.colcon_core.package_discovery:discover_packages(colcon_meta) discover
[1.459s] Level 1:colcon.colcon_core.package_discovery:discover_packages(recursive) discover
[1.459s] INFO:colcon.colcon_core.package_discovery:Crawling recursively for packages in '/home/habiba-elghazouly/Tsk2_ws'
[1.459s] Level 1:colcon.colcon_core.package_identification:_identify(.) by extensions ['ignore', 'ignore_ament_install']
[1.459s] Level 1:colcon.colcon_core.package_identification:_identify(.) by extension 'ignore'
[1.459s] Level 1:colcon.colcon_core.package_identification:_identify(.) by extension 'ignore_ament_install'
[1.459s] Level 1:colcon.colcon_core.package_identification:_identify(.) by extensions ['colcon_pkg']
[1.459s] Level 1:colcon.colcon_core.package_identification:_identify(.) by extension 'colcon_pkg'
[1.459s] Level 1:colcon.colcon_core.package_identification:_identify(.) by extensions ['colcon_meta']
[1.459s] Level 1:colcon.colcon_core.package_identification:_identify(.) by extension 'colcon_meta'
[1.459s] Level 1:colcon.colcon_core.package_identification:_identify(.) by extensions ['ros']
[1.459s] Level 1:colcon.colcon_core.package_identification:_identify(.) by extension 'ros'
[1.555s] Level 1:colcon.colcon_core.package_identification:_identify(.) by extensions ['cmake', 'python']
[1.555s] Level 1:colcon.colcon_core.package_identification:_identify(.) by extension 'cmake'
[1.555s] Level 1:colcon.colcon_core.package_identification:_identify(.) by extension 'python'
[1.555s] Level 1:colcon.colcon_core.package_identification:_identify(.) by extensions ['python_setup_py']
[1.555s] Level 1:colcon.colcon_core.package_identification:_identify(.) by extension 'python_setup_py'
[1.556s] Level 1:colcon.colcon_core.package_identification:_identify(build) by extensions ['ignore', 'ignore_ament_install']
[1.556s] Level 1:colcon.colcon_core.package_identification:_identify(build) by extension 'ignore'
[1.556s] Level 1:colcon.colcon_core.package_identification:_identify(build) ignored
[1.556s] Level 1:colcon.colcon_core.package_identification:_identify(install) by extensions ['ignore', 'ignore_ament_install']
[1.556s] Level 1:colcon.colcon_core.package_identification:_identify(install) by extension 'ignore'
[1.556s] Level 1:colcon.colcon_core.package_identification:_identify(install) ignored
[1.556s] Level 1:colcon.colcon_core.package_identification:_identify(log) by extensions ['ignore', 'ignore_ament_install']
[1.556s] Level 1:colcon.colcon_core.package_identification:_identify(log) by extension 'ignore'
[1.556s] Level 1:colcon.colcon_core.package_identification:_identify(log) ignored
[1.556s] Level 1:colcon.colcon_core.package_identification:_identify(src) by extensions ['ignore', 'ignore_ament_install']
[1.556s] Level 1:colcon.colcon_core.package_identification:_identify(src) by extension 'ignore'
[1.556s] Level 1:colcon.colcon_core.package_identification:_identify(src) by extension 'ignore_ament_install'
[1.556s] Level 1:colcon.colcon_core.package_identification:_identify(src) by extensions ['colcon_pkg']
[1.556s] Level 1:colcon.colcon_core.package_identification:_identify(src) by extension 'colcon_pkg'
[1.556s] Level 1:colcon.colcon_core.package_identification:_identify(src) by extensions ['colcon_meta']
[1.556s] Level 1:colcon.colcon_core.package_identification:_identify(src) by extension 'colcon_meta'
[1.556s] Level 1:colcon.colcon_core.package_identification:_identify(src) by extensions ['ros']
[1.556s] Level 1:colcon.colcon_core.package_identification:_identify(src) by extension 'ros'
[1.556s] Level 1:colcon.colcon_core.package_identification:_identify(src) by extensions ['cmake', 'python']
[1.556s] Level 1:colcon.colcon_core.package_identification:_identify(src) by extension 'cmake'
[1.556s] Level 1:colcon.colcon_core.package_identification:_identify(src) by extension 'python'
[1.556s] Level 1:colcon.colcon_core.package_identification:_identify(src) by extensions ['python_setup_py']
[1.556s] Level 1:colcon.colcon_core.package_identification:_identify(src) by extension 'python_setup_py'
[1.556s] Level 1:colcon.colcon_core.package_identification:_identify(src/pkg) by extensions ['ignore', 'ignore_ament_install']
[1.556s] Level 1:colcon.colcon_core.package_identification:_identify(src/pkg) by extension 'ignore'
[1.556s] Level 1:colcon.colcon_core.package_identification:_identify(src/pkg) by extension 'ignore_ament_install'
[1.556s] Level 1:colcon.colcon_core.package_identification:_identify(src/pkg) by extensions ['colcon_pkg']
[1.556s] Level 1:colcon.colcon_core.package_identification:_identify(src/pkg) by extension 'colcon_pkg'
[1.556s] Level 1:colcon.colcon_core.package_identification:_identify(src/pkg) by extensions ['colcon_meta']
[1.556s] Level 1:colcon.colcon_core.package_identification:_identify(src/pkg) by extension 'colcon_meta'
[1.557s] Level 1:colcon.colcon_core.package_identification:_identify(src/pkg) by extensions ['ros']
[1.557s] Level 1:colcon.colcon_core.package_identification:_identify(src/pkg) by extension 'ros'
[1.598s] DEBUG:colcon.colcon_core.package_identification:Package 'src/pkg' with type 'ros.ament_python' and name 'pkg'
[1.607s] Level 1:colcon.colcon_core.package_identification:_identify(src/weather_interfaces) by extensions ['ignore', 'ignore_ament_install']
[1.607s] Level 1:colcon.colcon_core.package_identification:_identify(src/weather_interfaces) by extension 'ignore'
[1.607s] Level 1:colcon.colcon_core.package_identification:_identify(src/weather_interfaces) by extension 'ignore_ament_install'
[1.607s] Level 1:colcon.colcon_core.package_identification:_identify(src/weather_interfaces) by extensions ['colcon_pkg']
[1.608s] Level 1:colcon.colcon_core.package_identification:_identify(src/weather_interfaces) by extension 'colcon_pkg'
[1.608s] Level 1:colcon.colcon_core.package_identification:_identify(src/weather_interfaces) by extensions ['colcon_meta']
[1.608s] Level 1:colcon.colcon_core.package_identification:_identify(src/weather_interfaces) by extension 'colcon_meta'
[1.608s] Level 1:colcon.colcon_core.package_identification:_identify(src/weather_interfaces) by extensions ['ros']
[1.608s] Level 1:colcon.colcon_core.package_identification:_identify(src/weather_interfaces) by extension 'ros'
[1.621s] DEBUG:colcon.colcon_core.package_identification:Package 'src/weather_interfaces' with type 'ros.ament_cmake' and name 'weather_interfaces'
[1.621s] Level 1:colcon.colcon_core.package_discovery:discover_packages(recursive) using defaults
[1.622s] Level 1:colcon.colcon_core.package_discovery:discover_packages(ignore) discover
[1.622s] Level 1:colcon.colcon_core.package_discovery:discover_packages(ignore) using defaults
[1.622s] Level 1:colcon.colcon_core.package_discovery:discover_packages(path) discover
[1.622s] Level 1:colcon.colcon_core.package_discovery:discover_packages(path) using defaults
[1.710s] Level 1:colcon.colcon_core.package_discovery:discover_packages(prefix_path) check parameters
[1.710s] Level 1:colcon.colcon_core.package_discovery:discover_packages(prefix_path) discover
[1.785s] DEBUG:colcon.colcon_installed_package_information.package_discovery:Found 2 installed packages in /home/habiba-elghazouly/Tsk2_ws/install
[1.786s] DEBUG:colcon.colcon_installed_package_information.package_discovery:Found 1 installed packages in /home/habiba-elghazouly/ses2_ws/install
[1.787s] DEBUG:colcon.colcon_installed_package_information.package_discovery:Found 1 installed packages in /home/habiba-elghazouly/tsk1_ws/install
[1.788s] DEBUG:colcon.colcon_installed_package_information.package_discovery:Found 1 installed packages in /home/habiba-elghazouly/ses1_ws/install
[1.791s] DEBUG:colcon.colcon_installed_package_information.package_discovery:Found 285 installed packages in /opt/ros/jazzy
[1.793s] Level 1:colcon.colcon_core.package_discovery:discover_packages(prefix_path) using defaults
[1.942s] Level 5:colcon.colcon_core.verb:set package 'weather_interfaces' build argument 'cmake_args' from command line to 'None'
[1.942s] Level 5:colcon.colcon_core.verb:set package 'weather_interfaces' build argument 'cmake_target' from command line to 'None'
[1.942s] Level 5:colcon.colcon_core.verb:set package 'weather_interfaces' build argument 'cmake_target_skip_unavailable' from command line to 'False'
[1.942s] Level 5:colcon.colcon_core.verb:set package 'weather_interfaces' build argument 'cmake_clean_cache' from command line to 'False'
[1.942s] Level 5:colcon.colcon_core.verb:set package 'weather_interfaces' build argument 'cmake_clean_first' from command line to 'False'
[1.942s] Level 5:colcon.colcon_core.verb:set package 'weather_interfaces' build argument 'cmake_force_configure' from command line to 'False'
[1.942s] Level 5:colcon.colcon_core.verb:set package 'weather_interfaces' build argument 'ament_cmake_args' from command line to 'None'
[1.942s] Level 5:colcon.colcon_core.verb:set package 'weather_interfaces' build argument 'catkin_cmake_args' from command line to 'None'
[1.942s] Level 5:colcon.colcon_core.verb:set package 'weather_interfaces' build argument 'catkin_skip_building_tests' from command line to 'False'
[1.942s] DEBUG:colcon.colcon_core.verb:Building package 'weather_interfaces' with the following arguments: {'ament_cmake_args': None, 'build_base': '/home/habiba-elghazouly/Tsk2_ws/build/weather_interfaces', 'catkin_cmake_args': None, 'catkin_skip_building_tests': False, 'cmake_args': None, 'cmake_clean_cache': False, 'cmake_clean_first': False, 'cmake_force_configure': False, 'cmake_target': None, 'cmake_target_skip_unavailable': False, 'install_base': '/home/habiba-elghazouly/Tsk2_ws/install/weather_interfaces', 'merge_install': False, 'path': '/home/habiba-elghazouly/Tsk2_ws/src/weather_interfaces', 'symlink_install': False, 'test_result_base': None}
[1.942s] Level 5:colcon.colcon_core.verb:set package 'pkg' build argument 'cmake_args' from command line to 'None'
[1.942s] Level 5:colcon.colcon_core.verb:set package 'pkg' build argument 'cmake_target' from command line to 'None'
[1.942s] Level 5:colcon.colcon_core.verb:set package 'pkg' build argument 'cmake_target_skip_unavailable' from command line to 'False'
[1.942s] Level 5:colcon.colcon_core.verb:set package 'pkg' build argument 'cmake_clean_cache' from command line to 'False'
[1.942s] Level 5:colcon.colcon_core.verb:set package 'pkg' build argument 'cmake_clean_first' from command line to 'False'
[1.942s] Level 5:colcon.colcon_core.verb:set package 'pkg' build argument 'cmake_force_configure' from command line to 'False'
[1.942s] Level 5:colcon.colcon_core.verb:set package 'pkg' build argument 'ament_cmake_args' from command line to 'None'
[1.942s] Level 5:colcon.colcon_core.verb:set package 'pkg' build argument 'catkin_cmake_args' from command line to 'None'
[1.942s] Level 5:colcon.colcon_core.verb:set package 'pkg' build argument 'catkin_skip_building_tests' from command line to 'False'
[1.942s] DEBUG:colcon.colcon_core.verb:Building package 'pkg' with the following arguments: {'ament_cmake_args': None, 'build_base': '/home/habiba-elghazouly/Tsk2_ws/build/pkg', 'catkin_cmake_args': None, 'catkin_skip_building_tests': False, 'cmake_args': None, 'cmake_clean_cache': False, 'cmake_clean_first': False, 'cmake_force_configure': False, 'cmake_target': None, 'cmake_target_skip_unavailable': False, 'install_base': '/home/habiba-elghazouly/Tsk2_ws/install/pkg', 'merge_install': False, 'path': '/home/habiba-elghazouly/Tsk2_ws/src/pkg', 'symlink_install': False, 'test_result_base': None}
[1.942s] INFO:colcon.colcon_core.executor:Executing jobs using 'parallel' executor
[1.943s] DEBUG:colcon.colcon_parallel_executor.executor.parallel:run_until_complete
[1.943s] INFO:colcon.colcon_ros.task.ament_cmake.build:Building ROS package in '/home/habiba-elghazouly/Tsk2_ws/src/weather_interfaces' with build type 'ament_cmake'
[1.943s] INFO:colcon.colcon_cmake.task.cmake.build:Building CMake package in '/home/habiba-elghazouly/Tsk2_ws/src/weather_interfaces'
[1.946s] INFO:colcon.colcon_core.plugin_system:Skipping extension 'colcon_core.shell.bat': Not used on non-Windows systems
[1.946s] INFO:colcon.colcon_core.shell:Skip shell extension 'powershell' for command environment: Not usable outside of PowerShell
[1.946s] DEBUG:colcon.colcon_core.shell:Skip shell extension 'dsv' for command environment
[1.979s] DEBUG:colcon.colcon_core.event_handler.log_command:Invoking command in '/home/habiba-elghazouly/Tsk2_ws/build/weather_interfaces': CMAKE_PREFIX_PATH=${CMAKE_PREFIX_PATH}:/home/habiba-elghazouly/Tsk2_ws/install/pkg:/home/habiba-elghazouly/tsk1_ws/install/mypkg:/home/habiba-elghazouly/ses2_ws/install/mypkg:/home/habiba-elghazouly/ses1_ws/install/py_pkg:/opt/ros/jazzy DEBUGINFOD_URLS=https://debuginfod.ubuntu.com /usr/bin/cmake --build /home/habiba-elghazouly/Tsk2_ws/build/weather_interfaces -- -j8 -l8
[3.272s] DEBUG:colcon.colcon_core.event_handler.log_command:Invoked command in '/home/habiba-elghazouly/Tsk2_ws/build/weather_interfaces' returned '0': CMAKE_PREFIX_PATH=${CMAKE_PREFIX_PATH}:/home/habiba-elghazouly/Tsk2_ws/install/pkg:/home/habiba-elghazouly/tsk1_ws/install/mypkg:/home/habiba-elghazouly/ses2_ws/install/mypkg:/home/habiba-elghazouly/ses1_ws/install/py_pkg:/opt/ros/jazzy DEBUGINFOD_URLS=https://debuginfod.ubuntu.com /usr/bin/cmake --build /home/habiba-elghazouly/Tsk2_ws/build/weather_interfaces -- -j8 -l8
[3.375s] DEBUG:colcon.colcon_core.event_handler.log_command:Invoking command in '/home/habiba-elghazouly/Tsk2_ws/build/weather_interfaces': CMAKE_PREFIX_PATH=${CMAKE_PREFIX_PATH}:/home/habiba-elghazouly/Tsk2_ws/install/pkg:/home/habiba-elghazouly/tsk1_ws/install/mypkg:/home/habiba-elghazouly/ses2_ws/install/mypkg:/home/habiba-elghazouly/ses1_ws/install/py_pkg:/opt/ros/jazzy DEBUGINFOD_URLS=https://debuginfod.ubuntu.com /usr/bin/cmake --install /home/habiba-elghazouly/Tsk2_ws/build/weather_interfaces
[3.537s] Level 1:colcon.colcon_core.environment:create_environment_scripts_only(weather_interfaces)
[3.537s] DEBUG:colcon.colcon_core.event_handler.log_command:Invoked command in '/home/habiba-elghazouly/Tsk2_ws/build/weather_interfaces' returned '0': CMAKE_PREFIX_PATH=${CMAKE_PREFIX_PATH}:/home/habiba-elghazouly/Tsk2_ws/install/pkg:/home/habiba-elghazouly/tsk1_ws/install/mypkg:/home/habiba-elghazouly/ses2_ws/install/mypkg:/home/habiba-elghazouly/ses1_ws/install/py_pkg:/opt/ros/jazzy DEBUGINFOD_URLS=https://debuginfod.ubuntu.com /usr/bin/cmake --install /home/habiba-elghazouly/Tsk2_ws/build/weather_interfaces
[3.550s] Level 1:colcon.colcon_core.environment:checking '/home/habiba-elghazouly/Tsk2_ws/install/weather_interfaces' for CMake module files
[3.551s] Level 1:colcon.colcon_core.environment:checking '/home/habiba-elghazouly/Tsk2_ws/install/weather_interfaces' for CMake config files
[3.551s] Level 1:colcon.colcon_core.shell:create_environment_hook('weather_interfaces', 'cmake_prefix_path')
[3.551s] INFO:colcon.colcon_core.shell:Creating environment hook '/home/habiba-elghazouly/Tsk2_ws/install/weather_interfaces/share/weather_interfaces/hook/cmake_prefix_path.ps1'
[3.556s] INFO:colcon.colcon_core.shell:Creating environment descriptor '/home/habiba-elghazouly/Tsk2_ws/install/weather_interfaces/share/weather_interfaces/hook/cmake_prefix_path.dsv'
[3.557s] INFO:colcon.colcon_core.shell:Creating environment hook '/home/habiba-elghazouly/Tsk2_ws/install/weather_interfaces/share/weather_interfaces/hook/cmake_prefix_path.sh'
[3.558s] Level 1:colcon.colcon_core.environment:checking '/home/habiba-elghazouly/Tsk2_ws/install/weather_interfaces/lib'
[3.558s] Level 1:colcon.colcon_core.shell:create_environment_hook('weather_interfaces', 'ld_library_path_lib')
[3.558s] INFO:colcon.colcon_core.shell:Creating environment hook '/home/habiba-elghazouly/Tsk2_ws/install/weather_interfaces/share/weather_interfaces/hook/ld_library_path_lib.ps1'
[3.559s] INFO:colcon.colcon_core.shell:Creating environment descriptor '/home/habiba-elghazouly/Tsk2_ws/install/weather_interfaces/share/weather_interfaces/hook/ld_library_path_lib.dsv'
[3.559s] INFO:colcon.colcon_core.shell:Creating environment hook '/home/habiba-elghazouly/Tsk2_ws/install/weather_interfaces/share/weather_interfaces/hook/ld_library_path_lib.sh'
[3.560s] Level 1:colcon.colcon_core.environment:checking '/home/habiba-elghazouly/Tsk2_ws/install/weather_interfaces/bin'
[3.560s] Level 1:colcon.colcon_core.environment:checking '/home/habiba-elghazouly/Tsk2_ws/install/weather_interfaces/lib/pkgconfig/weather_interfaces.pc'
[3.561s] Level 1:colcon.colcon_core.environment:checking '/home/habiba-elghazouly/Tsk2_ws/install/weather_interfaces/lib/python3.12/site-packages'
[3.561s] Level 1:colcon.colcon_core.shell:create_environment_hook('weather_interfaces', 'pythonpath')
[3.561s] INFO:colcon.colcon_core.shell:Creating environment hook '/home/habiba-elghazouly/Tsk2_ws/install/weather_interfaces/share/weather_interfaces/hook/pythonpath.ps1'
[3.561s] INFO:colcon.colcon_core.shell:Creating environment descriptor '/home/habiba-elghazouly/Tsk2_ws/install/weather_interfaces/share/weather_interfaces/hook/pythonpath.dsv'
[3.562s] INFO:colcon.colcon_core.shell:Creating environment hook '/home/habiba-elghazouly/Tsk2_ws/install/weather_interfaces/share/weather_interfaces/hook/pythonpath.sh'
[3.563s] Level 1:colcon.colcon_core.environment:checking '/home/habiba-elghazouly/Tsk2_ws/install/weather_interfaces/bin'
[3.563s] INFO:colcon.colcon_core.shell:Creating package script '/home/habiba-elghazouly/Tsk2_ws/install/weather_interfaces/share/weather_interfaces/package.ps1'
[3.564s] INFO:colcon.colcon_core.shell:Creating package descriptor '/home/habiba-elghazouly/Tsk2_ws/install/weather_interfaces/share/weather_interfaces/package.dsv'
[3.565s] INFO:colcon.colcon_core.shell:Creating package script '/home/habiba-elghazouly/Tsk2_ws/install/weather_interfaces/share/weather_interfaces/package.sh'
[3.566s] INFO:colcon.colcon_core.shell:Creating package script '/home/habiba-elghazouly/Tsk2_ws/install/weather_interfaces/share/weather_interfaces/package.bash'
[3.571s] INFO:colcon.colcon_core.shell:Creating package script '/home/habiba-elghazouly/Tsk2_ws/install/weather_interfaces/share/weather_interfaces/package.zsh'
[3.572s] Level 1:colcon.colcon_core.environment:create_file_with_runtime_dependencies(/home/habiba-elghazouly/Tsk2_ws/install/weather_interfaces/share/colcon-core/packages/weather_interfaces)
[3.659s] Level 1:colcon.colcon_core.environment:create_environment_scripts_only(weather_interfaces)
[3.659s] Level 1:colcon.colcon_core.environment:checking '/home/habiba-elghazouly/Tsk2_ws/install/weather_interfaces' for CMake module files
[3.660s] Level 1:colcon.colcon_core.environment:checking '/home/habiba-elghazouly/Tsk2_ws/install/weather_interfaces' for CMake config files
[3.661s] Level 1:colcon.colcon_core.shell:create_environment_hook('weather_interfaces', 'cmake_prefix_path')
[3.661s] INFO:colcon.colcon_core.shell:Creating environment hook '/home/habiba-elghazouly/Tsk2_ws/install/weather_interfaces/share/weather_interfaces/hook/cmake_prefix_path.ps1'
[3.662s] INFO:colcon.colcon_core.shell:Creating environment descriptor '/home/habiba-elghazouly/Tsk2_ws/install/weather_interfaces/share/weather_interfaces/hook/cmake_prefix_path.dsv'
[3.662s] INFO:colcon.colcon_core.shell:Creating environment hook '/home/habiba-elghazouly/Tsk2_ws/install/weather_interfaces/share/weather_interfaces/hook/cmake_prefix_path.sh'
[3.663s] Level 1:colcon.colcon_core.environment:checking '/home/habiba-elghazouly/Tsk2_ws/install/weather_interfaces/lib'
[3.663s] Level 1:colcon.colcon_core.shell:create_environment_hook('weather_interfaces', 'ld_library_path_lib')
[3.663s] INFO:colcon.colcon_core.shell:Creating environment hook '/home/habiba-elghazouly/Tsk2_ws/install/weather_interfaces/share/weather_interfaces/hook/ld_library_path_lib.ps1'
[3.664s] INFO:colcon.colcon_core.shell:Creating environment descriptor '/home/habiba-elghazouly/Tsk2_ws/install/weather_interfaces/share/weather_interfaces/hook/ld_library_path_lib.dsv'
[3.664s] INFO:colcon.colcon_core.shell:Creating environment hook '/home/habiba-elghazouly/Tsk2_ws/install/weather_interfaces/share/weather_interfaces/hook/ld_library_path_lib.sh'
[3.665s] Level 1:colcon.colcon_core.environment:checking '/home/habiba-elghazouly/Tsk2_ws/install/weather_interfaces/bin'
[3.665s] Level 1:colcon.colcon_core.environment:checking '/home/habiba-elghazouly/Tsk2_ws/install/weather_interfaces/lib/pkgconfig/weather_interfaces.pc'
[3.665s] Level 1:colcon.colcon_core.environment:checking '/home/habiba-elghazouly/Tsk2_ws/install/weather_interfaces/lib/python3.12/site-packages'
[3.666s] Level 1:colcon.colcon_core.shell:create_environment_hook('weather_interfaces', 'pythonpath')
[3.666s] INFO:colcon.colcon_core.shell:Creating environment hook '/home/habiba-elghazouly/Tsk2_ws/install/weather_interfaces/share/weather_interfaces/hook/pythonpath.ps1'
[3.666s] INFO:colcon.colcon_core.shell:Creating environment descriptor '/home/habiba-elghazouly/Tsk2_ws/install/weather_interfaces/share/weather_interfaces/hook/pythonpath.dsv'
[3.667s] INFO:colcon.colcon_core.shell:Creating environment hook '/home/habiba-elghazouly/Tsk2_ws/install/weather_interfaces/share/weather_interfaces/hook/pythonpath.sh'
[3.668s] Level 1:colcon.colcon_core.environment:checking '/home/habiba-elghazouly/Tsk2_ws/install/weather_interfaces/bin'
[3.668s] INFO:colcon.colcon_core.shell:Creating package script '/home/habiba-elghazouly/Tsk2_ws/install/weather_interfaces/share/weather_interfaces/package.ps1'
[3.669s] INFO:colcon.colcon_core.shell:Creating package descriptor '/home/habiba-elghazouly/Tsk2_ws/install/weather_interfaces/share/weather_interfaces/package.dsv'
[3.669s] INFO:colcon.colcon_core.shell:Creating package script '/home/habiba-elghazouly/Tsk2_ws/install/weather_interfaces/share/weather_interfaces/package.sh'
[3.670s] INFO:colcon.colcon_core.shell:Creating package script '/home/habiba-elghazouly/Tsk2_ws/install/weather_interfaces/share/weather_interfaces/package.bash'
[3.670s] INFO:colcon.colcon_core.shell:Creating package script '/home/habiba-elghazouly/Tsk2_ws/install/weather_interfaces/share/weather_interfaces/package.zsh'
[3.670s] Level 1:colcon.colcon_core.environment:create_file_with_runtime_dependencies(/home/habiba-elghazouly/Tsk2_ws/install/weather_interfaces/share/colcon-core/packages/weather_interfaces)
[3.671s] INFO:colcon.colcon_ros.task.ament_python.build:Building ROS package in '/home/habiba-elghazouly/Tsk2_ws/src/pkg' with build type 'ament_python'
[3.671s] Level 1:colcon.colcon_core.shell:create_environment_hook('pkg', 'ament_prefix_path')
[3.671s] INFO:colcon.colcon_core.shell:Creating environment hook '/home/habiba-elghazouly/Tsk2_ws/install/pkg/share/pkg/hook/ament_prefix_path.ps1'
[3.672s] INFO:colcon.colcon_core.shell:Creating environment descriptor '/home/habiba-elghazouly/Tsk2_ws/install/pkg/share/pkg/hook/ament_prefix_path.dsv'
[3.672s] INFO:colcon.colcon_core.shell:Creating environment hook '/home/habiba-elghazouly/Tsk2_ws/install/pkg/share/pkg/hook/ament_prefix_path.sh'
[3.672s] INFO:colcon.colcon_core.shell:Skip shell extension 'powershell' for command environment: Not usable outside of PowerShell
[3.672s] DEBUG:colcon.colcon_core.shell:Skip shell extension 'dsv' for command environment
[3.908s] INFO:colcon.colcon_core.task.python.build:Building Python package in '/home/habiba-elghazouly/Tsk2_ws/src/pkg'
[3.908s] INFO:colcon.colcon_core.shell:Skip shell extension 'powershell' for command environment: Not usable outside of PowerShell
[3.908s] DEBUG:colcon.colcon_core.shell:Skip shell extension 'dsv' for command environment
[6.975s] DEBUG:colcon.colcon_core.event_handler.log_command:Invoking command in '/home/habiba-elghazouly/Tsk2_ws/src/pkg': DEBUGINFOD_URLS=https://debuginfod.ubuntu.com PYTHONPATH=/home/habiba-elghazouly/Tsk2_ws/build/pkg/prefix_override:/usr/lib/python3/dist-packages/colcon_core/task/python/colcon_distutils_commands:/home/habiba-elghazouly/Tsk2_ws/install/pkg/lib/python3.12/site-packages:/home/habiba-elghazouly/Tsk2_ws/install/weather_interfaces/lib/python3.12/site-packages:/home/habiba-elghazouly/Tsk2_ws/install/pkg/lib/python3.12/site-packages:/home/habiba-elghazouly/tsk1_ws/install/mypkg/lib/python3.12/site-packages:/home/habiba-elghazouly/ses2_ws/install/mypkg/lib/python3.12/site-packages:/home/habiba-elghazouly/ses1_ws/install/py_pkg/lib/python3.12/site-packages:/opt/ros/jazzy/lib/python3.12/site-packages /usr/bin/python3 -W ignore:setup.py install is deprecated setup.py egg_info --egg-base ../../build/pkg build --build-base /home/habiba-elghazouly/Tsk2_ws/build/pkg/build install --record /home/habiba-elghazouly/Tsk2_ws/build/pkg/install.log --single-version-externally-managed install_data
[7.501s] Level 1:colcon.colcon_core.environment:checking '/home/habiba-elghazouly/Tsk2_ws/install/pkg' for CMake module files
[7.502s] DEBUG:colcon.colcon_core.event_handler.log_command:Invoked command in '/home/habiba-elghazouly/Tsk2_ws/src/pkg' returned '0': DEBUGINFOD_URLS=https://debuginfod.ubuntu.com PYTHONPATH=/home/habiba-elghazouly/Tsk2_ws/build/pkg/prefix_override:/usr/lib/python3/dist-packages/colcon_core/task/python/colcon_distutils_commands:/home/habiba-elghazouly/Tsk2_ws/install/pkg/lib/python3.12/site-packages:/home/habiba-elghazouly/Tsk2_ws/install/weather_interfaces/lib/python3.12/site-packages:/home/habiba-elghazouly/Tsk2_ws/install/pkg/lib/python3.12/site-packages:/home/habiba-elghazouly/tsk1_ws/install/mypkg/lib/python3.12/site-packages:/home/habiba-elghazouly/ses2_ws/install/mypkg/lib/python3.12/site-packages:/home/habiba-elghazouly/ses1_ws/install/py_pkg/lib/python3.12/site-packages:/opt/ros/jazzy/lib/python3.12/site-packages /usr/bin/python3 -W ignore:setup.py install is deprecated setup.py egg_info --egg-base ../../build/pkg build --build-base /home/habiba-elghazouly/Tsk2_ws/build/pkg/build install --record /home/habiba-elghazouly/Tsk2_ws/build/pkg/install.log --single-version-externally-managed install_data
[7.502s] Level 1:colcon.colcon_core.environment:checking '/home/habiba-elghazouly/Tsk2_ws/install/pkg' for CMake config files
[7.502s] Level 1:colcon.colcon_core.environment:checking '/home/habiba-elghazouly/Tsk2_ws/install/pkg/lib'
[7.502s] Level 1:colcon.colcon_core.environment:checking '/home/habiba-elghazouly/Tsk2_ws/install/pkg/bin'
[7.502s] Level 1:colcon.colcon_core.environment:checking '/home/habiba-elghazouly/Tsk2_ws/install/pkg/lib/pkgconfig/pkg.pc'
[7.503s] Level 1:colcon.colcon_core.environment:checking '/home/habiba-elghazouly/Tsk2_ws/install/pkg/lib/python3.12/site-packages'
[7.503s] Level 1:colcon.colcon_core.shell:create_environment_hook('pkg', 'pythonpath')
[7.503s] INFO:colcon.colcon_core.shell:Creating environment hook '/home/habiba-elghazouly/Tsk2_ws/install/pkg/share/pkg/hook/pythonpath.ps1'
[7.503s] INFO:colcon.colcon_core.shell:Creating environment descriptor '/home/habiba-elghazouly/Tsk2_ws/install/pkg/share/pkg/hook/pythonpath.dsv'
[7.503s] INFO:colcon.colcon_core.shell:Creating environment hook '/home/habiba-elghazouly/Tsk2_ws/install/pkg/share/pkg/hook/pythonpath.sh'
[7.504s] Level 1:colcon.colcon_core.environment:checking '/home/habiba-elghazouly/Tsk2_ws/install/pkg/bin'
[7.504s] Level 1:colcon.colcon_core.environment:create_environment_scripts_only(pkg)
[7.504s] INFO:colcon.colcon_core.shell:Creating package script '/home/habiba-elghazouly/Tsk2_ws/install/pkg/share/pkg/package.ps1'
[7.504s] INFO:colcon.colcon_core.shell:Creating package descriptor '/home/habiba-elghazouly/Tsk2_ws/install/pkg/share/pkg/package.dsv'
[7.504s] INFO:colcon.colcon_core.shell:Creating package script '/home/habiba-elghazouly/Tsk2_ws/install/pkg/share/pkg/package.sh'
[7.504s] INFO:colcon.colcon_core.shell:Creating package script '/home/habiba-elghazouly/Tsk2_ws/install/pkg/share/pkg/package.bash'
[7.505s] INFO:colcon.colcon_core.shell:Creating package script '/home/habiba-elghazouly/Tsk2_ws/install/pkg/share/pkg/package.zsh'
[7.505s] Level 1:colcon.colcon_core.environment:create_file_with_runtime_dependencies(/home/habiba-elghazouly/Tsk2_ws/install/pkg/share/colcon-core/packages/pkg)
[7.505s] DEBUG:colcon.colcon_parallel_executor.executor.parallel:closing loop
[7.505s] DEBUG:colcon.colcon_parallel_executor.executor.parallel:loop closed
[7.505s] DEBUG:colcon.colcon_parallel_executor.executor.parallel:run_until_complete finished with '0'
[7.505s] DEBUG:colcon.colcon_core.event_reactor:joining thread
[7.543s] INFO:colcon.colcon_core.plugin_system:Skipping extension 'colcon_notification.desktop_notification.terminal_notifier': Not used on non-Darwin systems
[7.543s] INFO:colcon.colcon_core.plugin_system:Skipping extension 'colcon_notification.desktop_notification.win32': Not used on non-Windows systems
[7.544s] INFO:colcon.colcon_notification.desktop_notification:Sending desktop notification using 'notify2'
[7.601s] DEBUG:colcon.colcon_core.event_reactor:joined thread
[7.601s] INFO:colcon.colcon_core.shell:Creating prefix script '/home/habiba-elghazouly/Tsk2_ws/install/local_setup.ps1'
[7.603s] INFO:colcon.colcon_core.shell:Creating prefix util module '/home/habiba-elghazouly/Tsk2_ws/install/_local_setup_util_ps1.py'
[7.606s] INFO:colcon.colcon_core.shell:Creating prefix chain script '/home/habiba-elghazouly/Tsk2_ws/install/setup.ps1'
[7.609s] INFO:colcon.colcon_core.shell:Creating prefix script '/home/habiba-elghazouly/Tsk2_ws/install/local_setup.sh'
[7.612s] INFO:colcon.colcon_core.shell:Creating prefix util module '/home/habiba-elghazouly/Tsk2_ws/install/_local_setup_util_sh.py'
[7.613s] INFO:colcon.colcon_core.shell:Creating prefix chain script '/home/habiba-elghazouly/Tsk2_ws/install/setup.sh'
[7.615s] INFO:colcon.colcon_core.shell:Creating prefix script '/home/habiba-elghazouly/Tsk2_ws/install/local_setup.bash'
[7.694s] INFO:colcon.colcon_core.shell:Creating prefix chain script '/home/habiba-elghazouly/Tsk2_ws/install/setup.bash'
[7.696s] INFO:colcon.colcon_core.shell:Creating prefix script '/home/habiba-elghazouly/Tsk2_ws/install/local_setup.zsh'
[7.697s] INFO:colcon.colcon_core.shell:Creating prefix chain script '/home/habiba-elghazouly/Tsk2_ws/install/setup.zsh'
