[0.493s] Invoking command in '/home/habiba-elghazouly/Tsk2_ws/src/pkg': DEBUGINFOD_URLS=https://debuginfod.ubuntu.com PYTHONPATH=/home/habiba-elghazouly/Tsk2_ws/build/pkg/prefix_override:/usr/lib/python3/dist-packages/colcon_core/task/python/colcon_distutils_commands:/home/habiba-elghazouly/Tsk2_ws/install/pkg/lib/python3.12/site-packages:${PYTHONPATH} /usr/bin/python3 -W ignore:setup.py install is deprecated setup.py egg_info --egg-base ../../build/pkg build --build-base /home/habiba-elghazouly/Tsk2_ws/build/pkg/build install --record /home/habiba-elghazouly/Tsk2_ws/build/pkg/install.log --single-version-externally-managed install_data
[0.666s] running egg_info
[0.678s] writing ../../build/pkg/pkg.egg-info/PKG-INFO
[0.678s] writing dependency_links to ../../build/pkg/pkg.egg-info/dependency_links.txt
[0.678s] writing entry points to ../../build/pkg/pkg.egg-info/entry_points.txt
[0.678s] writing requirements to ../../build/pkg/pkg.egg-info/requires.txt
[0.678s] writing top-level names to ../../build/pkg/pkg.egg-info/top_level.txt
[0.701s] reading manifest file '../../build/pkg/pkg.egg-info/SOURCES.txt'
[0.701s] writing manifest file '../../build/pkg/pkg.egg-info/SOURCES.txt'
[0.702s] running build
[0.702s] running build_py
[0.702s] copying pkg/onfield.py -> /home/habiba-elghazouly/Tsk2_ws/build/pkg/build/lib/pkg
[0.702s] running install
[0.707s] running install_lib
[0.718s] copying /home/habiba-elghazouly/Tsk2_ws/build/pkg/build/lib/pkg/onfield.py -> /home/habiba-elghazouly/Tsk2_ws/install/pkg/lib/python3.12/site-packages/pkg
[0.719s] byte-compiling /home/habiba-elghazouly/Tsk2_ws/install/pkg/lib/python3.12/site-packages/pkg/onfield.py to onfield.cpython-312.pyc
[0.719s] running install_data
[0.719s] running install_egg_info
[0.732s] removing '/home/habiba-elghazouly/Tsk2_ws/install/pkg/lib/python3.12/site-packages/pkg-0.0.0-py3.12.egg-info' (and everything under it)
[0.732s] Copying ../../build/pkg/pkg.egg-info to /home/habiba-elghazouly/Tsk2_ws/install/pkg/lib/python3.12/site-packages/pkg-0.0.0-py3.12.egg-info
[0.732s] running install_scripts
[0.811s] Installing onfield script to /home/habiba-elghazouly/Tsk2_ws/install/pkg/lib/pkg
[0.811s] writing list of installed files to '/home/habiba-elghazouly/Tsk2_ws/build/pkg/install.log'
[0.828s] Invoked command in '/home/habiba-elghazouly/Tsk2_ws/src/pkg' returned '0': DEBUGINFOD_URLS=https://debuginfod.ubuntu.com PYTHONPATH=/home/habiba-elghazouly/Tsk2_ws/build/pkg/prefix_override:/usr/lib/python3/dist-packages/colcon_core/task/python/colcon_distutils_commands:/home/habiba-elghazouly/Tsk2_ws/install/pkg/lib/python3.12/site-packages:${PYTHONPATH} /usr/bin/python3 -W ignore:setup.py install is deprecated setup.py egg_info --egg-base ../../build/pkg build --build-base /home/habiba-elghazouly/Tsk2_ws/build/pkg/build install --record /home/habiba-elghazouly/Tsk2_ws/build/pkg/install.log --single-version-externally-managed install_data
