[0.036s] Invoking command in '/home/habiba-elghazouly/Tsk2_ws/build/weather_interfaces': CMAKE_PREFIX_PATH=${CMAKE_PREFIX_PATH}:/home/habiba-elghazouly/Tsk2_ws/install/pkg:/home/habiba-elghazouly/tsk1_ws/install/mypkg:/home/habiba-elghazouly/ses2_ws/install/mypkg:/home/habiba-elghazouly/ses1_ws/install/py_pkg:/opt/ros/jazzy DEBUGINFOD_URLS=https://debuginfod.ubuntu.com /usr/bin/cmake --build /home/habiba-elghazouly/Tsk2_ws/build/weather_interfaces -- -j8 -l8
[0.854s] [  2%] Built target weather_interfaces__rosidl_generator_type_description
[0.880s] [  5%] Built target weather_interfaces__cpp
[0.881s] [  5%] Built target ament_cmake_python_copy_weather_interfaces
[0.950s] [ 20%] Built target weather_interfaces__rosidl_generator_c
[1.025s] [ 29%] Built target weather_interfaces__rosidl_typesupport_introspection_c
[1.069s] [ 38%] Built target weather_interfaces__rosidl_typesupport_c
[1.069s] running egg_info
[1.082s] writing weather_interfaces.egg-info/PKG-INFO
[1.083s] writing dependency_links to weather_interfaces.egg-info/dependency_links.txt
[1.083s] writing top-level names to weather_interfaces.egg-info/top_level.txt
[1.139s] [ 64%] Built target weather_interfaces__rosidl_typesupport_fastrtps_c
[1.139s] [ 64%] Built target weather_interfaces__rosidl_typesupport_fastrtps_cpp
[1.139s] [ 64%] Built target weather_interfaces__rosidl_typesupport_introspection_cpp
[1.141s] [ 73%] Built target weather_interfaces__rosidl_typesupport_cpp
[1.145s] reading manifest file 'weather_interfaces.egg-info/SOURCES.txt'
[1.155s] [ 73%] Built target weather_interfaces
[1.170s] [ 76%] Built target weather_interfaces__py
[1.180s] writing manifest file 'weather_interfaces.egg-info/SOURCES.txt'
[1.204s] [ 76%] Built target ament_cmake_python_build_weather_interfaces_egg
[1.280s] [ 82%] Built target weather_interfaces__rosidl_generator_py
[1.312s] [ 94%] Built target weather_interfaces_s__rosidl_typesupport_fastrtps_c
[1.312s] [ 94%] Built target weather_interfaces_s__rosidl_typesupport_introspection_c
[1.322s] [100%] Built target weather_interfaces_s__rosidl_typesupport_c
[1.329s] Invoked command in '/home/habiba-elghazouly/Tsk2_ws/build/weather_interfaces' returned '0': CMAKE_PREFIX_PATH=${CMAKE_PREFIX_PATH}:/home/habiba-elghazouly/Tsk2_ws/install/pkg:/home/habiba-elghazouly/tsk1_ws/install/mypkg:/home/habiba-elghazouly/ses2_ws/install/mypkg:/home/habiba-elghazouly/ses1_ws/install/py_pkg:/opt/ros/jazzy DEBUGINFOD_URLS=https://debuginfod.ubuntu.com /usr/bin/cmake --build /home/habiba-elghazouly/Tsk2_ws/build/weather_interfaces -- -j8 -l8
[1.431s] Invoking command in '/home/habiba-elghazouly/Tsk2_ws/build/weather_interfaces': CMAKE_PREFIX_PATH=${CMAKE_PREFIX_PATH}:/home/habiba-elghazouly/Tsk2_ws/install/pkg:/home/habiba-elghazouly/tsk1_ws/install/mypkg:/home/habiba-elghazouly/ses2_ws/install/mypkg:/home/habiba-elghazouly/ses1_ws/install/py_pkg:/opt/ros/jazzy DEBUGINFOD_URLS=https://debuginfod.ubuntu.com /usr/bin/cmake --install /home/habiba-elghazouly/Tsk2_ws/build/weather_interfaces
[1.445s] -- Install configuration: ""
[1.446s] -- Up-to-date: /home/habiba-elghazouly/Tsk2_ws/install/weather_interfaces/share/ament_index/resource_index/rosidl_interfaces/weather_interfaces
[1.446s] -- Up-to-date: /home/habiba-elghazouly/Tsk2_ws/install/weather_interfaces/share/weather_interfaces/srv/DataCheck.json
[1.446s] -- Up-to-date: /home/habiba-elghazouly/Tsk2_ws/install/weather_interfaces/include/weather_interfaces/weather_interfaces
[1.446s] -- Up-to-date: /home/habiba-elghazouly/Tsk2_ws/install/weather_interfaces/include/weather_interfaces/weather_interfaces/msg
[1.446s] -- Up-to-date: /home/habiba-elghazouly/Tsk2_ws/install/weather_interfaces/include/weather_interfaces/weather_interfaces/msg/rosidl_generator_c__visibility_control.h
[1.446s] -- Up-to-date: /home/habiba-elghazouly/Tsk2_ws/install/weather_interfaces/include/weather_interfaces/weather_interfaces/srv
[1.447s] -- Up-to-date: /home/habiba-elghazouly/Tsk2_ws/install/weather_interfaces/include/weather_interfaces/weather_interfaces/srv/detail
[1.447s] -- Up-to-date: /home/habiba-elghazouly/Tsk2_ws/install/weather_interfaces/include/weather_interfaces/weather_interfaces/srv/detail/data_check__functions.c
[1.447s] -- Up-to-date: /home/habiba-elghazouly/Tsk2_ws/install/weather_interfaces/include/weather_interfaces/weather_interfaces/srv/detail/data_check__struct.h
[1.447s] -- Up-to-date: /home/habiba-elghazouly/Tsk2_ws/install/weather_interfaces/include/weather_interfaces/weather_interfaces/srv/detail/data_check__description.c
[1.447s] -- Up-to-date: /home/habiba-elghazouly/Tsk2_ws/install/weather_interfaces/include/weather_interfaces/weather_interfaces/srv/detail/data_check__functions.h
[1.447s] -- Up-to-date: /home/habiba-elghazouly/Tsk2_ws/install/weather_interfaces/include/weather_interfaces/weather_interfaces/srv/detail/data_check__type_support.c
[1.447s] -- Up-to-date: /home/habiba-elghazouly/Tsk2_ws/install/weather_interfaces/include/weather_interfaces/weather_interfaces/srv/detail/data_check__type_support.h
[1.447s] -- Up-to-date: /home/habiba-elghazouly/Tsk2_ws/install/weather_interfaces/include/weather_interfaces/weather_interfaces/srv/data_check.h
[1.448s] -- Up-to-date: /home/habiba-elghazouly/Tsk2_ws/install/weather_interfaces/share/weather_interfaces/environment/library_path.sh
[1.448s] -- Up-to-date: /home/habiba-elghazouly/Tsk2_ws/install/weather_interfaces/share/weather_interfaces/environment/library_path.dsv
[1.448s] -- Up-to-date: /home/habiba-elghazouly/Tsk2_ws/install/weather_interfaces/lib/libweather_interfaces__rosidl_generator_c.so
[1.448s] -- Up-to-date: /home/habiba-elghazouly/Tsk2_ws/install/weather_interfaces/include/weather_interfaces/weather_interfaces
[1.448s] -- Up-to-date: /home/habiba-elghazouly/Tsk2_ws/install/weather_interfaces/include/weather_interfaces/weather_interfaces/msg
[1.448s] -- Up-to-date: /home/habiba-elghazouly/Tsk2_ws/install/weather_interfaces/include/weather_interfaces/weather_interfaces/msg/rosidl_typesupport_fastrtps_c__visibility_control.h
[1.448s] -- Up-to-date: /home/habiba-elghazouly/Tsk2_ws/install/weather_interfaces/include/weather_interfaces/weather_interfaces/srv
[1.449s] -- Up-to-date: /home/habiba-elghazouly/Tsk2_ws/install/weather_interfaces/include/weather_interfaces/weather_interfaces/srv/detail
[1.449s] -- Up-to-date: /home/habiba-elghazouly/Tsk2_ws/install/weather_interfaces/include/weather_interfaces/weather_interfaces/srv/detail/data_check__rosidl_typesupport_fastrtps_c.h
[1.449s] -- Up-to-date: /home/habiba-elghazouly/Tsk2_ws/install/weather_interfaces/lib/libweather_interfaces__rosidl_typesupport_fastrtps_c.so
[1.449s] -- Up-to-date: /home/habiba-elghazouly/Tsk2_ws/install/weather_interfaces/include/weather_interfaces/weather_interfaces
[1.449s] -- Up-to-date: /home/habiba-elghazouly/Tsk2_ws/install/weather_interfaces/include/weather_interfaces/weather_interfaces/msg
[1.449s] -- Up-to-date: /home/habiba-elghazouly/Tsk2_ws/install/weather_interfaces/include/weather_interfaces/weather_interfaces/msg/rosidl_typesupport_introspection_c__visibility_control.h
[1.449s] -- Up-to-date: /home/habiba-elghazouly/Tsk2_ws/install/weather_interfaces/include/weather_interfaces/weather_interfaces/srv
[1.449s] -- Up-to-date: /home/habiba-elghazouly/Tsk2_ws/install/weather_interfaces/include/weather_interfaces/weather_interfaces/srv/detail
[1.449s] -- Up-to-date: /home/habiba-elghazouly/Tsk2_ws/install/weather_interfaces/include/weather_interfaces/weather_interfaces/srv/detail/data_check__rosidl_typesupport_introspection_c.h
[1.449s] -- Up-to-date: /home/habiba-elghazouly/Tsk2_ws/install/weather_interfaces/include/weather_interfaces/weather_interfaces/srv/detail/data_check__type_support.c
[1.449s] -- Up-to-date: /home/habiba-elghazouly/Tsk2_ws/install/weather_interfaces/lib/libweather_interfaces__rosidl_typesupport_introspection_c.so
[1.450s] -- Up-to-date: /home/habiba-elghazouly/Tsk2_ws/install/weather_interfaces/lib/libweather_interfaces__rosidl_typesupport_c.so
[1.450s] -- Up-to-date: /home/habiba-elghazouly/Tsk2_ws/install/weather_interfaces/include/weather_interfaces/weather_interfaces
[1.450s] -- Up-to-date: /home/habiba-elghazouly/Tsk2_ws/install/weather_interfaces/include/weather_interfaces/weather_interfaces/msg
[1.450s] -- Up-to-date: /home/habiba-elghazouly/Tsk2_ws/install/weather_interfaces/include/weather_interfaces/weather_interfaces/msg/rosidl_generator_cpp__visibility_control.hpp
[1.450s] -- Up-to-date: /home/habiba-elghazouly/Tsk2_ws/install/weather_interfaces/include/weather_interfaces/weather_interfaces/srv
[1.450s] -- Up-to-date: /home/habiba-elghazouly/Tsk2_ws/install/weather_interfaces/include/weather_interfaces/weather_interfaces/srv/data_check.hpp
[1.450s] -- Up-to-date: /home/habiba-elghazouly/Tsk2_ws/install/weather_interfaces/include/weather_interfaces/weather_interfaces/srv/detail
[1.450s] -- Up-to-date: /home/habiba-elghazouly/Tsk2_ws/install/weather_interfaces/include/weather_interfaces/weather_interfaces/srv/detail/data_check__builder.hpp
[1.450s] -- Up-to-date: /home/habiba-elghazouly/Tsk2_ws/install/weather_interfaces/include/weather_interfaces/weather_interfaces/srv/detail/data_check__struct.hpp
[1.450s] -- Up-to-date: /home/habiba-elghazouly/Tsk2_ws/install/weather_interfaces/include/weather_interfaces/weather_interfaces/srv/detail/data_check__traits.hpp
[1.450s] -- Up-to-date: /home/habiba-elghazouly/Tsk2_ws/install/weather_interfaces/include/weather_interfaces/weather_interfaces/srv/detail/data_check__type_support.hpp
[1.450s] -- Up-to-date: /home/habiba-elghazouly/Tsk2_ws/install/weather_interfaces/include/weather_interfaces/weather_interfaces
[1.450s] -- Up-to-date: /home/habiba-elghazouly/Tsk2_ws/install/weather_interfaces/include/weather_interfaces/weather_interfaces/msg
[1.450s] -- Up-to-date: /home/habiba-elghazouly/Tsk2_ws/install/weather_interfaces/include/weather_interfaces/weather_interfaces/msg/rosidl_typesupport_fastrtps_cpp__visibility_control.h
[1.450s] -- Up-to-date: /home/habiba-elghazouly/Tsk2_ws/install/weather_interfaces/include/weather_interfaces/weather_interfaces/srv
[1.451s] -- Up-to-date: /home/habiba-elghazouly/Tsk2_ws/install/weather_interfaces/include/weather_interfaces/weather_interfaces/srv/detail
[1.451s] -- Up-to-date: /home/habiba-elghazouly/Tsk2_ws/install/weather_interfaces/include/weather_interfaces/weather_interfaces/srv/detail/data_check__rosidl_typesupport_fastrtps_cpp.hpp
[1.451s] -- Up-to-date: /home/habiba-elghazouly/Tsk2_ws/install/weather_interfaces/include/weather_interfaces/weather_interfaces/srv/detail/dds_fastrtps
[1.461s] -- Up-to-date: /home/habiba-elghazouly/Tsk2_ws/install/weather_interfaces/lib/libweather_interfaces__rosidl_typesupport_fastrtps_cpp.so
[1.461s] -- Up-to-date: /home/habiba-elghazouly/Tsk2_ws/install/weather_interfaces/include/weather_interfaces/weather_interfaces
[1.461s] -- Up-to-date: /home/habiba-elghazouly/Tsk2_ws/install/weather_interfaces/include/weather_interfaces/weather_interfaces/srv
[1.461s] -- Up-to-date: /home/habiba-elghazouly/Tsk2_ws/install/weather_interfaces/include/weather_interfaces/weather_interfaces/srv/detail
[1.461s] -- Up-to-date: /home/habiba-elghazouly/Tsk2_ws/install/weather_interfaces/include/weather_interfaces/weather_interfaces/srv/detail/data_check__rosidl_typesupport_introspection_cpp.hpp
[1.461s] -- Up-to-date: /home/habiba-elghazouly/Tsk2_ws/install/weather_interfaces/include/weather_interfaces/weather_interfaces/srv/detail/data_check__type_support.cpp
[1.494s] -- Up-to-date: /home/habiba-elghazouly/Tsk2_ws/install/weather_interfaces/lib/libweather_interfaces__rosidl_typesupport_introspection_cpp.so
[1.516s] -- Up-to-date: /home/habiba-elghazouly/Tsk2_ws/install/weather_interfaces/lib/libweather_interfaces__rosidl_typesupport_cpp.so
[1.516s] -- Up-to-date: /home/habiba-elghazouly/Tsk2_ws/install/weather_interfaces/share/weather_interfaces/environment/pythonpath.sh
[1.516s] -- Up-to-date: /home/habiba-elghazouly/Tsk2_ws/install/weather_interfaces/share/weather_interfaces/environment/pythonpath.dsv
[1.516s] -- Up-to-date: /home/habiba-elghazouly/Tsk2_ws/install/weather_interfaces/lib/python3.12/site-packages/weather_interfaces-0.0.0-py3.12.egg-info
[1.516s] -- Installing: /home/habiba-elghazouly/Tsk2_ws/install/weather_interfaces/lib/python3.12/site-packages/weather_interfaces-0.0.0-py3.12.egg-info/PKG-INFO
[1.517s] -- Installing: /home/habiba-elghazouly/Tsk2_ws/install/weather_interfaces/lib/python3.12/site-packages/weather_interfaces-0.0.0-py3.12.egg-info/SOURCES.txt
[1.517s] -- Installing: /home/habiba-elghazouly/Tsk2_ws/install/weather_interfaces/lib/python3.12/site-packages/weather_interfaces-0.0.0-py3.12.egg-info/top_level.txt
[1.517s] -- Installing: /home/habiba-elghazouly/Tsk2_ws/install/weather_interfaces/lib/python3.12/site-packages/weather_interfaces-0.0.0-py3.12.egg-info/dependency_links.txt
[1.517s] -- Up-to-date: /home/habiba-elghazouly/Tsk2_ws/install/weather_interfaces/lib/python3.12/site-packages/weather_interfaces
[1.518s] -- Up-to-date: /home/habiba-elghazouly/Tsk2_ws/install/weather_interfaces/lib/python3.12/site-packages/weather_interfaces/_weather_interfaces_s.ep.rosidl_typesupport_c.c
[1.518s] -- Up-to-date: /home/habiba-elghazouly/Tsk2_ws/install/weather_interfaces/lib/python3.12/site-packages/weather_interfaces/_weather_interfaces_s.ep.rosidl_typesupport_introspection_c.c
[1.518s] -- Up-to-date: /home/habiba-elghazouly/Tsk2_ws/install/weather_interfaces/lib/python3.12/site-packages/weather_interfaces/weather_interfaces_s__rosidl_typesupport_fastrtps_c.so
[1.518s] -- Up-to-date: /home/habiba-elghazouly/Tsk2_ws/install/weather_interfaces/lib/python3.12/site-packages/weather_interfaces/__init__.py
[1.518s] -- Up-to-date: /home/habiba-elghazouly/Tsk2_ws/install/weather_interfaces/lib/python3.12/site-packages/weather_interfaces/weather_interfaces_s__rosidl_typesupport_introspection_c.so
[1.518s] -- Up-to-date: /home/habiba-elghazouly/Tsk2_ws/install/weather_interfaces/lib/python3.12/site-packages/weather_interfaces/srv
[1.519s] -- Up-to-date: /home/habiba-elghazouly/Tsk2_ws/install/weather_interfaces/lib/python3.12/site-packages/weather_interfaces/srv/_data_check.py
[1.519s] -- Up-to-date: /home/habiba-elghazouly/Tsk2_ws/install/weather_interfaces/lib/python3.12/site-packages/weather_interfaces/srv/_data_check_s.c
[1.519s] -- Up-to-date: /home/habiba-elghazouly/Tsk2_ws/install/weather_interfaces/lib/python3.12/site-packages/weather_interfaces/srv/__init__.py
[1.519s] -- Up-to-date: /home/habiba-elghazouly/Tsk2_ws/install/weather_interfaces/lib/python3.12/site-packages/weather_interfaces/weather_interfaces_s__rosidl_typesupport_c.so
[1.519s] -- Up-to-date: /home/habiba-elghazouly/Tsk2_ws/install/weather_interfaces/lib/python3.12/site-packages/weather_interfaces/_weather_interfaces_s.ep.rosidl_typesupport_fastrtps_c.c
[1.557s] Listing '/home/habiba-elghazouly/Tsk2_ws/install/weather_interfaces/lib/python3.12/site-packages/weather_interfaces'...
[1.557s] Listing '/home/habiba-elghazouly/Tsk2_ws/install/weather_interfaces/lib/python3.12/site-packages/weather_interfaces/srv'...
[1.560s] -- Up-to-date: /home/habiba-elghazouly/Tsk2_ws/install/weather_interfaces/lib/python3.12/site-packages/weather_interfaces/weather_interfaces_s__rosidl_typesupport_fastrtps_c.so
[1.561s] -- Up-to-date: /home/habiba-elghazouly/Tsk2_ws/install/weather_interfaces/lib/python3.12/site-packages/weather_interfaces/weather_interfaces_s__rosidl_typesupport_introspection_c.so
[1.561s] -- Up-to-date: /home/habiba-elghazouly/Tsk2_ws/install/weather_interfaces/lib/python3.12/site-packages/weather_interfaces/weather_interfaces_s__rosidl_typesupport_c.so
[1.586s] -- Up-to-date: /home/habiba-elghazouly/Tsk2_ws/install/weather_interfaces/lib/libweather_interfaces__rosidl_generator_py.so
[1.587s] -- Up-to-date: /home/habiba-elghazouly/Tsk2_ws/install/weather_interfaces/share/weather_interfaces/srv/DataCheck.idl
[1.587s] -- Up-to-date: /home/habiba-elghazouly/Tsk2_ws/install/weather_interfaces/share/weather_interfaces/srv/DataCheck.srv
[1.587s] -- Up-to-date: /home/habiba-elghazouly/Tsk2_ws/install/weather_interfaces/share/ament_index/resource_index/package_run_dependencies/weather_interfaces
[1.587s] -- Up-to-date: /home/habiba-elghazouly/Tsk2_ws/install/weather_interfaces/share/ament_index/resource_index/parent_prefix_path/weather_interfaces
[1.587s] -- Up-to-date: /home/habiba-elghazouly/Tsk2_ws/install/weather_interfaces/share/weather_interfaces/environment/ament_prefix_path.sh
[1.588s] -- Up-to-date: /home/habiba-elghazouly/Tsk2_ws/install/weather_interfaces/share/weather_interfaces/environment/ament_prefix_path.dsv
[1.588s] -- Up-to-date: /home/habiba-elghazouly/Tsk2_ws/install/weather_interfaces/share/weather_interfaces/environment/path.sh
[1.588s] -- Up-to-date: /home/habiba-elghazouly/Tsk2_ws/install/weather_interfaces/share/weather_interfaces/environment/path.dsv
[1.588s] -- Up-to-date: /home/habiba-elghazouly/Tsk2_ws/install/weather_interfaces/share/weather_interfaces/local_setup.bash
[1.588s] -- Up-to-date: /home/habiba-elghazouly/Tsk2_ws/install/weather_interfaces/share/weather_interfaces/local_setup.sh
[1.588s] -- Up-to-date: /home/habiba-elghazouly/Tsk2_ws/install/weather_interfaces/share/weather_interfaces/local_setup.zsh
[1.588s] -- Up-to-date: /home/habiba-elghazouly/Tsk2_ws/install/weather_interfaces/share/weather_interfaces/local_setup.dsv
[1.589s] -- Installing: /home/habiba-elghazouly/Tsk2_ws/install/weather_interfaces/share/weather_interfaces/package.dsv
[1.589s] -- Up-to-date: /home/habiba-elghazouly/Tsk2_ws/install/weather_interfaces/share/ament_index/resource_index/packages/weather_interfaces
[1.590s] -- Up-to-date: /home/habiba-elghazouly/Tsk2_ws/install/weather_interfaces/share/weather_interfaces/cmake/export_weather_interfaces__rosidl_generator_cExport.cmake
[1.590s] -- Up-to-date: /home/habiba-elghazouly/Tsk2_ws/install/weather_interfaces/share/weather_interfaces/cmake/export_weather_interfaces__rosidl_generator_cExport-noconfig.cmake
[1.590s] -- Up-to-date: /home/habiba-elghazouly/Tsk2_ws/install/weather_interfaces/share/weather_interfaces/cmake/export_weather_interfaces__rosidl_typesupport_fastrtps_cExport.cmake
[1.590s] -- Up-to-date: /home/habiba-elghazouly/Tsk2_ws/install/weather_interfaces/share/weather_interfaces/cmake/export_weather_interfaces__rosidl_typesupport_fastrtps_cExport-noconfig.cmake
[1.591s] -- Up-to-date: /home/habiba-elghazouly/Tsk2_ws/install/weather_interfaces/share/weather_interfaces/cmake/weather_interfaces__rosidl_typesupport_introspection_cExport.cmake
[1.591s] -- Up-to-date: /home/habiba-elghazouly/Tsk2_ws/install/weather_interfaces/share/weather_interfaces/cmake/weather_interfaces__rosidl_typesupport_introspection_cExport-noconfig.cmake
[1.591s] -- Up-to-date: /home/habiba-elghazouly/Tsk2_ws/install/weather_interfaces/share/weather_interfaces/cmake/weather_interfaces__rosidl_typesupport_cExport.cmake
[1.591s] -- Up-to-date: /home/habiba-elghazouly/Tsk2_ws/install/weather_interfaces/share/weather_interfaces/cmake/weather_interfaces__rosidl_typesupport_cExport-noconfig.cmake
[1.591s] -- Up-to-date: /home/habiba-elghazouly/Tsk2_ws/install/weather_interfaces/share/weather_interfaces/cmake/export_weather_interfaces__rosidl_generator_cppExport.cmake
[1.592s] -- Up-to-date: /home/habiba-elghazouly/Tsk2_ws/install/weather_interfaces/share/weather_interfaces/cmake/export_weather_interfaces__rosidl_typesupport_fastrtps_cppExport.cmake
[1.592s] -- Up-to-date: /home/habiba-elghazouly/Tsk2_ws/install/weather_interfaces/share/weather_interfaces/cmake/export_weather_interfaces__rosidl_typesupport_fastrtps_cppExport-noconfig.cmake
[1.592s] -- Up-to-date: /home/habiba-elghazouly/Tsk2_ws/install/weather_interfaces/share/weather_interfaces/cmake/weather_interfaces__rosidl_typesupport_introspection_cppExport.cmake
[1.592s] -- Up-to-date: /home/habiba-elghazouly/Tsk2_ws/install/weather_interfaces/share/weather_interfaces/cmake/weather_interfaces__rosidl_typesupport_introspection_cppExport-noconfig.cmake
[1.592s] -- Up-to-date: /home/habiba-elghazouly/Tsk2_ws/install/weather_interfaces/share/weather_interfaces/cmake/weather_interfaces__rosidl_typesupport_cppExport.cmake
[1.592s] -- Up-to-date: /home/habiba-elghazouly/Tsk2_ws/install/weather_interfaces/share/weather_interfaces/cmake/weather_interfaces__rosidl_typesupport_cppExport-noconfig.cmake
[1.592s] -- Up-to-date: /home/habiba-elghazouly/Tsk2_ws/install/weather_interfaces/share/weather_interfaces/cmake/export_weather_interfaces__rosidl_generator_pyExport.cmake
[1.592s] -- Up-to-date: /home/habiba-elghazouly/Tsk2_ws/install/weather_interfaces/share/weather_interfaces/cmake/export_weather_interfaces__rosidl_generator_pyExport-noconfig.cmake
[1.593s] -- Up-to-date: /home/habiba-elghazouly/Tsk2_ws/install/weather_interfaces/share/weather_interfaces/cmake/rosidl_cmake-extras.cmake
[1.593s] -- Up-to-date: /home/habiba-elghazouly/Tsk2_ws/install/weather_interfaces/share/weather_interfaces/cmake/ament_cmake_export_dependencies-extras.cmake
[1.593s] -- Up-to-date: /home/habiba-elghazouly/Tsk2_ws/install/weather_interfaces/share/weather_interfaces/cmake/ament_cmake_export_include_directories-extras.cmake
[1.593s] -- Up-to-date: /home/habiba-elghazouly/Tsk2_ws/install/weather_interfaces/share/weather_interfaces/cmake/ament_cmake_export_libraries-extras.cmake
[1.593s] -- Up-to-date: /home/habiba-elghazouly/Tsk2_ws/install/weather_interfaces/share/weather_interfaces/cmake/ament_cmake_export_targets-extras.cmake
[1.593s] -- Up-to-date: /home/habiba-elghazouly/Tsk2_ws/install/weather_interfaces/share/weather_interfaces/cmake/rosidl_cmake_export_typesupport_targets-extras.cmake
[1.593s] -- Up-to-date: /home/habiba-elghazouly/Tsk2_ws/install/weather_interfaces/share/weather_interfaces/cmake/rosidl_cmake_export_typesupport_libraries-extras.cmake
[1.593s] -- Up-to-date: /home/habiba-elghazouly/Tsk2_ws/install/weather_interfaces/share/weather_interfaces/cmake/weather_interfacesConfig.cmake
[1.593s] -- Up-to-date: /home/habiba-elghazouly/Tsk2_ws/install/weather_interfaces/share/weather_interfaces/cmake/weather_interfacesConfig-version.cmake
[1.593s] -- Up-to-date: /home/habiba-elghazouly/Tsk2_ws/install/weather_interfaces/share/weather_interfaces/package.xml
[1.594s] Invoked command in '/home/habiba-elghazouly/Tsk2_ws/build/weather_interfaces' returned '0': CMAKE_PREFIX_PATH=${CMAKE_PREFIX_PATH}:/home/habiba-elghazouly/Tsk2_ws/install/pkg:/home/habiba-elghazouly/tsk1_ws/install/mypkg:/home/habiba-elghazouly/ses2_ws/install/mypkg:/home/habiba-elghazouly/ses1_ws/install/py_pkg:/opt/ros/jazzy DEBUGINFOD_URLS=https://debuginfod.ubuntu.com /usr/bin/cmake --install /home/habiba-elghazouly/Tsk2_ws/build/weather_interfaces
