running egg_info
creating ../../build/pkg/pkg.egg-info
writing ../../build/pkg/pkg.egg-info/PKG-INFO
writing dependency_links to ../../build/pkg/pkg.egg-info/dependency_links.txt
writing requirements to ../../build/pkg/pkg.egg-info/requires.txt
writing top-level names to ../../build/pkg/pkg.egg-info/top_level.txt
writing manifest file '../../build/pkg/pkg.egg-info/SOURCES.txt'
reading manifest file '../../build/pkg/pkg.egg-info/SOURCES.txt'
writing manifest file '../../build/pkg/pkg.egg-info/SOURCES.txt'
running build
running build_py
creating /home/habiba-elghazouly/Tsk2_ws/build/pkg/build
creating /home/habiba-elghazouly/Tsk2_ws/build/pkg/build/lib
creating /home/habiba-elghazouly/Tsk2_ws/build/pkg/build/lib/pkg
copying pkg/__init__.py -> /home/habiba-elghazouly/Tsk2_ws/build/pkg/build/lib/pkg
running install
running install_lib
creating /home/habiba-elghazouly/Tsk2_ws/install/pkg/lib/python3.12/site-packages/pkg
copying /home/habiba-elghazouly/Tsk2_ws/build/pkg/build/lib/pkg/__init__.py -> /home/habiba-elghazouly/Tsk2_ws/install/pkg/lib/python3.12/site-packages/pkg
byte-compiling /home/habiba-elghazouly/Tsk2_ws/install/pkg/lib/python3.12/site-packages/pkg/__init__.py to __init__.cpython-312.pyc
running install_data
creating /home/habiba-elghazouly/Tsk2_ws/install/pkg/share/ament_index
creating /home/habiba-elghazouly/Tsk2_ws/install/pkg/share/ament_index/resource_index
creating /home/habiba-elghazouly/Tsk2_ws/install/pkg/share/ament_index/resource_index/packages
copying resource/pkg -> /home/habiba-elghazouly/Tsk2_ws/install/pkg/share/ament_index/resource_index/packages
copying package.xml -> /home/habiba-elghazouly/Tsk2_ws/install/pkg/share/pkg
running install_egg_info
Copying ../../build/pkg/pkg.egg-info to /home/habiba-elghazouly/Tsk2_ws/install/pkg/lib/python3.12/site-packages/pkg-0.0.0-py3.12.egg-info
running install_scripts
writing list of installed files to '/home/habiba-elghazouly/Tsk2_ws/build/pkg/install.log'
