[0.295s] DEBUG:colcon:Command line arguments: ['/usr/bin/colcon', 'build']
[0.295s] DEBUG:colcon:Parsed command line arguments: Namespace(log_base=None, log_level=None, verb_name='build', build_base='build', install_base='install', merge_install=False, symlink_install=False, test_result_base=None, continue_on_error=False, executor='parallel', parallel_workers=8, event_handlers=None, ignore_user_meta=False, metas=['./colcon.meta'], base_paths=['.'], packages_ignore=None, packages_ignore_regex=None, paths=None, packages_up_to=None, packages_up_to_regex=None, packages_above=None, packages_above_and_dependencies=None, packages_above_depth=None, packages_select_by_dep=None, packages_skip_by_dep=None, packages_skip_up_to=None, packages_select_build_failed=False, packages_skip_build_finished=False, packages_select_test_failures=False, packages_skip_test_passed=False, packages_select=None, packages_skip=None, packages_select_regex=None, packages_skip_regex=None, packages_start=None, packages_end=None, allow_overriding=[], cmake_args=None, cmake_target=None, cmake_target_skip_unavailable=False, cmake_clean_cache=False, cmake_clean_first=False, cmake_force_configure=False, ament_cmake_args=None, catkin_cmake_args=None, catkin_skip_building_tests=False, mixin_files=None, mixin=None, verb_parser=<colcon_mixin.mixin.mixin_argument.MixinArgumentDecorator object at 0x78ed1178a1e0>, verb_extension=<colcon_core.verb.build.BuildVerb object at 0x78ed118a86b0>, main=<bound method BuildVerb.main of <colcon_core.verb.build.BuildVerb object at 0x78ed118a86b0>>, mixin_verb=('build',))
[0.490s] Level 1:colcon.colcon_core.package_discovery:discover_packages(colcon_meta) check parameters
[0.490s] Level 1:colcon.colcon_core.package_discovery:discover_packages(recursive) check parameters
[0.490s] Level 1:colcon.colcon_core.package_discovery:discover_packages(ignore) check parameters
[0.490s] Level 1:colcon.colcon_core.package_discovery:discover_packages(path) check parameters
[0.490s] Level 1:colcon.colcon_core.package_discovery:discover_packages(colcon_meta) discover
[0.490s] Level 1:colcon.colcon_core.package_discovery:discover_packages(recursive) discover
[0.490s] INFO:colcon.colcon_core.package_discovery:Crawling recursively for packages in '/home/habiba-elghazouly/Tsk2_ws'
[0.490s] Level 1:colcon.colcon_core.package_identification:_identify(.) by extensions ['ignore', 'ignore_ament_install']
[0.490s] Level 1:colcon.colcon_core.package_identification:_identify(.) by extension 'ignore'
[0.490s] Level 1:colcon.colcon_core.package_identification:_identify(.) by extension 'ignore_ament_install'
[0.490s] Level 1:colcon.colcon_core.package_identification:_identify(.) by extensions ['colcon_pkg']
[0.490s] Level 1:colcon.colcon_core.package_identification:_identify(.) by extension 'colcon_pkg'
[0.490s] Level 1:colcon.colcon_core.package_identification:_identify(.) by extensions ['colcon_meta']
[0.490s] Level 1:colcon.colcon_core.package_identification:_identify(.) by extension 'colcon_meta'
[0.490s] Level 1:colcon.colcon_core.package_identification:_identify(.) by extensions ['ros']
[0.490s] Level 1:colcon.colcon_core.package_identification:_identify(.) by extension 'ros'
[0.507s] Level 1:colcon.colcon_core.package_identification:_identify(.) by extensions ['cmake', 'python']
[0.507s] Level 1:colcon.colcon_core.package_identification:_identify(.) by extension 'cmake'
[0.507s] Level 1:colcon.colcon_core.package_identification:_identify(.) by extension 'python'
[0.507s] Level 1:colcon.colcon_core.package_identification:_identify(.) by extensions ['python_setup_py']
[0.507s] Level 1:colcon.colcon_core.package_identification:_identify(.) by extension 'python_setup_py'
[0.507s] Level 1:colcon.colcon_core.package_identification:_identify(build) by extensions ['ignore', 'ignore_ament_install']
[0.507s] Level 1:colcon.colcon_core.package_identification:_identify(build) by extension 'ignore'
[0.507s] Level 1:colcon.colcon_core.package_identification:_identify(build) ignored
[0.507s] Level 1:colcon.colcon_core.package_identification:_identify(install) by extensions ['ignore', 'ignore_ament_install']
[0.507s] Level 1:colcon.colcon_core.package_identification:_identify(install) by extension 'ignore'
[0.507s] Level 1:colcon.colcon_core.package_identification:_identify(install) ignored
[0.507s] Level 1:colcon.colcon_core.package_identification:_identify(log) by extensions ['ignore', 'ignore_ament_install']
[0.507s] Level 1:colcon.colcon_core.package_identification:_identify(log) by extension 'ignore'
[0.507s] Level 1:colcon.colcon_core.package_identification:_identify(log) ignored
[0.507s] Level 1:colcon.colcon_core.package_identification:_identify(src) by extensions ['ignore', 'ignore_ament_install']
[0.507s] Level 1:colcon.colcon_core.package_identification:_identify(src) by extension 'ignore'
[0.507s] Level 1:colcon.colcon_core.package_identification:_identify(src) by extension 'ignore_ament_install'
[0.507s] Level 1:colcon.colcon_core.package_identification:_identify(src) by extensions ['colcon_pkg']
[0.507s] Level 1:colcon.colcon_core.package_identification:_identify(src) by extension 'colcon_pkg'
[0.507s] Level 1:colcon.colcon_core.package_identification:_identify(src) by extensions ['colcon_meta']
[0.507s] Level 1:colcon.colcon_core.package_identification:_identify(src) by extension 'colcon_meta'
[0.507s] Level 1:colcon.colcon_core.package_identification:_identify(src) by extensions ['ros']
[0.507s] Level 1:colcon.colcon_core.package_identification:_identify(src) by extension 'ros'
[0.507s] Level 1:colcon.colcon_core.package_identification:_identify(src) by extensions ['cmake', 'python']
[0.508s] Level 1:colcon.colcon_core.package_identification:_identify(src) by extension 'cmake'
[0.508s] Level 1:colcon.colcon_core.package_identification:_identify(src) by extension 'python'
[0.508s] Level 1:colcon.colcon_core.package_identification:_identify(src) by extensions ['python_setup_py']
[0.508s] Level 1:colcon.colcon_core.package_identification:_identify(src) by extension 'python_setup_py'
[0.508s] Level 1:colcon.colcon_core.package_identification:_identify(src/pkg) by extensions ['ignore', 'ignore_ament_install']
[0.508s] Level 1:colcon.colcon_core.package_identification:_identify(src/pkg) by extension 'ignore'
[0.508s] Level 1:colcon.colcon_core.package_identification:_identify(src/pkg) by extension 'ignore_ament_install'
[0.508s] Level 1:colcon.colcon_core.package_identification:_identify(src/pkg) by extensions ['colcon_pkg']
[0.508s] Level 1:colcon.colcon_core.package_identification:_identify(src/pkg) by extension 'colcon_pkg'
[0.508s] Level 1:colcon.colcon_core.package_identification:_identify(src/pkg) by extensions ['colcon_meta']
[0.508s] Level 1:colcon.colcon_core.package_identification:_identify(src/pkg) by extension 'colcon_meta'
[0.508s] Level 1:colcon.colcon_core.package_identification:_identify(src/pkg) by extensions ['ros']
[0.508s] Level 1:colcon.colcon_core.package_identification:_identify(src/pkg) by extension 'ros'
[0.538s] DEBUG:colcon.colcon_core.package_identification:Package 'src/pkg' with type 'ros.ament_python' and name 'pkg'
[0.538s] Level 1:colcon.colcon_core.package_identification:_identify(src/weather_interfaces) by extensions ['ignore', 'ignore_ament_install']
[0.538s] Level 1:colcon.colcon_core.package_identification:_identify(src/weather_interfaces) by extension 'ignore'
[0.539s] Level 1:colcon.colcon_core.package_identification:_identify(src/weather_interfaces) by extension 'ignore_ament_install'
[0.539s] Level 1:colcon.colcon_core.package_identification:_identify(src/weather_interfaces) by extensions ['colcon_pkg']
[0.539s] Level 1:colcon.colcon_core.package_identification:_identify(src/weather_interfaces) by extension 'colcon_pkg'
[0.539s] Level 1:colcon.colcon_core.package_identification:_identify(src/weather_interfaces) by extensions ['colcon_meta']
[0.539s] Level 1:colcon.colcon_core.package_identification:_identify(src/weather_interfaces) by extension 'colcon_meta'
[0.539s] Level 1:colcon.colcon_core.package_identification:_identify(src/weather_interfaces) by extensions ['ros']
[0.539s] Level 1:colcon.colcon_core.package_identification:_identify(src/weather_interfaces) by extension 'ros'
[0.540s] DEBUG:colcon.colcon_core.package_identification:Package 'src/weather_interfaces' with type 'ros.ament_cmake' and name 'weather_interfaces'
[0.540s] Level 1:colcon.colcon_core.package_discovery:discover_packages(recursive) using defaults
[0.540s] Level 1:colcon.colcon_core.package_discovery:discover_packages(ignore) discover
[0.540s] Level 1:colcon.colcon_core.package_discovery:discover_packages(ignore) using defaults
[0.540s] Level 1:colcon.colcon_core.package_discovery:discover_packages(path) discover
[0.540s] Level 1:colcon.colcon_core.package_discovery:discover_packages(path) using defaults
[0.677s] Level 1:colcon.colcon_core.package_discovery:discover_packages(prefix_path) check parameters
[0.677s] Level 1:colcon.colcon_core.package_discovery:discover_packages(prefix_path) discover
[0.718s] DEBUG:colcon.colcon_installed_package_information.package_discovery:Found 1 installed packages in /home/habiba-elghazouly/Tsk2_ws/install
[0.718s] DEBUG:colcon.colcon_installed_package_information.package_discovery:Found 1 installed packages in /home/habiba-elghazouly/ses2_ws/install
[0.719s] DEBUG:colcon.colcon_installed_package_information.package_discovery:Found 1 installed packages in /home/habiba-elghazouly/tsk1_ws/install
[0.720s] DEBUG:colcon.colcon_installed_package_information.package_discovery:Found 1 installed packages in /home/habiba-elghazouly/ses1_ws/install
[0.723s] DEBUG:colcon.colcon_installed_package_information.package_discovery:Found 285 installed packages in /opt/ros/jazzy
[0.725s] Level 1:colcon.colcon_core.package_discovery:discover_packages(prefix_path) using defaults
[0.763s] Level 5:colcon.colcon_core.verb:set package 'pkg' build argument 'cmake_args' from command line to 'None'
[0.763s] Level 5:colcon.colcon_core.verb:set package 'pkg' build argument 'cmake_target' from command line to 'None'
[0.763s] Level 5:colcon.colcon_core.verb:set package 'pkg' build argument 'cmake_target_skip_unavailable' from command line to 'False'
[0.763s] Level 5:colcon.colcon_core.verb:set package 'pkg' build argument 'cmake_clean_cache' from command line to 'False'
[0.763s] Level 5:colcon.colcon_core.verb:set package 'pkg' build argument 'cmake_clean_first' from command line to 'False'
[0.763s] Level 5:colcon.colcon_core.verb:set package 'pkg' build argument 'cmake_force_configure' from command line to 'False'
[0.763s] Level 5:colcon.colcon_core.verb:set package 'pkg' build argument 'ament_cmake_args' from command line to 'None'
[0.763s] Level 5:colcon.colcon_core.verb:set package 'pkg' build argument 'catkin_cmake_args' from command line to 'None'
[0.763s] Level 5:colcon.colcon_core.verb:set package 'pkg' build argument 'catkin_skip_building_tests' from command line to 'False'
[0.763s] DEBUG:colcon.colcon_core.verb:Building package 'pkg' with the following arguments: {'ament_cmake_args': None, 'build_base': '/home/habiba-elghazouly/Tsk2_ws/build/pkg', 'catkin_cmake_args': None, 'catkin_skip_building_tests': False, 'cmake_args': None, 'cmake_clean_cache': False, 'cmake_clean_first': False, 'cmake_force_configure': False, 'cmake_target': None, 'cmake_target_skip_unavailable': False, 'install_base': '/home/habiba-elghazouly/Tsk2_ws/install/pkg', 'merge_install': False, 'path': '/home/habiba-elghazouly/Tsk2_ws/src/pkg', 'symlink_install': False, 'test_result_base': None}
[0.763s] Level 5:colcon.colcon_core.verb:set package 'weather_interfaces' build argument 'cmake_args' from command line to 'None'
[0.763s] Level 5:colcon.colcon_core.verb:set package 'weather_interfaces' build argument 'cmake_target' from command line to 'None'
[0.763s] Level 5:colcon.colcon_core.verb:set package 'weather_interfaces' build argument 'cmake_target_skip_unavailable' from command line to 'False'
[0.763s] Level 5:colcon.colcon_core.verb:set package 'weather_interfaces' build argument 'cmake_clean_cache' from command line to 'False'
[0.763s] Level 5:colcon.colcon_core.verb:set package 'weather_interfaces' build argument 'cmake_clean_first' from command line to 'False'
[0.763s] Level 5:colcon.colcon_core.verb:set package 'weather_interfaces' build argument 'cmake_force_configure' from command line to 'False'
[0.763s] Level 5:colcon.colcon_core.verb:set package 'weather_interfaces' build argument 'ament_cmake_args' from command line to 'None'
[0.763s] Level 5:colcon.colcon_core.verb:set package 'weather_interfaces' build argument 'catkin_cmake_args' from command line to 'None'
[0.763s] Level 5:colcon.colcon_core.verb:set package 'weather_interfaces' build argument 'catkin_skip_building_tests' from command line to 'False'
[0.763s] DEBUG:colcon.colcon_core.verb:Building package 'weather_interfaces' with the following arguments: {'ament_cmake_args': None, 'build_base': '/home/habiba-elghazouly/Tsk2_ws/build/weather_interfaces', 'catkin_cmake_args': None, 'catkin_skip_building_tests': False, 'cmake_args': None, 'cmake_clean_cache': False, 'cmake_clean_first': False, 'cmake_force_configure': False, 'cmake_target': None, 'cmake_target_skip_unavailable': False, 'install_base': '/home/habiba-elghazouly/Tsk2_ws/install/weather_interfaces', 'merge_install': False, 'path': '/home/habiba-elghazouly/Tsk2_ws/src/weather_interfaces', 'symlink_install': False, 'test_result_base': None}
[0.763s] INFO:colcon.colcon_core.executor:Executing jobs using 'parallel' executor
[0.764s] DEBUG:colcon.colcon_parallel_executor.executor.parallel:run_until_complete
[0.764s] INFO:colcon.colcon_ros.task.ament_python.build:Building ROS package in '/home/habiba-elghazouly/Tsk2_ws/src/pkg' with build type 'ament_python'
[0.764s] Level 1:colcon.colcon_core.shell:create_environment_hook('pkg', 'ament_prefix_path')
[0.780s] INFO:colcon.colcon_core.plugin_system:Skipping extension 'colcon_core.shell.bat': Not used on non-Windows systems
[0.780s] INFO:colcon.colcon_core.shell:Creating environment hook '/home/habiba-elghazouly/Tsk2_ws/install/pkg/share/pkg/hook/ament_prefix_path.ps1'
[0.788s] INFO:colcon.colcon_core.shell:Creating environment descriptor '/home/habiba-elghazouly/Tsk2_ws/install/pkg/share/pkg/hook/ament_prefix_path.dsv'
[0.789s] INFO:colcon.colcon_core.shell:Creating environment hook '/home/habiba-elghazouly/Tsk2_ws/install/pkg/share/pkg/hook/ament_prefix_path.sh'
[0.791s] INFO:colcon.colcon_core.shell:Skip shell extension 'powershell' for command environment: Not usable outside of PowerShell
[0.791s] DEBUG:colcon.colcon_core.shell:Skip shell extension 'dsv' for command environment
[0.796s] INFO:colcon.colcon_ros.task.ament_cmake.build:Building ROS package in '/home/habiba-elghazouly/Tsk2_ws/src/weather_interfaces' with build type 'ament_cmake'
[0.796s] INFO:colcon.colcon_cmake.task.cmake.build:Building CMake package in '/home/habiba-elghazouly/Tsk2_ws/src/weather_interfaces'
[0.796s] INFO:colcon.colcon_core.shell:Skip shell extension 'powershell' for command environment: Not usable outside of PowerShell
[0.796s] DEBUG:colcon.colcon_core.shell:Skip shell extension 'dsv' for command environment
[0.953s] INFO:colcon.colcon_core.task.python.build:Building Python package in '/home/habiba-elghazouly/Tsk2_ws/src/pkg'
[0.953s] INFO:colcon.colcon_core.shell:Skip shell extension 'powershell' for command environment: Not usable outside of PowerShell
[0.953s] DEBUG:colcon.colcon_core.shell:Skip shell extension 'dsv' for command environment
[0.956s] DEBUG:colcon.colcon_core.event_handler.log_command:Invoking command in '/home/habiba-elghazouly/Tsk2_ws/build/weather_interfaces': CMAKE_PREFIX_PATH=${CMAKE_PREFIX_PATH}:/home/habiba-elghazouly/Tsk2_ws/install/pkg:/home/habiba-elghazouly/tsk1_ws/install/mypkg:/home/habiba-elghazouly/ses2_ws/install/mypkg:/home/habiba-elghazouly/ses1_ws/install/py_pkg:/opt/ros/jazzy DEBUGINFOD_URLS=https://debuginfod.ubuntu.com /usr/bin/cmake /home/habiba-elghazouly/Tsk2_ws/src/weather_interfaces -DCMAKE_INSTALL_PREFIX=/home/habiba-elghazouly/Tsk2_ws/install/weather_interfaces
[6.876s] DEBUG:colcon.colcon_core.event_handler.log_command:Invoking command in '/home/habiba-elghazouly/Tsk2_ws/src/pkg': DEBUGINFOD_URLS=https://debuginfod.ubuntu.com PYTHONPATH=/home/habiba-elghazouly/Tsk2_ws/build/pkg/prefix_override:/usr/lib/python3/dist-packages/colcon_core/task/python/colcon_distutils_commands:/home/habiba-elghazouly/Tsk2_ws/install/pkg/lib/python3.12/site-packages:${PYTHONPATH} /usr/bin/python3 -W ignore:setup.py install is deprecated setup.py egg_info --egg-base ../../build/pkg build --build-base /home/habiba-elghazouly/Tsk2_ws/build/pkg/build install --record /home/habiba-elghazouly/Tsk2_ws/build/pkg/install.log --single-version-externally-managed install_data
[7.252s] DEBUG:colcon.colcon_core.event_handler.log_command:Invoked command in '/home/habiba-elghazouly/Tsk2_ws/src/pkg' returned '0': DEBUGINFOD_URLS=https://debuginfod.ubuntu.com PYTHONPATH=/home/habiba-elghazouly/Tsk2_ws/build/pkg/prefix_override:/usr/lib/python3/dist-packages/colcon_core/task/python/colcon_distutils_commands:/home/habiba-elghazouly/Tsk2_ws/install/pkg/lib/python3.12/site-packages:${PYTHONPATH} /usr/bin/python3 -W ignore:setup.py install is deprecated setup.py egg_info --egg-base ../../build/pkg build --build-base /home/habiba-elghazouly/Tsk2_ws/build/pkg/build install --record /home/habiba-elghazouly/Tsk2_ws/build/pkg/install.log --single-version-externally-managed install_data
[7.306s] Level 1:colcon.colcon_core.environment:checking '/home/habiba-elghazouly/Tsk2_ws/install/pkg' for CMake module files
[7.307s] Level 1:colcon.colcon_core.environment:checking '/home/habiba-elghazouly/Tsk2_ws/install/pkg' for CMake config files
[7.308s] Level 1:colcon.colcon_core.environment:checking '/home/habiba-elghazouly/Tsk2_ws/install/pkg/lib'
[7.308s] Level 1:colcon.colcon_core.environment:checking '/home/habiba-elghazouly/Tsk2_ws/install/pkg/bin'
[7.308s] Level 1:colcon.colcon_core.environment:checking '/home/habiba-elghazouly/Tsk2_ws/install/pkg/lib/pkgconfig/pkg.pc'
[7.309s] Level 1:colcon.colcon_core.environment:checking '/home/habiba-elghazouly/Tsk2_ws/install/pkg/lib/python3.12/site-packages'
[7.309s] Level 1:colcon.colcon_core.shell:create_environment_hook('pkg', 'pythonpath')
[7.309s] INFO:colcon.colcon_core.shell:Creating environment hook '/home/habiba-elghazouly/Tsk2_ws/install/pkg/share/pkg/hook/pythonpath.ps1'
[7.310s] INFO:colcon.colcon_core.shell:Creating environment descriptor '/home/habiba-elghazouly/Tsk2_ws/install/pkg/share/pkg/hook/pythonpath.dsv'
[7.310s] INFO:colcon.colcon_core.shell:Creating environment hook '/home/habiba-elghazouly/Tsk2_ws/install/pkg/share/pkg/hook/pythonpath.sh'
[7.312s] Level 1:colcon.colcon_core.environment:checking '/home/habiba-elghazouly/Tsk2_ws/install/pkg/bin'
[7.312s] Level 1:colcon.colcon_core.environment:create_environment_scripts_only(pkg)
[7.312s] INFO:colcon.colcon_core.shell:Creating package script '/home/habiba-elghazouly/Tsk2_ws/install/pkg/share/pkg/package.ps1'
[7.322s] INFO:colcon.colcon_core.shell:Creating package descriptor '/home/habiba-elghazouly/Tsk2_ws/install/pkg/share/pkg/package.dsv'
[7.330s] INFO:colcon.colcon_core.shell:Creating package script '/home/habiba-elghazouly/Tsk2_ws/install/pkg/share/pkg/package.sh'
[7.332s] INFO:colcon.colcon_core.shell:Creating package script '/home/habiba-elghazouly/Tsk2_ws/install/pkg/share/pkg/package.bash'
[7.359s] INFO:colcon.colcon_core.shell:Creating package script '/home/habiba-elghazouly/Tsk2_ws/install/pkg/share/pkg/package.zsh'
[7.359s] Level 1:colcon.colcon_core.environment:create_file_with_runtime_dependencies(/home/habiba-elghazouly/Tsk2_ws/install/pkg/share/colcon-core/packages/pkg)
[9.889s] DEBUG:colcon.colcon_core.event_handler.log_command:Invoked command in '/home/habiba-elghazouly/Tsk2_ws/build/weather_interfaces' returned '0': CMAKE_PREFIX_PATH=${CMAKE_PREFIX_PATH}:/home/habiba-elghazouly/Tsk2_ws/install/pkg:/home/habiba-elghazouly/tsk1_ws/install/mypkg:/home/habiba-elghazouly/ses2_ws/install/mypkg:/home/habiba-elghazouly/ses1_ws/install/py_pkg:/opt/ros/jazzy DEBUGINFOD_URLS=https://debuginfod.ubuntu.com /usr/bin/cmake /home/habiba-elghazouly/Tsk2_ws/src/weather_interfaces -DCMAKE_INSTALL_PREFIX=/home/habiba-elghazouly/Tsk2_ws/install/weather_interfaces
[9.890s] DEBUG:colcon.colcon_core.event_handler.log_command:Invoking command in '/home/habiba-elghazouly/Tsk2_ws/build/weather_interfaces': CMAKE_PREFIX_PATH=${CMAKE_PREFIX_PATH}:/home/habiba-elghazouly/Tsk2_ws/install/pkg:/home/habiba-elghazouly/tsk1_ws/install/mypkg:/home/habiba-elghazouly/ses2_ws/install/mypkg:/home/habiba-elghazouly/ses1_ws/install/py_pkg:/opt/ros/jazzy DEBUGINFOD_URLS=https://debuginfod.ubuntu.com /usr/bin/cmake --build /home/habiba-elghazouly/Tsk2_ws/build/weather_interfaces -- -j8 -l8
[13.372s] DEBUG:colcon.colcon_core.event_handler.log_command:Invoked command in '/home/habiba-elghazouly/Tsk2_ws/build/weather_interfaces' returned '0': CMAKE_PREFIX_PATH=${CMAKE_PREFIX_PATH}:/home/habiba-elghazouly/Tsk2_ws/install/pkg:/home/habiba-elghazouly/tsk1_ws/install/mypkg:/home/habiba-elghazouly/ses2_ws/install/mypkg:/home/habiba-elghazouly/ses1_ws/install/py_pkg:/opt/ros/jazzy DEBUGINFOD_URLS=https://debuginfod.ubuntu.com /usr/bin/cmake --build /home/habiba-elghazouly/Tsk2_ws/build/weather_interfaces -- -j8 -l8
[13.416s] DEBUG:colcon.colcon_core.event_handler.log_command:Invoking command in '/home/habiba-elghazouly/Tsk2_ws/build/weather_interfaces': CMAKE_PREFIX_PATH=${CMAKE_PREFIX_PATH}:/home/habiba-elghazouly/Tsk2_ws/install/pkg:/home/habiba-elghazouly/tsk1_ws/install/mypkg:/home/habiba-elghazouly/ses2_ws/install/mypkg:/home/habiba-elghazouly/ses1_ws/install/py_pkg:/opt/ros/jazzy DEBUGINFOD_URLS=https://debuginfod.ubuntu.com /usr/bin/cmake --install /home/habiba-elghazouly/Tsk2_ws/build/weather_interfaces
[13.492s] Level 1:colcon.colcon_core.environment:create_environment_scripts_only(weather_interfaces)
[13.493s] Level 1:colcon.colcon_core.environment:checking '/home/habiba-elghazouly/Tsk2_ws/install/weather_interfaces' for CMake module files
[13.493s] DEBUG:colcon.colcon_core.event_handler.log_command:Invoked command in '/home/habiba-elghazouly/Tsk2_ws/build/weather_interfaces' returned '0': CMAKE_PREFIX_PATH=${CMAKE_PREFIX_PATH}:/home/habiba-elghazouly/Tsk2_ws/install/pkg:/home/habiba-elghazouly/tsk1_ws/install/mypkg:/home/habiba-elghazouly/ses2_ws/install/mypkg:/home/habiba-elghazouly/ses1_ws/install/py_pkg:/opt/ros/jazzy DEBUGINFOD_URLS=https://debuginfod.ubuntu.com /usr/bin/cmake --install /home/habiba-elghazouly/Tsk2_ws/build/weather_interfaces
[13.493s] Level 1:colcon.colcon_core.environment:checking '/home/habiba-elghazouly/Tsk2_ws/install/weather_interfaces' for CMake config files
[13.493s] Level 1:colcon.colcon_core.shell:create_environment_hook('weather_interfaces', 'cmake_prefix_path')
[13.494s] INFO:colcon.colcon_core.shell:Creating environment hook '/home/habiba-elghazouly/Tsk2_ws/install/weather_interfaces/share/weather_interfaces/hook/cmake_prefix_path.ps1'
[13.494s] INFO:colcon.colcon_core.shell:Creating environment descriptor '/home/habiba-elghazouly/Tsk2_ws/install/weather_interfaces/share/weather_interfaces/hook/cmake_prefix_path.dsv'
[13.494s] INFO:colcon.colcon_core.shell:Creating environment hook '/home/habiba-elghazouly/Tsk2_ws/install/weather_interfaces/share/weather_interfaces/hook/cmake_prefix_path.sh'
[13.494s] Level 1:colcon.colcon_core.environment:checking '/home/habiba-elghazouly/Tsk2_ws/install/weather_interfaces/lib'
[13.494s] Level 1:colcon.colcon_core.shell:create_environment_hook('weather_interfaces', 'ld_library_path_lib')
[13.494s] INFO:colcon.colcon_core.shell:Creating environment hook '/home/habiba-elghazouly/Tsk2_ws/install/weather_interfaces/share/weather_interfaces/hook/ld_library_path_lib.ps1'
[13.495s] INFO:colcon.colcon_core.shell:Creating environment descriptor '/home/habiba-elghazouly/Tsk2_ws/install/weather_interfaces/share/weather_interfaces/hook/ld_library_path_lib.dsv'
[13.495s] INFO:colcon.colcon_core.shell:Creating environment hook '/home/habiba-elghazouly/Tsk2_ws/install/weather_interfaces/share/weather_interfaces/hook/ld_library_path_lib.sh'
[13.495s] Level 1:colcon.colcon_core.environment:checking '/home/habiba-elghazouly/Tsk2_ws/install/weather_interfaces/bin'
[13.495s] Level 1:colcon.colcon_core.environment:checking '/home/habiba-elghazouly/Tsk2_ws/install/weather_interfaces/lib/pkgconfig/weather_interfaces.pc'
[13.495s] Level 1:colcon.colcon_core.environment:checking '/home/habiba-elghazouly/Tsk2_ws/install/weather_interfaces/lib/python3.12/site-packages'
[13.495s] Level 1:colcon.colcon_core.shell:create_environment_hook('weather_interfaces', 'pythonpath')
[13.495s] INFO:colcon.colcon_core.shell:Creating environment hook '/home/habiba-elghazouly/Tsk2_ws/install/weather_interfaces/share/weather_interfaces/hook/pythonpath.ps1'
[13.496s] INFO:colcon.colcon_core.shell:Creating environment descriptor '/home/habiba-elghazouly/Tsk2_ws/install/weather_interfaces/share/weather_interfaces/hook/pythonpath.dsv'
[13.496s] INFO:colcon.colcon_core.shell:Creating environment hook '/home/habiba-elghazouly/Tsk2_ws/install/weather_interfaces/share/weather_interfaces/hook/pythonpath.sh'
[13.496s] Level 1:colcon.colcon_core.environment:checking '/home/habiba-elghazouly/Tsk2_ws/install/weather_interfaces/bin'
[13.496s] INFO:colcon.colcon_core.shell:Creating package script '/home/habiba-elghazouly/Tsk2_ws/install/weather_interfaces/share/weather_interfaces/package.ps1'
[13.496s] INFO:colcon.colcon_core.shell:Creating package descriptor '/home/habiba-elghazouly/Tsk2_ws/install/weather_interfaces/share/weather_interfaces/package.dsv'
[13.497s] INFO:colcon.colcon_core.shell:Creating package script '/home/habiba-elghazouly/Tsk2_ws/install/weather_interfaces/share/weather_interfaces/package.sh'
[13.497s] INFO:colcon.colcon_core.shell:Creating package script '/home/habiba-elghazouly/Tsk2_ws/install/weather_interfaces/share/weather_interfaces/package.bash'
[13.497s] INFO:colcon.colcon_core.shell:Creating package script '/home/habiba-elghazouly/Tsk2_ws/install/weather_interfaces/share/weather_interfaces/package.zsh'
[13.497s] Level 1:colcon.colcon_core.environment:create_file_with_runtime_dependencies(/home/habiba-elghazouly/Tsk2_ws/install/weather_interfaces/share/colcon-core/packages/weather_interfaces)
[13.536s] Level 1:colcon.colcon_core.environment:create_environment_scripts_only(weather_interfaces)
[13.537s] Level 1:colcon.colcon_core.environment:checking '/home/habiba-elghazouly/Tsk2_ws/install/weather_interfaces' for CMake module files
[13.537s] Level 1:colcon.colcon_core.environment:checking '/home/habiba-elghazouly/Tsk2_ws/install/weather_interfaces' for CMake config files
[13.537s] Level 1:colcon.colcon_core.shell:create_environment_hook('weather_interfaces', 'cmake_prefix_path')
[13.537s] INFO:colcon.colcon_core.shell:Creating environment hook '/home/habiba-elghazouly/Tsk2_ws/install/weather_interfaces/share/weather_interfaces/hook/cmake_prefix_path.ps1'
[13.538s] INFO:colcon.colcon_core.shell:Creating environment descriptor '/home/habiba-elghazouly/Tsk2_ws/install/weather_interfaces/share/weather_interfaces/hook/cmake_prefix_path.dsv'
[13.538s] INFO:colcon.colcon_core.shell:Creating environment hook '/home/habiba-elghazouly/Tsk2_ws/install/weather_interfaces/share/weather_interfaces/hook/cmake_prefix_path.sh'
[13.538s] Level 1:colcon.colcon_core.environment:checking '/home/habiba-elghazouly/Tsk2_ws/install/weather_interfaces/lib'
[13.538s] Level 1:colcon.colcon_core.shell:create_environment_hook('weather_interfaces', 'ld_library_path_lib')
[13.538s] INFO:colcon.colcon_core.shell:Creating environment hook '/home/habiba-elghazouly/Tsk2_ws/install/weather_interfaces/share/weather_interfaces/hook/ld_library_path_lib.ps1'
[13.539s] INFO:colcon.colcon_core.shell:Creating environment descriptor '/home/habiba-elghazouly/Tsk2_ws/install/weather_interfaces/share/weather_interfaces/hook/ld_library_path_lib.dsv'
[13.539s] INFO:colcon.colcon_core.shell:Creating environment hook '/home/habiba-elghazouly/Tsk2_ws/install/weather_interfaces/share/weather_interfaces/hook/ld_library_path_lib.sh'
[13.539s] Level 1:colcon.colcon_core.environment:checking '/home/habiba-elghazouly/Tsk2_ws/install/weather_interfaces/bin'
[13.539s] Level 1:colcon.colcon_core.environment:checking '/home/habiba-elghazouly/Tsk2_ws/install/weather_interfaces/lib/pkgconfig/weather_interfaces.pc'
[13.539s] Level 1:colcon.colcon_core.environment:checking '/home/habiba-elghazouly/Tsk2_ws/install/weather_interfaces/lib/python3.12/site-packages'
[13.539s] Level 1:colcon.colcon_core.shell:create_environment_hook('weather_interfaces', 'pythonpath')
[13.539s] INFO:colcon.colcon_core.shell:Creating environment hook '/home/habiba-elghazouly/Tsk2_ws/install/weather_interfaces/share/weather_interfaces/hook/pythonpath.ps1'
[13.540s] INFO:colcon.colcon_core.shell:Creating environment descriptor '/home/habiba-elghazouly/Tsk2_ws/install/weather_interfaces/share/weather_interfaces/hook/pythonpath.dsv'
[13.540s] INFO:colcon.colcon_core.shell:Creating environment hook '/home/habiba-elghazouly/Tsk2_ws/install/weather_interfaces/share/weather_interfaces/hook/pythonpath.sh'
[13.540s] Level 1:colcon.colcon_core.environment:checking '/home/habiba-elghazouly/Tsk2_ws/install/weather_interfaces/bin'
[13.540s] INFO:colcon.colcon_core.shell:Creating package script '/home/habiba-elghazouly/Tsk2_ws/install/weather_interfaces/share/weather_interfaces/package.ps1'
[13.541s] INFO:colcon.colcon_core.shell:Creating package descriptor '/home/habiba-elghazouly/Tsk2_ws/install/weather_interfaces/share/weather_interfaces/package.dsv'
[13.541s] INFO:colcon.colcon_core.shell:Creating package script '/home/habiba-elghazouly/Tsk2_ws/install/weather_interfaces/share/weather_interfaces/package.sh'
[13.541s] INFO:colcon.colcon_core.shell:Creating package script '/home/habiba-elghazouly/Tsk2_ws/install/weather_interfaces/share/weather_interfaces/package.bash'
[13.541s] INFO:colcon.colcon_core.shell:Creating package script '/home/habiba-elghazouly/Tsk2_ws/install/weather_interfaces/share/weather_interfaces/package.zsh'
[13.542s] Level 1:colcon.colcon_core.environment:create_file_with_runtime_dependencies(/home/habiba-elghazouly/Tsk2_ws/install/weather_interfaces/share/colcon-core/packages/weather_interfaces)
[13.542s] DEBUG:colcon.colcon_parallel_executor.executor.parallel:closing loop
[13.542s] DEBUG:colcon.colcon_parallel_executor.executor.parallel:loop closed
[13.542s] DEBUG:colcon.colcon_parallel_executor.executor.parallel:run_until_complete finished with '0'
[13.542s] DEBUG:colcon.colcon_core.event_reactor:joining thread
[13.576s] INFO:colcon.colcon_core.plugin_system:Skipping extension 'colcon_notification.desktop_notification.terminal_notifier': Not used on non-Darwin systems
[13.576s] INFO:colcon.colcon_core.plugin_system:Skipping extension 'colcon_notification.desktop_notification.win32': Not used on non-Windows systems
[13.576s] INFO:colcon.colcon_notification.desktop_notification:Sending desktop notification using 'notify2'
[13.594s] DEBUG:colcon.colcon_core.event_reactor:joined thread
[13.594s] INFO:colcon.colcon_core.shell:Creating prefix script '/home/habiba-elghazouly/Tsk2_ws/install/local_setup.ps1'
[13.611s] INFO:colcon.colcon_core.shell:Creating prefix util module '/home/habiba-elghazouly/Tsk2_ws/install/_local_setup_util_ps1.py'
[13.620s] INFO:colcon.colcon_core.shell:Creating prefix chain script '/home/habiba-elghazouly/Tsk2_ws/install/setup.ps1'
[13.621s] INFO:colcon.colcon_core.shell:Creating prefix script '/home/habiba-elghazouly/Tsk2_ws/install/local_setup.sh'
[13.641s] INFO:colcon.colcon_core.shell:Creating prefix util module '/home/habiba-elghazouly/Tsk2_ws/install/_local_setup_util_sh.py'
[13.642s] INFO:colcon.colcon_core.shell:Creating prefix chain script '/home/habiba-elghazouly/Tsk2_ws/install/setup.sh'
[13.643s] INFO:colcon.colcon_core.shell:Creating prefix script '/home/habiba-elghazouly/Tsk2_ws/install/local_setup.bash'
[13.670s] INFO:colcon.colcon_core.shell:Creating prefix chain script '/home/habiba-elghazouly/Tsk2_ws/install/setup.bash'
[13.671s] INFO:colcon.colcon_core.shell:Creating prefix script '/home/habiba-elghazouly/Tsk2_ws/install/local_setup.zsh'
[13.679s] INFO:colcon.colcon_core.shell:Creating prefix chain script '/home/habiba-elghazouly/Tsk2_ws/install/setup.zsh'
