[0.007s] Invoking command in '/home/habiba-elghazouly/Tsk2_ws/build/weather_interfaces': CMAKE_PREFIX_PATH=${CMAKE_PREFIX_PATH}:/home/habiba-elghazouly/Tsk2_ws/install/pkg:/home/habiba-elghazouly/tsk1_ws/install/mypkg:/home/habiba-elghazouly/ses2_ws/install/mypkg:/home/habiba-elghazouly/ses1_ws/install/py_pkg:/opt/ros/jazzy DEBUGINFOD_URLS=https://debuginfod.ubuntu.com /usr/bin/cmake --build /home/habiba-elghazouly/Tsk2_ws/build/weather_interfaces -- -j8 -l8
[0.038s] [  2%] Built target weather_interfaces__rosidl_generator_type_description
[0.044s] [  2%] Built target ament_cmake_python_copy_weather_interfaces
[0.050s] [  5%] Built target weather_interfaces__cpp
[0.050s] [ 20%] Built target weather_interfaces__rosidl_generator_c
[0.065s] [ 29%] Built target weather_interfaces__rosidl_typesupport_introspection_c
[0.069s] [ 73%] Built target weather_interfaces__rosidl_typesupport_fastrtps_c
[0.069s] [ 73%] Built target weather_interfaces__rosidl_typesupport_c
[0.069s] [ 73%] Built target weather_interfaces__rosidl_typesupport_cpp
[0.069s] [ 73%] Built target weather_interfaces__rosidl_typesupport_introspection_cpp
[0.069s] [ 73%] Built target weather_interfaces__rosidl_typesupport_fastrtps_cpp
[0.082s] [ 73%] Built target weather_interfaces
[0.094s] [ 76%] Built target weather_interfaces__py
[0.109s] [ 82%] Built target weather_interfaces__rosidl_generator_py
[0.124s] [100%] Built target weather_interfaces_s__rosidl_typesupport_introspection_c
[0.124s] [100%] Built target weather_interfaces_s__rosidl_typesupport_c
[0.124s] [100%] Built target weather_interfaces_s__rosidl_typesupport_fastrtps_c
[0.193s] running egg_info
[0.206s] writing weather_interfaces.egg-info/PKG-INFO
[0.206s] writing dependency_links to weather_interfaces.egg-info/dependency_links.txt
[0.206s] writing top-level names to weather_interfaces.egg-info/top_level.txt
[0.241s] reading manifest file 'weather_interfaces.egg-info/SOURCES.txt'
[0.241s] writing manifest file 'weather_interfaces.egg-info/SOURCES.txt'
[0.258s] [100%] Built target ament_cmake_python_build_weather_interfaces_egg
[0.266s] Invoked command in '/home/habiba-elghazouly/Tsk2_ws/build/weather_interfaces' returned '0': CMAKE_PREFIX_PATH=${CMAKE_PREFIX_PATH}:/home/habiba-elghazouly/Tsk2_ws/install/pkg:/home/habiba-elghazouly/tsk1_ws/install/mypkg:/home/habiba-elghazouly/ses2_ws/install/mypkg:/home/habiba-elghazouly/ses1_ws/install/py_pkg:/opt/ros/jazzy DEBUGINFOD_URLS=https://debuginfod.ubuntu.com /usr/bin/cmake --build /home/habiba-elghazouly/Tsk2_ws/build/weather_interfaces -- -j8 -l8
[0.307s] Invoking command in '/home/habiba-elghazouly/Tsk2_ws/build/weather_interfaces': CMAKE_PREFIX_PATH=${CMAKE_PREFIX_PATH}:/home/habiba-elghazouly/Tsk2_ws/install/pkg:/home/habiba-elghazouly/tsk1_ws/install/mypkg:/home/habiba-elghazouly/ses2_ws/install/mypkg:/home/habiba-elghazouly/ses1_ws/install/py_pkg:/opt/ros/jazzy DEBUGINFOD_URLS=https://debuginfod.ubuntu.com /usr/bin/cmake --install /home/habiba-elghazouly/Tsk2_ws/build/weather_interfaces
[0.313s] -- Install configuration: ""
[0.313s] -- Up-to-date: /home/habiba-elghazouly/Tsk2_ws/install/weather_interfaces/share/ament_index/resource_index/rosidl_interfaces/weather_interfaces
[0.313s] -- Up-to-date: /home/habiba-elghazouly/Tsk2_ws/install/weather_interfaces/share/weather_interfaces/srv/DataCheck.json
[0.313s] -- Up-to-date: /home/habiba-elghazouly/Tsk2_ws/install/weather_interfaces/include/weather_interfaces/weather_interfaces
[0.313s] -- Up-to-date: /home/habiba-elghazouly/Tsk2_ws/install/weather_interfaces/include/weather_interfaces/weather_interfaces/msg
[0.313s] -- Up-to-date: /home/habiba-elghazouly/Tsk2_ws/install/weather_interfaces/include/weather_interfaces/weather_interfaces/msg/rosidl_generator_c__visibility_control.h
[0.313s] -- Up-to-date: /home/habiba-elghazouly/Tsk2_ws/install/weather_interfaces/include/weather_interfaces/weather_interfaces/srv
[0.313s] -- Up-to-date: /home/habiba-elghazouly/Tsk2_ws/install/weather_interfaces/include/weather_interfaces/weather_interfaces/srv/detail
[0.313s] -- Up-to-date: /home/habiba-elghazouly/Tsk2_ws/install/weather_interfaces/include/weather_interfaces/weather_interfaces/srv/detail/data_check__functions.c
[0.313s] -- Up-to-date: /home/habiba-elghazouly/Tsk2_ws/install/weather_interfaces/include/weather_interfaces/weather_interfaces/srv/detail/data_check__struct.h
[0.313s] -- Up-to-date: /home/habiba-elghazouly/Tsk2_ws/install/weather_interfaces/include/weather_interfaces/weather_interfaces/srv/detail/data_check__description.c
[0.313s] -- Up-to-date: /home/habiba-elghazouly/Tsk2_ws/install/weather_interfaces/include/weather_interfaces/weather_interfaces/srv/detail/data_check__functions.h
[0.313s] -- Up-to-date: /home/habiba-elghazouly/Tsk2_ws/install/weather_interfaces/include/weather_interfaces/weather_interfaces/srv/detail/data_check__type_support.c
[0.313s] -- Up-to-date: /home/habiba-elghazouly/Tsk2_ws/install/weather_interfaces/include/weather_interfaces/weather_interfaces/srv/detail/data_check__type_support.h
[0.314s] -- Up-to-date: /home/habiba-elghazouly/Tsk2_ws/install/weather_interfaces/include/weather_interfaces/weather_interfaces/srv/data_check.h
[0.314s] -- Up-to-date: /home/habiba-elghazouly/Tsk2_ws/install/weather_interfaces/share/weather_interfaces/environment/library_path.sh
[0.314s] -- Up-to-date: /home/habiba-elghazouly/Tsk2_ws/install/weather_interfaces/share/weather_interfaces/environment/library_path.dsv
[0.314s] -- Up-to-date: /home/habiba-elghazouly/Tsk2_ws/install/weather_interfaces/lib/libweather_interfaces__rosidl_generator_c.so
[0.314s] -- Up-to-date: /home/habiba-elghazouly/Tsk2_ws/install/weather_interfaces/include/weather_interfaces/weather_interfaces
[0.314s] -- Up-to-date: /home/habiba-elghazouly/Tsk2_ws/install/weather_interfaces/include/weather_interfaces/weather_interfaces/msg
[0.314s] -- Up-to-date: /home/habiba-elghazouly/Tsk2_ws/install/weather_interfaces/include/weather_interfaces/weather_interfaces/msg/rosidl_typesupport_fastrtps_c__visibility_control.h
[0.314s] -- Up-to-date: /home/habiba-elghazouly/Tsk2_ws/install/weather_interfaces/include/weather_interfaces/weather_interfaces/srv
[0.314s] -- Up-to-date: /home/habiba-elghazouly/Tsk2_ws/install/weather_interfaces/include/weather_interfaces/weather_interfaces/srv/detail
[0.314s] -- Up-to-date: /home/habiba-elghazouly/Tsk2_ws/install/weather_interfaces/include/weather_interfaces/weather_interfaces/srv/detail/data_check__rosidl_typesupport_fastrtps_c.h
[0.314s] -- Up-to-date: /home/habiba-elghazouly/Tsk2_ws/install/weather_interfaces/lib/libweather_interfaces__rosidl_typesupport_fastrtps_c.so
[0.314s] -- Up-to-date: /home/habiba-elghazouly/Tsk2_ws/install/weather_interfaces/include/weather_interfaces/weather_interfaces
[0.314s] -- Up-to-date: /home/habiba-elghazouly/Tsk2_ws/install/weather_interfaces/include/weather_interfaces/weather_interfaces/msg
[0.314s] -- Up-to-date: /home/habiba-elghazouly/Tsk2_ws/install/weather_interfaces/include/weather_interfaces/weather_interfaces/msg/rosidl_typesupport_introspection_c__visibility_control.h
[0.314s] -- Up-to-date: /home/habiba-elghazouly/Tsk2_ws/install/weather_interfaces/include/weather_interfaces/weather_interfaces/srv
[0.314s] -- Up-to-date: /home/habiba-elghazouly/Tsk2_ws/install/weather_interfaces/include/weather_interfaces/weather_interfaces/srv/detail
[0.314s] -- Up-to-date: /home/habiba-elghazouly/Tsk2_ws/install/weather_interfaces/include/weather_interfaces/weather_interfaces/srv/detail/data_check__rosidl_typesupport_introspection_c.h
[0.315s] -- Up-to-date: /home/habiba-elghazouly/Tsk2_ws/install/weather_interfaces/include/weather_interfaces/weather_interfaces/srv/detail/data_check__type_support.c
[0.315s] -- Up-to-date: /home/habiba-elghazouly/Tsk2_ws/install/weather_interfaces/lib/libweather_interfaces__rosidl_typesupport_introspection_c.so
[0.315s] -- Up-to-date: /home/habiba-elghazouly/Tsk2_ws/install/weather_interfaces/lib/libweather_interfaces__rosidl_typesupport_c.so
[0.315s] -- Up-to-date: /home/habiba-elghazouly/Tsk2_ws/install/weather_interfaces/include/weather_interfaces/weather_interfaces
[0.315s] -- Up-to-date: /home/habiba-elghazouly/Tsk2_ws/install/weather_interfaces/include/weather_interfaces/weather_interfaces/msg
[0.315s] -- Up-to-date: /home/habiba-elghazouly/Tsk2_ws/install/weather_interfaces/include/weather_interfaces/weather_interfaces/msg/rosidl_generator_cpp__visibility_control.hpp
[0.315s] -- Up-to-date: /home/habiba-elghazouly/Tsk2_ws/install/weather_interfaces/include/weather_interfaces/weather_interfaces/srv
[0.315s] -- Up-to-date: /home/habiba-elghazouly/Tsk2_ws/install/weather_interfaces/include/weather_interfaces/weather_interfaces/srv/data_check.hpp
[0.315s] -- Up-to-date: /home/habiba-elghazouly/Tsk2_ws/install/weather_interfaces/include/weather_interfaces/weather_interfaces/srv/detail
[0.315s] -- Up-to-date: /home/habiba-elghazouly/Tsk2_ws/install/weather_interfaces/include/weather_interfaces/weather_interfaces/srv/detail/data_check__builder.hpp
[0.315s] -- Up-to-date: /home/habiba-elghazouly/Tsk2_ws/install/weather_interfaces/include/weather_interfaces/weather_interfaces/srv/detail/data_check__struct.hpp
[0.315s] -- Up-to-date: /home/habiba-elghazouly/Tsk2_ws/install/weather_interfaces/include/weather_interfaces/weather_interfaces/srv/detail/data_check__traits.hpp
[0.315s] -- Up-to-date: /home/habiba-elghazouly/Tsk2_ws/install/weather_interfaces/include/weather_interfaces/weather_interfaces/srv/detail/data_check__type_support.hpp
[0.315s] -- Up-to-date: /home/habiba-elghazouly/Tsk2_ws/install/weather_interfaces/include/weather_interfaces/weather_interfaces
[0.315s] -- Up-to-date: /home/habiba-elghazouly/Tsk2_ws/install/weather_interfaces/include/weather_interfaces/weather_interfaces/msg
[0.315s] -- Up-to-date: /home/habiba-elghazouly/Tsk2_ws/install/weather_interfaces/include/weather_interfaces/weather_interfaces/msg/rosidl_typesupport_fastrtps_cpp__visibility_control.h
[0.315s] -- Up-to-date: /home/habiba-elghazouly/Tsk2_ws/install/weather_interfaces/include/weather_interfaces/weather_interfaces/srv
[0.315s] -- Up-to-date: /home/habiba-elghazouly/Tsk2_ws/install/weather_interfaces/include/weather_interfaces/weather_interfaces/srv/detail
[0.316s] -- Up-to-date: /home/habiba-elghazouly/Tsk2_ws/install/weather_interfaces/include/weather_interfaces/weather_interfaces/srv/detail/data_check__rosidl_typesupport_fastrtps_cpp.hpp
[0.316s] -- Up-to-date: /home/habiba-elghazouly/Tsk2_ws/install/weather_interfaces/include/weather_interfaces/weather_interfaces/srv/detail/dds_fastrtps
[0.316s] -- Up-to-date: /home/habiba-elghazouly/Tsk2_ws/install/weather_interfaces/lib/libweather_interfaces__rosidl_typesupport_fastrtps_cpp.so
[0.316s] -- Up-to-date: /home/habiba-elghazouly/Tsk2_ws/install/weather_interfaces/include/weather_interfaces/weather_interfaces
[0.316s] -- Up-to-date: /home/habiba-elghazouly/Tsk2_ws/install/weather_interfaces/include/weather_interfaces/weather_interfaces/srv
[0.316s] -- Up-to-date: /home/habiba-elghazouly/Tsk2_ws/install/weather_interfaces/include/weather_interfaces/weather_interfaces/srv/detail
[0.316s] -- Up-to-date: /home/habiba-elghazouly/Tsk2_ws/install/weather_interfaces/include/weather_interfaces/weather_interfaces/srv/detail/data_check__rosidl_typesupport_introspection_cpp.hpp
[0.316s] -- Up-to-date: /home/habiba-elghazouly/Tsk2_ws/install/weather_interfaces/include/weather_interfaces/weather_interfaces/srv/detail/data_check__type_support.cpp
[0.316s] -- Up-to-date: /home/habiba-elghazouly/Tsk2_ws/install/weather_interfaces/lib/libweather_interfaces__rosidl_typesupport_introspection_cpp.so
[0.316s] -- Up-to-date: /home/habiba-elghazouly/Tsk2_ws/install/weather_interfaces/lib/libweather_interfaces__rosidl_typesupport_cpp.so
[0.316s] -- Up-to-date: /home/habiba-elghazouly/Tsk2_ws/install/weather_interfaces/share/weather_interfaces/environment/pythonpath.sh
[0.316s] -- Up-to-date: /home/habiba-elghazouly/Tsk2_ws/install/weather_interfaces/share/weather_interfaces/environment/pythonpath.dsv
[0.316s] -- Up-to-date: /home/habiba-elghazouly/Tsk2_ws/install/weather_interfaces/lib/python3.12/site-packages/weather_interfaces-0.0.0-py3.12.egg-info
[0.316s] -- Installing: /home/habiba-elghazouly/Tsk2_ws/install/weather_interfaces/lib/python3.12/site-packages/weather_interfaces-0.0.0-py3.12.egg-info/PKG-INFO
[0.316s] -- Installing: /home/habiba-elghazouly/Tsk2_ws/install/weather_interfaces/lib/python3.12/site-packages/weather_interfaces-0.0.0-py3.12.egg-info/SOURCES.txt
[0.316s] -- Installing: /home/habiba-elghazouly/Tsk2_ws/install/weather_interfaces/lib/python3.12/site-packages/weather_interfaces-0.0.0-py3.12.egg-info/top_level.txt
[0.316s] -- Installing: /home/habiba-elghazouly/Tsk2_ws/install/weather_interfaces/lib/python3.12/site-packages/weather_interfaces-0.0.0-py3.12.egg-info/dependency_links.txt
[0.316s] -- Up-to-date: /home/habiba-elghazouly/Tsk2_ws/install/weather_interfaces/lib/python3.12/site-packages/weather_interfaces
[0.316s] -- Up-to-date: /home/habiba-elghazouly/Tsk2_ws/install/weather_interfaces/lib/python3.12/site-packages/weather_interfaces/_weather_interfaces_s.ep.rosidl_typesupport_c.c
[0.316s] -- Up-to-date: /home/habiba-elghazouly/Tsk2_ws/install/weather_interfaces/lib/python3.12/site-packages/weather_interfaces/_weather_interfaces_s.ep.rosidl_typesupport_introspection_c.c
[0.316s] -- Up-to-date: /home/habiba-elghazouly/Tsk2_ws/install/weather_interfaces/lib/python3.12/site-packages/weather_interfaces/weather_interfaces_s__rosidl_typesupport_fastrtps_c.so
[0.316s] -- Up-to-date: /home/habiba-elghazouly/Tsk2_ws/install/weather_interfaces/lib/python3.12/site-packages/weather_interfaces/__init__.py
[0.316s] -- Up-to-date: /home/habiba-elghazouly/Tsk2_ws/install/weather_interfaces/lib/python3.12/site-packages/weather_interfaces/weather_interfaces_s__rosidl_typesupport_introspection_c.so
[0.316s] -- Up-to-date: /home/habiba-elghazouly/Tsk2_ws/install/weather_interfaces/lib/python3.12/site-packages/weather_interfaces/srv
[0.317s] -- Up-to-date: /home/habiba-elghazouly/Tsk2_ws/install/weather_interfaces/lib/python3.12/site-packages/weather_interfaces/srv/_data_check.py
[0.317s] -- Up-to-date: /home/habiba-elghazouly/Tsk2_ws/install/weather_interfaces/lib/python3.12/site-packages/weather_interfaces/srv/_data_check_s.c
[0.317s] -- Up-to-date: /home/habiba-elghazouly/Tsk2_ws/install/weather_interfaces/lib/python3.12/site-packages/weather_interfaces/srv/__init__.py
[0.317s] -- Up-to-date: /home/habiba-elghazouly/Tsk2_ws/install/weather_interfaces/lib/python3.12/site-packages/weather_interfaces/weather_interfaces_s__rosidl_typesupport_c.so
[0.317s] -- Up-to-date: /home/habiba-elghazouly/Tsk2_ws/install/weather_interfaces/lib/python3.12/site-packages/weather_interfaces/_weather_interfaces_s.ep.rosidl_typesupport_fastrtps_c.c
[0.340s] Listing '/home/habiba-elghazouly/Tsk2_ws/install/weather_interfaces/lib/python3.12/site-packages/weather_interfaces'...
[0.340s] Listing '/home/habiba-elghazouly/Tsk2_ws/install/weather_interfaces/lib/python3.12/site-packages/weather_interfaces/srv'...
[0.344s] -- Up-to-date: /home/habiba-elghazouly/Tsk2_ws/install/weather_interfaces/lib/python3.12/site-packages/weather_interfaces/weather_interfaces_s__rosidl_typesupport_fastrtps_c.so
[0.344s] -- Up-to-date: /home/habiba-elghazouly/Tsk2_ws/install/weather_interfaces/lib/python3.12/site-packages/weather_interfaces/weather_interfaces_s__rosidl_typesupport_introspection_c.so
[0.344s] -- Up-to-date: /home/habiba-elghazouly/Tsk2_ws/install/weather_interfaces/lib/python3.12/site-packages/weather_interfaces/weather_interfaces_s__rosidl_typesupport_c.so
[0.344s] -- Up-to-date: /home/habiba-elghazouly/Tsk2_ws/install/weather_interfaces/lib/libweather_interfaces__rosidl_generator_py.so
[0.344s] -- Up-to-date: /home/habiba-elghazouly/Tsk2_ws/install/weather_interfaces/share/weather_interfaces/srv/DataCheck.idl
[0.344s] -- Up-to-date: /home/habiba-elghazouly/Tsk2_ws/install/weather_interfaces/share/weather_interfaces/srv/DataCheck.srv
[0.344s] -- Up-to-date: /home/habiba-elghazouly/Tsk2_ws/install/weather_interfaces/share/ament_index/resource_index/package_run_dependencies/weather_interfaces
[0.344s] -- Up-to-date: /home/habiba-elghazouly/Tsk2_ws/install/weather_interfaces/share/ament_index/resource_index/parent_prefix_path/weather_interfaces
[0.345s] -- Up-to-date: /home/habiba-elghazouly/Tsk2_ws/install/weather_interfaces/share/weather_interfaces/environment/ament_prefix_path.sh
[0.345s] -- Up-to-date: /home/habiba-elghazouly/Tsk2_ws/install/weather_interfaces/share/weather_interfaces/environment/ament_prefix_path.dsv
[0.345s] -- Up-to-date: /home/habiba-elghazouly/Tsk2_ws/install/weather_interfaces/share/weather_interfaces/environment/path.sh
[0.345s] -- Up-to-date: /home/habiba-elghazouly/Tsk2_ws/install/weather_interfaces/share/weather_interfaces/environment/path.dsv
[0.345s] -- Up-to-date: /home/habiba-elghazouly/Tsk2_ws/install/weather_interfaces/share/weather_interfaces/local_setup.bash
[0.345s] -- Up-to-date: /home/habiba-elghazouly/Tsk2_ws/install/weather_interfaces/share/weather_interfaces/local_setup.sh
[0.345s] -- Up-to-date: /home/habiba-elghazouly/Tsk2_ws/install/weather_interfaces/share/weather_interfaces/local_setup.zsh
[0.345s] -- Up-to-date: /home/habiba-elghazouly/Tsk2_ws/install/weather_interfaces/share/weather_interfaces/local_setup.dsv
[0.345s] -- Installing: /home/habiba-elghazouly/Tsk2_ws/install/weather_interfaces/share/weather_interfaces/package.dsv
[0.345s] -- Up-to-date: /home/habiba-elghazouly/Tsk2_ws/install/weather_interfaces/share/ament_index/resource_index/packages/weather_interfaces
[0.345s] -- Up-to-date: /home/habiba-elghazouly/Tsk2_ws/install/weather_interfaces/share/weather_interfaces/cmake/export_weather_interfaces__rosidl_generator_cExport.cmake
[0.345s] -- Up-to-date: /home/habiba-elghazouly/Tsk2_ws/install/weather_interfaces/share/weather_interfaces/cmake/export_weather_interfaces__rosidl_generator_cExport-noconfig.cmake
[0.345s] -- Up-to-date: /home/habiba-elghazouly/Tsk2_ws/install/weather_interfaces/share/weather_interfaces/cmake/export_weather_interfaces__rosidl_typesupport_fastrtps_cExport.cmake
[0.345s] -- Up-to-date: /home/habiba-elghazouly/Tsk2_ws/install/weather_interfaces/share/weather_interfaces/cmake/export_weather_interfaces__rosidl_typesupport_fastrtps_cExport-noconfig.cmake
[0.345s] -- Up-to-date: /home/habiba-elghazouly/Tsk2_ws/install/weather_interfaces/share/weather_interfaces/cmake/weather_interfaces__rosidl_typesupport_introspection_cExport.cmake
[0.345s] -- Up-to-date: /home/habiba-elghazouly/Tsk2_ws/install/weather_interfaces/share/weather_interfaces/cmake/weather_interfaces__rosidl_typesupport_introspection_cExport-noconfig.cmake
[0.345s] -- Up-to-date: /home/habiba-elghazouly/Tsk2_ws/install/weather_interfaces/share/weather_interfaces/cmake/weather_interfaces__rosidl_typesupport_cExport.cmake
[0.346s] -- Up-to-date: /home/habiba-elghazouly/Tsk2_ws/install/weather_interfaces/share/weather_interfaces/cmake/weather_interfaces__rosidl_typesupport_cExport-noconfig.cmake
[0.346s] -- Up-to-date: /home/habiba-elghazouly/Tsk2_ws/install/weather_interfaces/share/weather_interfaces/cmake/export_weather_interfaces__rosidl_generator_cppExport.cmake
[0.346s] -- Up-to-date: /home/habiba-elghazouly/Tsk2_ws/install/weather_interfaces/share/weather_interfaces/cmake/export_weather_interfaces__rosidl_typesupport_fastrtps_cppExport.cmake
[0.346s] -- Up-to-date: /home/habiba-elghazouly/Tsk2_ws/install/weather_interfaces/share/weather_interfaces/cmake/export_weather_interfaces__rosidl_typesupport_fastrtps_cppExport-noconfig.cmake
[0.346s] -- Up-to-date: /home/habiba-elghazouly/Tsk2_ws/install/weather_interfaces/share/weather_interfaces/cmake/weather_interfaces__rosidl_typesupport_introspection_cppExport.cmake
[0.346s] -- Up-to-date: /home/habiba-elghazouly/Tsk2_ws/install/weather_interfaces/share/weather_interfaces/cmake/weather_interfaces__rosidl_typesupport_introspection_cppExport-noconfig.cmake
[0.346s] -- Up-to-date: /home/habiba-elghazouly/Tsk2_ws/install/weather_interfaces/share/weather_interfaces/cmake/weather_interfaces__rosidl_typesupport_cppExport.cmake
[0.346s] -- Up-to-date: /home/habiba-elghazouly/Tsk2_ws/install/weather_interfaces/share/weather_interfaces/cmake/weather_interfaces__rosidl_typesupport_cppExport-noconfig.cmake
[0.346s] -- Up-to-date: /home/habiba-elghazouly/Tsk2_ws/install/weather_interfaces/share/weather_interfaces/cmake/export_weather_interfaces__rosidl_generator_pyExport.cmake
[0.346s] -- Up-to-date: /home/habiba-elghazouly/Tsk2_ws/install/weather_interfaces/share/weather_interfaces/cmake/export_weather_interfaces__rosidl_generator_pyExport-noconfig.cmake
[0.346s] -- Up-to-date: /home/habiba-elghazouly/Tsk2_ws/install/weather_interfaces/share/weather_interfaces/cmake/rosidl_cmake-extras.cmake
[0.346s] -- Up-to-date: /home/habiba-elghazouly/Tsk2_ws/install/weather_interfaces/share/weather_interfaces/cmake/ament_cmake_export_dependencies-extras.cmake
[0.346s] -- Up-to-date: /home/habiba-elghazouly/Tsk2_ws/install/weather_interfaces/share/weather_interfaces/cmake/ament_cmake_export_include_directories-extras.cmake
[0.346s] -- Up-to-date: /home/habiba-elghazouly/Tsk2_ws/install/weather_interfaces/share/weather_interfaces/cmake/ament_cmake_export_libraries-extras.cmake
[0.346s] -- Up-to-date: /home/habiba-elghazouly/Tsk2_ws/install/weather_interfaces/share/weather_interfaces/cmake/ament_cmake_export_targets-extras.cmake
[0.346s] -- Up-to-date: /home/habiba-elghazouly/Tsk2_ws/install/weather_interfaces/share/weather_interfaces/cmake/rosidl_cmake_export_typesupport_targets-extras.cmake
[0.346s] -- Up-to-date: /home/habiba-elghazouly/Tsk2_ws/install/weather_interfaces/share/weather_interfaces/cmake/rosidl_cmake_export_typesupport_libraries-extras.cmake
[0.346s] -- Up-to-date: /home/habiba-elghazouly/Tsk2_ws/install/weather_interfaces/share/weather_interfaces/cmake/weather_interfacesConfig.cmake
[0.346s] -- Up-to-date: /home/habiba-elghazouly/Tsk2_ws/install/weather_interfaces/share/weather_interfaces/cmake/weather_interfacesConfig-version.cmake
[0.346s] -- Up-to-date: /home/habiba-elghazouly/Tsk2_ws/install/weather_interfaces/share/weather_interfaces/package.xml
[0.347s] Invoked command in '/home/habiba-elghazouly/Tsk2_ws/build/weather_interfaces' returned '0': CMAKE_PREFIX_PATH=${CMAKE_PREFIX_PATH}:/home/habiba-elghazouly/Tsk2_ws/install/pkg:/home/habiba-elghazouly/tsk1_ws/install/mypkg:/home/habiba-elghazouly/ses2_ws/install/mypkg:/home/habiba-elghazouly/ses1_ws/install/py_pkg:/opt/ros/jazzy DEBUGINFOD_URLS=https://debuginfod.ubuntu.com /usr/bin/cmake --install /home/habiba-elghazouly/Tsk2_ws/build/weather_interfaces
