[6.112s] Invoking command in '/home/habiba-elghazouly/Tsk2_ws/src/pkg': DEBUGINFOD_URLS=https://debuginfod.ubuntu.com PYTHONPATH=/home/habiba-elghazouly/Tsk2_ws/build/pkg/prefix_override:/usr/lib/python3/dist-packages/colcon_core/task/python/colcon_distutils_commands:/home/habiba-elghazouly/Tsk2_ws/install/pkg/lib/python3.12/site-packages:${PYTHONPATH} /usr/bin/python3 -W ignore:setup.py install is deprecated setup.py egg_info --egg-base ../../build/pkg build --build-base /home/habiba-elghazouly/Tsk2_ws/build/pkg/build install --record /home/habiba-elghazouly/Tsk2_ws/build/pkg/install.log --single-version-externally-managed install_data
[6.278s] running egg_info
[6.290s] writing ../../build/pkg/pkg.egg-info/PKG-INFO
[6.290s] writing dependency_links to ../../build/pkg/pkg.egg-info/dependency_links.txt
[6.290s] writing entry points to ../../build/pkg/pkg.egg-info/entry_points.txt
[6.290s] writing requirements to ../../build/pkg/pkg.egg-info/requires.txt
[6.290s] writing top-level names to ../../build/pkg/pkg.egg-info/top_level.txt
[6.314s] reading manifest file '../../build/pkg/pkg.egg-info/SOURCES.txt'
[6.336s] writing manifest file '../../build/pkg/pkg.egg-info/SOURCES.txt'
[6.336s] running build
[6.336s] running build_py
[6.336s] running install
[6.342s] running install_lib
[6.354s] running install_data
[6.354s] running install_egg_info
[6.367s] removing '/home/habiba-elghazouly/Tsk2_ws/install/pkg/lib/python3.12/site-packages/pkg-0.0.0-py3.12.egg-info' (and everything under it)
[6.367s] Copying ../../build/pkg/pkg.egg-info to /home/habiba-elghazouly/Tsk2_ws/install/pkg/lib/python3.12/site-packages/pkg-0.0.0-py3.12.egg-info
[6.384s] running install_scripts
[6.469s] Installing onfield script to /home/habiba-elghazouly/Tsk2_ws/install/pkg/lib/pkg
[6.469s] Installing sensor_subscriber script to /home/habiba-elghazouly/Tsk2_ws/install/pkg/lib/pkg
[6.469s] writing list of installed files to '/home/habiba-elghazouly/Tsk2_ws/build/pkg/install.log'
[6.488s] Invoked command in '/home/habiba-elghazouly/Tsk2_ws/src/pkg' returned '0': DEBUGINFOD_URLS=https://debuginfod.ubuntu.com PYTHONPATH=/home/habiba-elghazouly/Tsk2_ws/build/pkg/prefix_override:/usr/lib/python3/dist-packages/colcon_core/task/python/colcon_distutils_commands:/home/habiba-elghazouly/Tsk2_ws/install/pkg/lib/python3.12/site-packages:${PYTHONPATH} /usr/bin/python3 -W ignore:setup.py install is deprecated setup.py egg_info --egg-base ../../build/pkg build --build-base /home/habiba-elghazouly/Tsk2_ws/build/pkg/build install --record /home/habiba-elghazouly/Tsk2_ws/build/pkg/install.log --single-version-externally-managed install_data
