-- The C compiler identification is GNU 13.2.0
-- The CXX compiler identification is GNU 13.2.0
-- Detecting C compiler ABI info
-- Detecting C compiler ABI info - done
-- Check for working C compiler: /usr/bin/cc - skipped
-- Detecting C compile features
-- Detecting C compile features - done
-- Detecting CXX compiler ABI info
-- Detecting CXX compiler ABI info - done
-- Check for working CXX compiler: /usr/bin/c++ - skipped
-- Detecting CXX compile features
-- Detecting CXX compile features - done
-- Found ament_cmake: 2.5.2 (/opt/ros/jazzy/share/ament_cmake/cmake)
-- Found Python3: /usr/bin/python3 (found version "3.12.3") found components: Interpreter 
-- Found rosidl_default_generators: 1.6.0 (/opt/ros/jazzy/share/rosidl_default_generators/cmake)
-- Using all available rosidl_typesupport_c: rosidl_typesupport_fastrtps_c;rosidl_typesupport_introspection_c
-- Using all available rosidl_typesupport_cpp: rosidl_typesupport_fastrtps_cpp;rosidl_typesupport_introspection_cpp
-- Found rosidl_adapter: 4.6.3 (/opt/ros/jazzy/share/rosidl_adapter/cmake)
-- Found ament_cmake_ros: 0.12.0 (/opt/ros/jazzy/share/ament_cmake_ros/cmake)
-- Using all available rosidl_typesupport_c: rosidl_typesupport_fastrtps_c;rosidl_typesupport_introspection_c
-- Using all available rosidl_typesupport_cpp: rosidl_typesupport_fastrtps_cpp;rosidl_typesupport_introspection_cpp
-- Found python_cmake_module: 0.11.1 (/opt/ros/jazzy/share/python_cmake_module/cmake)
-- Found PythonExtra: /usr/bin/python3  
-- Found Python3: /usr/bin/python3 (found version "3.12.3") found components: Interpreter Development NumPy Development.Module Development.Embed 
-- Configuring done (8.8s)
-- Generating done (0.0s)
-- Build files have been written to: /home/habiba-elghazouly/Tsk2_ws/build/weather_interfaces
[  2%] [34m[1mGenerating type hashes for ROS interfaces[0m
[  2%] Built target ament_cmake_python_copy_weather_interfaces
running egg_info
creating weather_interfaces.egg-info
writing weather_interfaces.egg-info/PKG-INFO
writing dependency_links to weather_interfaces.egg-info/dependency_links.txt
writing top-level names to weather_interfaces.egg-info/top_level.txt
writing manifest file 'weather_interfaces.egg-info/SOURCES.txt'
reading manifest file 'weather_interfaces.egg-info/SOURCES.txt'
writing manifest file 'weather_interfaces.egg-info/SOURCES.txt'
[  2%] Built target ament_cmake_python_build_weather_interfaces_egg
[  2%] Built target weather_interfaces__rosidl_generator_type_description
[  5%] [34m[1mGenerating C code for ROS interfaces[0m
[  8%] [34m[1mGenerating C++ code for ROS interfaces[0m
[  8%] Built target weather_interfaces__cpp
[ 17%] [32mBuilding C object CMakeFiles/weather_interfaces__rosidl_generator_c.dir/rosidl_generator_c/weather_interfaces/srv/detail/data_check__description.c.o[0m
[ 17%] [32mBuilding C object CMakeFiles/weather_interfaces__rosidl_generator_c.dir/rosidl_generator_c/weather_interfaces/srv/detail/data_check__functions.c.o[0m
[ 17%] [32mBuilding C object CMakeFiles/weather_interfaces__rosidl_generator_c.dir/rosidl_generator_c/weather_interfaces/srv/detail/data_check__type_support.c.o[0m
[ 20%] [32m[1mLinking C shared library libweather_interfaces__rosidl_generator_c.so[0m
[ 20%] Built target weather_interfaces__rosidl_generator_c
[ 26%] [34m[1mGenerating C++ type support for eProsima Fast-RTPS[0m
[ 26%] [34m[1mGenerating C++ introspection for ROS interfaces[0m
[ 32%] [34m[1mGenerating C type support for eProsima Fast-RTPS[0m
[ 32%] [34m[1mGenerating C++ type support dispatch for ROS interfaces[0m
[ 38%] [34m[1mGenerating C introspection for ROS interfaces[0m
[ 38%] [34m[1mGenerating C type support dispatch for ROS interfaces[0m
[ 41%] [32mBuilding CXX object CMakeFiles/weather_interfaces__rosidl_typesupport_c.dir/rosidl_typesupport_c/weather_interfaces/srv/data_check__type_support.cpp.o[0m
[ 44%] [32mBuilding CXX object CMakeFiles/weather_interfaces__rosidl_typesupport_introspection_cpp.dir/rosidl_typesupport_introspection_cpp/weather_interfaces/srv/detail/data_check__type_support.cpp.o[0m
[ 47%] [32mBuilding CXX object CMakeFiles/weather_interfaces__rosidl_typesupport_cpp.dir/rosidl_typesupport_cpp/weather_interfaces/srv/data_check__type_support.cpp.o[0m
[ 50%] [32mBuilding C object CMakeFiles/weather_interfaces__rosidl_typesupport_introspection_c.dir/rosidl_typesupport_introspection_c/weather_interfaces/srv/detail/data_check__type_support.c.o[0m
[ 52%] [32m[1mLinking C shared library libweather_interfaces__rosidl_typesupport_introspection_c.so[0m
[ 55%] [32mBuilding CXX object CMakeFiles/weather_interfaces__rosidl_typesupport_fastrtps_cpp.dir/rosidl_typesupport_fastrtps_cpp/weather_interfaces/srv/detail/dds_fastrtps/data_check__type_support.cpp.o[0m
[ 58%] [32mBuilding CXX object CMakeFiles/weather_interfaces__rosidl_typesupport_fastrtps_c.dir/rosidl_typesupport_fastrtps_c/weather_interfaces/srv/detail/data_check__type_support_c.cpp.o[0m
[ 58%] Built target weather_interfaces__rosidl_typesupport_introspection_c
[ 61%] [32m[1mLinking CXX shared library libweather_interfaces__rosidl_typesupport_c.so[0m
[ 61%] Built target weather_interfaces__rosidl_typesupport_c
[ 64%] [32m[1mLinking CXX shared library libweather_interfaces__rosidl_typesupport_cpp.so[0m
[ 67%] [32m[1mLinking CXX shared library libweather_interfaces__rosidl_typesupport_introspection_cpp.so[0m
[ 67%] Built target weather_interfaces__rosidl_typesupport_cpp
[ 67%] Built target weather_interfaces__rosidl_typesupport_introspection_cpp
[ 70%] [32m[1mLinking CXX shared library libweather_interfaces__rosidl_typesupport_fastrtps_c.so[0m
[ 70%] Built target weather_interfaces__rosidl_typesupport_fastrtps_c
[ 73%] [32m[1mLinking CXX shared library libweather_interfaces__rosidl_typesupport_fastrtps_cpp.so[0m
[ 73%] Built target weather_interfaces__rosidl_typesupport_fastrtps_cpp
[ 73%] Built target weather_interfaces
[ 76%] [34m[1mGenerating Python code for ROS interfaces[0m
[ 76%] Built target weather_interfaces__py
[ 79%] [32mBuilding C object CMakeFiles/weather_interfaces__rosidl_generator_py.dir/rosidl_generator_py/weather_interfaces/srv/_data_check_s.c.o[0m
[ 82%] [32m[1mLinking C shared library libweather_interfaces__rosidl_generator_py.so[0m
[ 82%] Built target weather_interfaces__rosidl_generator_py
[ 85%] [32mBuilding C object CMakeFiles/weather_interfaces_s__rosidl_typesupport_c.dir/rosidl_generator_py/weather_interfaces/_weather_interfaces_s.ep.rosidl_typesupport_c.c.o[0m
[ 91%] [32mBuilding C object CMakeFiles/weather_interfaces_s__rosidl_typesupport_introspection_c.dir/rosidl_generator_py/weather_interfaces/_weather_interfaces_s.ep.rosidl_typesupport_introspection_c.c.o[0m
[ 91%] [32mBuilding C object CMakeFiles/weather_interfaces_s__rosidl_typesupport_fastrtps_c.dir/rosidl_generator_py/weather_interfaces/_weather_interfaces_s.ep.rosidl_typesupport_fastrtps_c.c.o[0m
[ 94%] [32m[1mLinking C shared module rosidl_generator_py/weather_interfaces/weather_interfaces_s__rosidl_typesupport_c.so[0m
[ 97%] [32m[1mLinking C shared module rosidl_generator_py/weather_interfaces/weather_interfaces_s__rosidl_typesupport_introspection_c.so[0m
[ 97%] Built target weather_interfaces_s__rosidl_typesupport_introspection_c
[ 97%] Built target weather_interfaces_s__rosidl_typesupport_c
[100%] [32m[1mLinking C shared module rosidl_generator_py/weather_interfaces/weather_interfaces_s__rosidl_typesupport_fastrtps_c.so[0m
[100%] Built target weather_interfaces_s__rosidl_typesupport_fastrtps_c
-- Install configuration: ""
-- Installing: /home/habiba-elghazouly/Tsk2_ws/install/weather_interfaces/share/ament_index/resource_index/rosidl_interfaces/weather_interfaces
-- Installing: /home/habiba-elghazouly/Tsk2_ws/install/weather_interfaces/share/weather_interfaces/srv/DataCheck.json
-- Installing: /home/habiba-elghazouly/Tsk2_ws/install/weather_interfaces/include/weather_interfaces/weather_interfaces
-- Installing: /home/habiba-elghazouly/Tsk2_ws/install/weather_interfaces/include/weather_interfaces/weather_interfaces/msg
-- Installing: /home/habiba-elghazouly/Tsk2_ws/install/weather_interfaces/include/weather_interfaces/weather_interfaces/msg/rosidl_generator_c__visibility_control.h
-- Installing: /home/habiba-elghazouly/Tsk2_ws/install/weather_interfaces/include/weather_interfaces/weather_interfaces/srv
-- Installing: /home/habiba-elghazouly/Tsk2_ws/install/weather_interfaces/include/weather_interfaces/weather_interfaces/srv/detail
-- Installing: /home/habiba-elghazouly/Tsk2_ws/install/weather_interfaces/include/weather_interfaces/weather_interfaces/srv/detail/data_check__functions.c
-- Installing: /home/habiba-elghazouly/Tsk2_ws/install/weather_interfaces/include/weather_interfaces/weather_interfaces/srv/detail/data_check__struct.h
-- Installing: /home/habiba-elghazouly/Tsk2_ws/install/weather_interfaces/include/weather_interfaces/weather_interfaces/srv/detail/data_check__description.c
-- Installing: /home/habiba-elghazouly/Tsk2_ws/install/weather_interfaces/include/weather_interfaces/weather_interfaces/srv/detail/data_check__functions.h
-- Installing: /home/habiba-elghazouly/Tsk2_ws/install/weather_interfaces/include/weather_interfaces/weather_interfaces/srv/detail/data_check__type_support.c
-- Installing: /home/habiba-elghazouly/Tsk2_ws/install/weather_interfaces/include/weather_interfaces/weather_interfaces/srv/detail/data_check__type_support.h
-- Installing: /home/habiba-elghazouly/Tsk2_ws/install/weather_interfaces/include/weather_interfaces/weather_interfaces/srv/data_check.h
-- Installing: /home/habiba-elghazouly/Tsk2_ws/install/weather_interfaces/share/weather_interfaces/environment/library_path.sh
-- Installing: /home/habiba-elghazouly/Tsk2_ws/install/weather_interfaces/share/weather_interfaces/environment/library_path.dsv
-- Installing: /home/habiba-elghazouly/Tsk2_ws/install/weather_interfaces/lib/libweather_interfaces__rosidl_generator_c.so
-- Set non-toolchain portion of runtime path of "/home/habiba-elghazouly/Tsk2_ws/install/weather_interfaces/lib/libweather_interfaces__rosidl_generator_c.so" to ""
-- Up-to-date: /home/habiba-elghazouly/Tsk2_ws/install/weather_interfaces/include/weather_interfaces/weather_interfaces
-- Up-to-date: /home/habiba-elghazouly/Tsk2_ws/install/weather_interfaces/include/weather_interfaces/weather_interfaces/msg
-- Installing: /home/habiba-elghazouly/Tsk2_ws/install/weather_interfaces/include/weather_interfaces/weather_interfaces/msg/rosidl_typesupport_fastrtps_c__visibility_control.h
-- Up-to-date: /home/habiba-elghazouly/Tsk2_ws/install/weather_interfaces/include/weather_interfaces/weather_interfaces/srv
-- Up-to-date: /home/habiba-elghazouly/Tsk2_ws/install/weather_interfaces/include/weather_interfaces/weather_interfaces/srv/detail
-- Installing: /home/habiba-elghazouly/Tsk2_ws/install/weather_interfaces/include/weather_interfaces/weather_interfaces/srv/detail/data_check__rosidl_typesupport_fastrtps_c.h
-- Installing: /home/habiba-elghazouly/Tsk2_ws/install/weather_interfaces/lib/libweather_interfaces__rosidl_typesupport_fastrtps_c.so
-- Set non-toolchain portion of runtime path of "/home/habiba-elghazouly/Tsk2_ws/install/weather_interfaces/lib/libweather_interfaces__rosidl_typesupport_fastrtps_c.so" to ""
-- Up-to-date: /home/habiba-elghazouly/Tsk2_ws/install/weather_interfaces/include/weather_interfaces/weather_interfaces
-- Up-to-date: /home/habiba-elghazouly/Tsk2_ws/install/weather_interfaces/include/weather_interfaces/weather_interfaces/msg
-- Installing: /home/habiba-elghazouly/Tsk2_ws/install/weather_interfaces/include/weather_interfaces/weather_interfaces/msg/rosidl_typesupport_introspection_c__visibility_control.h
-- Up-to-date: /home/habiba-elghazouly/Tsk2_ws/install/weather_interfaces/include/weather_interfaces/weather_interfaces/srv
-- Up-to-date: /home/habiba-elghazouly/Tsk2_ws/install/weather_interfaces/include/weather_interfaces/weather_interfaces/srv/detail
-- Installing: /home/habiba-elghazouly/Tsk2_ws/install/weather_interfaces/include/weather_interfaces/weather_interfaces/srv/detail/data_check__rosidl_typesupport_introspection_c.h
-- Installing: /home/habiba-elghazouly/Tsk2_ws/install/weather_interfaces/include/weather_interfaces/weather_interfaces/srv/detail/data_check__type_support.c
-- Installing: /home/habiba-elghazouly/Tsk2_ws/install/weather_interfaces/lib/libweather_interfaces__rosidl_typesupport_introspection_c.so
-- Set non-toolchain portion of runtime path of "/home/habiba-elghazouly/Tsk2_ws/install/weather_interfaces/lib/libweather_interfaces__rosidl_typesupport_introspection_c.so" to ""
-- Installing: /home/habiba-elghazouly/Tsk2_ws/install/weather_interfaces/lib/libweather_interfaces__rosidl_typesupport_c.so
-- Set non-toolchain portion of runtime path of "/home/habiba-elghazouly/Tsk2_ws/install/weather_interfaces/lib/libweather_interfaces__rosidl_typesupport_c.so" to ""
-- Up-to-date: /home/habiba-elghazouly/Tsk2_ws/install/weather_interfaces/include/weather_interfaces/weather_interfaces
-- Up-to-date: /home/habiba-elghazouly/Tsk2_ws/install/weather_interfaces/include/weather_interfaces/weather_interfaces/msg
-- Installing: /home/habiba-elghazouly/Tsk2_ws/install/weather_interfaces/include/weather_interfaces/weather_interfaces/msg/rosidl_generator_cpp__visibility_control.hpp
-- Up-to-date: /home/habiba-elghazouly/Tsk2_ws/install/weather_interfaces/include/weather_interfaces/weather_interfaces/srv
-- Installing: /home/habiba-elghazouly/Tsk2_ws/install/weather_interfaces/include/weather_interfaces/weather_interfaces/srv/data_check.hpp
-- Up-to-date: /home/habiba-elghazouly/Tsk2_ws/install/weather_interfaces/include/weather_interfaces/weather_interfaces/srv/detail
-- Installing: /home/habiba-elghazouly/Tsk2_ws/install/weather_interfaces/include/weather_interfaces/weather_interfaces/srv/detail/data_check__builder.hpp
-- Installing: /home/habiba-elghazouly/Tsk2_ws/install/weather_interfaces/include/weather_interfaces/weather_interfaces/srv/detail/data_check__struct.hpp
-- Installing: /home/habiba-elghazouly/Tsk2_ws/install/weather_interfaces/include/weather_interfaces/weather_interfaces/srv/detail/data_check__traits.hpp
-- Installing: /home/habiba-elghazouly/Tsk2_ws/install/weather_interfaces/include/weather_interfaces/weather_interfaces/srv/detail/data_check__type_support.hpp
-- Up-to-date: /home/habiba-elghazouly/Tsk2_ws/install/weather_interfaces/include/weather_interfaces/weather_interfaces
-- Up-to-date: /home/habiba-elghazouly/Tsk2_ws/install/weather_interfaces/include/weather_interfaces/weather_interfaces/msg
-- Installing: /home/habiba-elghazouly/Tsk2_ws/install/weather_interfaces/include/weather_interfaces/weather_interfaces/msg/rosidl_typesupport_fastrtps_cpp__visibility_control.h
-- Up-to-date: /home/habiba-elghazouly/Tsk2_ws/install/weather_interfaces/include/weather_interfaces/weather_interfaces/srv
-- Up-to-date: /home/habiba-elghazouly/Tsk2_ws/install/weather_interfaces/include/weather_interfaces/weather_interfaces/srv/detail
-- Installing: /home/habiba-elghazouly/Tsk2_ws/install/weather_interfaces/include/weather_interfaces/weather_interfaces/srv/detail/data_check__rosidl_typesupport_fastrtps_cpp.hpp
-- Installing: /home/habiba-elghazouly/Tsk2_ws/install/weather_interfaces/include/weather_interfaces/weather_interfaces/srv/detail/dds_fastrtps
-- Installing: /home/habiba-elghazouly/Tsk2_ws/install/weather_interfaces/lib/libweather_interfaces__rosidl_typesupport_fastrtps_cpp.so
-- Set non-toolchain portion of runtime path of "/home/habiba-elghazouly/Tsk2_ws/install/weather_interfaces/lib/libweather_interfaces__rosidl_typesupport_fastrtps_cpp.so" to ""
-- Up-to-date: /home/habiba-elghazouly/Tsk2_ws/install/weather_interfaces/include/weather_interfaces/weather_interfaces
-- Up-to-date: /home/habiba-elghazouly/Tsk2_ws/install/weather_interfaces/include/weather_interfaces/weather_interfaces/srv
-- Up-to-date: /home/habiba-elghazouly/Tsk2_ws/install/weather_interfaces/include/weather_interfaces/weather_interfaces/srv/detail
-- Installing: /home/habiba-elghazouly/Tsk2_ws/install/weather_interfaces/include/weather_interfaces/weather_interfaces/srv/detail/data_check__rosidl_typesupport_introspection_cpp.hpp
-- Installing: /home/habiba-elghazouly/Tsk2_ws/install/weather_interfaces/include/weather_interfaces/weather_interfaces/srv/detail/data_check__type_support.cpp
-- Installing: /home/habiba-elghazouly/Tsk2_ws/install/weather_interfaces/lib/libweather_interfaces__rosidl_typesupport_introspection_cpp.so
-- Set non-toolchain portion of runtime path of "/home/habiba-elghazouly/Tsk2_ws/install/weather_interfaces/lib/libweather_interfaces__rosidl_typesupport_introspection_cpp.so" to ""
-- Installing: /home/habiba-elghazouly/Tsk2_ws/install/weather_interfaces/lib/libweather_interfaces__rosidl_typesupport_cpp.so
-- Set non-toolchain portion of runtime path of "/home/habiba-elghazouly/Tsk2_ws/install/weather_interfaces/lib/libweather_interfaces__rosidl_typesupport_cpp.so" to ""
-- Installing: /home/habiba-elghazouly/Tsk2_ws/install/weather_interfaces/share/weather_interfaces/environment/pythonpath.sh
-- Installing: /home/habiba-elghazouly/Tsk2_ws/install/weather_interfaces/share/weather_interfaces/environment/pythonpath.dsv
-- Installing: /home/habiba-elghazouly/Tsk2_ws/install/weather_interfaces/lib/python3.12/site-packages/weather_interfaces-0.0.0-py3.12.egg-info
-- Installing: /home/habiba-elghazouly/Tsk2_ws/install/weather_interfaces/lib/python3.12/site-packages/weather_interfaces-0.0.0-py3.12.egg-info/PKG-INFO
-- Installing: /home/habiba-elghazouly/Tsk2_ws/install/weather_interfaces/lib/python3.12/site-packages/weather_interfaces-0.0.0-py3.12.egg-info/SOURCES.txt
-- Installing: /home/habiba-elghazouly/Tsk2_ws/install/weather_interfaces/lib/python3.12/site-packages/weather_interfaces-0.0.0-py3.12.egg-info/top_level.txt
-- Installing: /home/habiba-elghazouly/Tsk2_ws/install/weather_interfaces/lib/python3.12/site-packages/weather_interfaces-0.0.0-py3.12.egg-info/dependency_links.txt
-- Installing: /home/habiba-elghazouly/Tsk2_ws/install/weather_interfaces/lib/python3.12/site-packages/weather_interfaces
-- Installing: /home/habiba-elghazouly/Tsk2_ws/install/weather_interfaces/lib/python3.12/site-packages/weather_interfaces/_weather_interfaces_s.ep.rosidl_typesupport_c.c
-- Installing: /home/habiba-elghazouly/Tsk2_ws/install/weather_interfaces/lib/python3.12/site-packages/weather_interfaces/_weather_interfaces_s.ep.rosidl_typesupport_introspection_c.c
-- Installing: /home/habiba-elghazouly/Tsk2_ws/install/weather_interfaces/lib/python3.12/site-packages/weather_interfaces/weather_interfaces_s__rosidl_typesupport_fastrtps_c.so
-- Installing: /home/habiba-elghazouly/Tsk2_ws/install/weather_interfaces/lib/python3.12/site-packages/weather_interfaces/__init__.py
-- Installing: /home/habiba-elghazouly/Tsk2_ws/install/weather_interfaces/lib/python3.12/site-packages/weather_interfaces/weather_interfaces_s__rosidl_typesupport_introspection_c.so
-- Installing: /home/habiba-elghazouly/Tsk2_ws/install/weather_interfaces/lib/python3.12/site-packages/weather_interfaces/srv
-- Installing: /home/habiba-elghazouly/Tsk2_ws/install/weather_interfaces/lib/python3.12/site-packages/weather_interfaces/srv/_data_check.py
-- Installing: /home/habiba-elghazouly/Tsk2_ws/install/weather_interfaces/lib/python3.12/site-packages/weather_interfaces/srv/_data_check_s.c
-- Installing: /home/habiba-elghazouly/Tsk2_ws/install/weather_interfaces/lib/python3.12/site-packages/weather_interfaces/srv/__init__.py
-- Installing: /home/habiba-elghazouly/Tsk2_ws/install/weather_interfaces/lib/python3.12/site-packages/weather_interfaces/weather_interfaces_s__rosidl_typesupport_c.so
-- Installing: /home/habiba-elghazouly/Tsk2_ws/install/weather_interfaces/lib/python3.12/site-packages/weather_interfaces/_weather_interfaces_s.ep.rosidl_typesupport_fastrtps_c.c
Listing '/home/habiba-elghazouly/Tsk2_ws/install/weather_interfaces/lib/python3.12/site-packages/weather_interfaces'...
Compiling '/home/habiba-elghazouly/Tsk2_ws/install/weather_interfaces/lib/python3.12/site-packages/weather_interfaces/__init__.py'...
Listing '/home/habiba-elghazouly/Tsk2_ws/install/weather_interfaces/lib/python3.12/site-packages/weather_interfaces/srv'...
Compiling '/home/habiba-elghazouly/Tsk2_ws/install/weather_interfaces/lib/python3.12/site-packages/weather_interfaces/srv/__init__.py'...
Compiling '/home/habiba-elghazouly/Tsk2_ws/install/weather_interfaces/lib/python3.12/site-packages/weather_interfaces/srv/_data_check.py'...
-- Installing: /home/habiba-elghazouly/Tsk2_ws/install/weather_interfaces/lib/python3.12/site-packages/weather_interfaces/weather_interfaces_s__rosidl_typesupport_fastrtps_c.so
-- Set non-toolchain portion of runtime path of "/home/habiba-elghazouly/Tsk2_ws/install/weather_interfaces/lib/python3.12/site-packages/weather_interfaces/weather_interfaces_s__rosidl_typesupport_fastrtps_c.so" to ""
-- Installing: /home/habiba-elghazouly/Tsk2_ws/install/weather_interfaces/lib/python3.12/site-packages/weather_interfaces/weather_interfaces_s__rosidl_typesupport_introspection_c.so
-- Set non-toolchain portion of runtime path of "/home/habiba-elghazouly/Tsk2_ws/install/weather_interfaces/lib/python3.12/site-packages/weather_interfaces/weather_interfaces_s__rosidl_typesupport_introspection_c.so" to ""
-- Installing: /home/habiba-elghazouly/Tsk2_ws/install/weather_interfaces/lib/python3.12/site-packages/weather_interfaces/weather_interfaces_s__rosidl_typesupport_c.so
-- Set non-toolchain portion of runtime path of "/home/habiba-elghazouly/Tsk2_ws/install/weather_interfaces/lib/python3.12/site-packages/weather_interfaces/weather_interfaces_s__rosidl_typesupport_c.so" to ""
-- Installing: /home/habiba-elghazouly/Tsk2_ws/install/weather_interfaces/lib/libweather_interfaces__rosidl_generator_py.so
-- Set non-toolchain portion of runtime path of "/home/habiba-elghazouly/Tsk2_ws/install/weather_interfaces/lib/libweather_interfaces__rosidl_generator_py.so" to ""
-- Installing: /home/habiba-elghazouly/Tsk2_ws/install/weather_interfaces/share/weather_interfaces/srv/DataCheck.idl
-- Installing: /home/habiba-elghazouly/Tsk2_ws/install/weather_interfaces/share/weather_interfaces/srv/DataCheck.srv
-- Installing: /home/habiba-elghazouly/Tsk2_ws/install/weather_interfaces/share/ament_index/resource_index/package_run_dependencies/weather_interfaces
-- Installing: /home/habiba-elghazouly/Tsk2_ws/install/weather_interfaces/share/ament_index/resource_index/parent_prefix_path/weather_interfaces
-- Installing: /home/habiba-elghazouly/Tsk2_ws/install/weather_interfaces/share/weather_interfaces/environment/ament_prefix_path.sh
-- Installing: /home/habiba-elghazouly/Tsk2_ws/install/weather_interfaces/share/weather_interfaces/environment/ament_prefix_path.dsv
-- Installing: /home/habiba-elghazouly/Tsk2_ws/install/weather_interfaces/share/weather_interfaces/environment/path.sh
-- Installing: /home/habiba-elghazouly/Tsk2_ws/install/weather_interfaces/share/weather_interfaces/environment/path.dsv
-- Installing: /home/habiba-elghazouly/Tsk2_ws/install/weather_interfaces/share/weather_interfaces/local_setup.bash
-- Installing: /home/habiba-elghazouly/Tsk2_ws/install/weather_interfaces/share/weather_interfaces/local_setup.sh
-- Installing: /home/habiba-elghazouly/Tsk2_ws/install/weather_interfaces/share/weather_interfaces/local_setup.zsh
-- Installing: /home/habiba-elghazouly/Tsk2_ws/install/weather_interfaces/share/weather_interfaces/local_setup.dsv
-- Installing: /home/habiba-elghazouly/Tsk2_ws/install/weather_interfaces/share/weather_interfaces/package.dsv
-- Installing: /home/habiba-elghazouly/Tsk2_ws/install/weather_interfaces/share/ament_index/resource_index/packages/weather_interfaces
-- Installing: /home/habiba-elghazouly/Tsk2_ws/install/weather_interfaces/share/weather_interfaces/cmake/export_weather_interfaces__rosidl_generator_cExport.cmake
-- Installing: /home/habiba-elghazouly/Tsk2_ws/install/weather_interfaces/share/weather_interfaces/cmake/export_weather_interfaces__rosidl_generator_cExport-noconfig.cmake
-- Installing: /home/habiba-elghazouly/Tsk2_ws/install/weather_interfaces/share/weather_interfaces/cmake/export_weather_interfaces__rosidl_typesupport_fastrtps_cExport.cmake
-- Installing: /home/habiba-elghazouly/Tsk2_ws/install/weather_interfaces/share/weather_interfaces/cmake/export_weather_interfaces__rosidl_typesupport_fastrtps_cExport-noconfig.cmake
-- Installing: /home/habiba-elghazouly/Tsk2_ws/install/weather_interfaces/share/weather_interfaces/cmake/weather_interfaces__rosidl_typesupport_introspection_cExport.cmake
-- Installing: /home/habiba-elghazouly/Tsk2_ws/install/weather_interfaces/share/weather_interfaces/cmake/weather_interfaces__rosidl_typesupport_introspection_cExport-noconfig.cmake
-- Installing: /home/habiba-elghazouly/Tsk2_ws/install/weather_interfaces/share/weather_interfaces/cmake/weather_interfaces__rosidl_typesupport_cExport.cmake
-- Installing: /home/habiba-elghazouly/Tsk2_ws/install/weather_interfaces/share/weather_interfaces/cmake/weather_interfaces__rosidl_typesupport_cExport-noconfig.cmake
-- Installing: /home/habiba-elghazouly/Tsk2_ws/install/weather_interfaces/share/weather_interfaces/cmake/export_weather_interfaces__rosidl_generator_cppExport.cmake
-- Installing: /home/habiba-elghazouly/Tsk2_ws/install/weather_interfaces/share/weather_interfaces/cmake/export_weather_interfaces__rosidl_typesupport_fastrtps_cppExport.cmake
-- Installing: /home/habiba-elghazouly/Tsk2_ws/install/weather_interfaces/share/weather_interfaces/cmake/export_weather_interfaces__rosidl_typesupport_fastrtps_cppExport-noconfig.cmake
-- Installing: /home/habiba-elghazouly/Tsk2_ws/install/weather_interfaces/share/weather_interfaces/cmake/weather_interfaces__rosidl_typesupport_introspection_cppExport.cmake
-- Installing: /home/habiba-elghazouly/Tsk2_ws/install/weather_interfaces/share/weather_interfaces/cmake/weather_interfaces__rosidl_typesupport_introspection_cppExport-noconfig.cmake
-- Installing: /home/habiba-elghazouly/Tsk2_ws/install/weather_interfaces/share/weather_interfaces/cmake/weather_interfaces__rosidl_typesupport_cppExport.cmake
-- Installing: /home/habiba-elghazouly/Tsk2_ws/install/weather_interfaces/share/weather_interfaces/cmake/weather_interfaces__rosidl_typesupport_cppExport-noconfig.cmake
-- Installing: /home/habiba-elghazouly/Tsk2_ws/install/weather_interfaces/share/weather_interfaces/cmake/export_weather_interfaces__rosidl_generator_pyExport.cmake
-- Installing: /home/habiba-elghazouly/Tsk2_ws/install/weather_interfaces/share/weather_interfaces/cmake/export_weather_interfaces__rosidl_generator_pyExport-noconfig.cmake
-- Installing: /home/habiba-elghazouly/Tsk2_ws/install/weather_interfaces/share/weather_interfaces/cmake/rosidl_cmake-extras.cmake
-- Installing: /home/habiba-elghazouly/Tsk2_ws/install/weather_interfaces/share/weather_interfaces/cmake/ament_cmake_export_dependencies-extras.cmake
-- Installing: /home/habiba-elghazouly/Tsk2_ws/install/weather_interfaces/share/weather_interfaces/cmake/ament_cmake_export_include_directories-extras.cmake
-- Installing: /home/habiba-elghazouly/Tsk2_ws/install/weather_interfaces/share/weather_interfaces/cmake/ament_cmake_export_libraries-extras.cmake
-- Installing: /home/habiba-elghazouly/Tsk2_ws/install/weather_interfaces/share/weather_interfaces/cmake/ament_cmake_export_targets-extras.cmake
-- Installing: /home/habiba-elghazouly/Tsk2_ws/install/weather_interfaces/share/weather_interfaces/cmake/rosidl_cmake_export_typesupport_targets-extras.cmake
-- Installing: /home/habiba-elghazouly/Tsk2_ws/install/weather_interfaces/share/weather_interfaces/cmake/rosidl_cmake_export_typesupport_libraries-extras.cmake
-- Installing: /home/habiba-elghazouly/Tsk2_ws/install/weather_interfaces/share/weather_interfaces/cmake/weather_interfacesConfig.cmake
-- Installing: /home/habiba-elghazouly/Tsk2_ws/install/weather_interfaces/share/weather_interfaces/cmake/weather_interfacesConfig-version.cmake
-- Installing: /home/habiba-elghazouly/Tsk2_ws/install/weather_interfaces/share/weather_interfaces/package.xml
