[0.160s] Invoking command in '/home/habiba-elghazouly/Tsk2_ws/build/weather_interfaces': CMAKE_PREFIX_PATH=${CMAKE_PREFIX_PATH}:/home/habiba-elghazouly/Tsk2_ws/install/pkg:/home/habiba-elghazouly/tsk1_ws/install/mypkg:/home/habiba-elghazouly/ses2_ws/install/mypkg:/home/habiba-elghazouly/ses1_ws/install/py_pkg:/opt/ros/jazzy DEBUGINFOD_URLS=https://debuginfod.ubuntu.com /usr/bin/cmake /home/habiba-elghazouly/Tsk2_ws/src/weather_interfaces -DCMAKE_INSTALL_PREFIX=/home/habiba-elghazouly/Tsk2_ws/install/weather_interfaces
[2.795s] -- The C compiler identification is GNU 13.2.0
[5.095s] -- The CXX compiler identification is GNU 13.2.0
[5.368s] -- Detecting C compiler ABI info
[5.601s] -- Detecting C compiler ABI info - done
[5.608s] -- Check for working C compiler: /usr/bin/cc - skipped
[5.608s] -- Detecting C compile features
[5.608s] -- Detecting C compile features - done
[5.614s] -- Detecting CXX compiler ABI info
[5.720s] -- Detecting CXX compiler ABI info - done
[5.726s] -- Check for working CXX compiler: /usr/bin/c++ - skipped
[5.726s] -- Detecting CXX compile features
[5.726s] -- Detecting CXX compile features - done
[5.832s] -- Found ament_cmake: 2.5.2 (/opt/ros/jazzy/share/ament_cmake/cmake)
[6.039s] -- Found Python3: /usr/bin/python3 (found version "3.12.3") found components: Interpreter 
[6.200s] -- Found rosidl_default_generators: 1.6.0 (/opt/ros/jazzy/share/rosidl_default_generators/cmake)
[6.247s] -- Using all available rosidl_typesupport_c: rosidl_typesupport_fastrtps_c;rosidl_typesupport_introspection_c
[6.424s] -- Using all available rosidl_typesupport_cpp: rosidl_typesupport_fastrtps_cpp;rosidl_typesupport_introspection_cpp
[6.611s] -- Found rosidl_adapter: 4.6.3 (/opt/ros/jazzy/share/rosidl_adapter/cmake)
[7.080s] -- Found ament_cmake_ros: 0.12.0 (/opt/ros/jazzy/share/ament_cmake_ros/cmake)
[7.413s] -- Using all available rosidl_typesupport_c: rosidl_typesupport_fastrtps_c;rosidl_typesupport_introspection_c
[7.854s] -- Using all available rosidl_typesupport_cpp: rosidl_typesupport_fastrtps_cpp;rosidl_typesupport_introspection_cpp
[7.871s] -- Found python_cmake_module: 0.11.1 (/opt/ros/jazzy/share/python_cmake_module/cmake)
[7.977s] -- Found PythonExtra: /usr/bin/python3  
[9.013s] -- Found Python3: /usr/bin/python3 (found version "3.12.3") found components: Interpreter Development NumPy Development.Module Development.Embed 
[9.041s] -- Configuring done (8.8s)
[9.087s] -- Generating done (0.0s)
[9.088s] -- Build files have been written to: /home/habiba-elghazouly/Tsk2_ws/build/weather_interfaces
[9.093s] Invoked command in '/home/habiba-elghazouly/Tsk2_ws/build/weather_interfaces' returned '0': CMAKE_PREFIX_PATH=${CMAKE_PREFIX_PATH}:/home/habiba-elghazouly/Tsk2_ws/install/pkg:/home/habiba-elghazouly/tsk1_ws/install/mypkg:/home/habiba-elghazouly/ses2_ws/install/mypkg:/home/habiba-elghazouly/ses1_ws/install/py_pkg:/opt/ros/jazzy DEBUGINFOD_URLS=https://debuginfod.ubuntu.com /usr/bin/cmake /home/habiba-elghazouly/Tsk2_ws/src/weather_interfaces -DCMAKE_INSTALL_PREFIX=/home/habiba-elghazouly/Tsk2_ws/install/weather_interfaces
[9.094s] Invoking command in '/home/habiba-elghazouly/Tsk2_ws/build/weather_interfaces': CMAKE_PREFIX_PATH=${CMAKE_PREFIX_PATH}:/home/habiba-elghazouly/Tsk2_ws/install/pkg:/home/habiba-elghazouly/tsk1_ws/install/mypkg:/home/habiba-elghazouly/ses2_ws/install/mypkg:/home/habiba-elghazouly/ses1_ws/install/py_pkg:/opt/ros/jazzy DEBUGINFOD_URLS=https://debuginfod.ubuntu.com /usr/bin/cmake --build /home/habiba-elghazouly/Tsk2_ws/build/weather_interfaces -- -j8 -l8
[9.130s] [  2%] [34m[1mGenerating type hashes for ROS interfaces[0m
[9.135s] [  2%] Built target ament_cmake_python_copy_weather_interfaces
[9.272s] running egg_info
[9.273s] creating weather_interfaces.egg-info
[9.284s] writing weather_interfaces.egg-info/PKG-INFO
[9.284s] writing dependency_links to weather_interfaces.egg-info/dependency_links.txt
[9.284s] writing top-level names to weather_interfaces.egg-info/top_level.txt
[9.285s] writing manifest file 'weather_interfaces.egg-info/SOURCES.txt'
[9.320s] reading manifest file 'weather_interfaces.egg-info/SOURCES.txt'
[9.320s] writing manifest file 'weather_interfaces.egg-info/SOURCES.txt'
[9.338s] [  2%] Built target ament_cmake_python_build_weather_interfaces_egg
[9.357s] [  2%] Built target weather_interfaces__rosidl_generator_type_description
[9.363s] [  5%] [34m[1mGenerating C code for ROS interfaces[0m
[9.369s] [  8%] [34m[1mGenerating C++ code for ROS interfaces[0m
[9.556s] [  8%] Built target weather_interfaces__cpp
[9.567s] [ 17%] [32mBuilding C object CMakeFiles/weather_interfaces__rosidl_generator_c.dir/rosidl_generator_c/weather_interfaces/srv/detail/data_check__description.c.o[0m
[9.567s] [ 17%] [32mBuilding C object CMakeFiles/weather_interfaces__rosidl_generator_c.dir/rosidl_generator_c/weather_interfaces/srv/detail/data_check__functions.c.o[0m
[9.567s] [ 17%] [32mBuilding C object CMakeFiles/weather_interfaces__rosidl_generator_c.dir/rosidl_generator_c/weather_interfaces/srv/detail/data_check__type_support.c.o[0m
[10.064s] [ 20%] [32m[1mLinking C shared library libweather_interfaces__rosidl_generator_c.so[0m
[10.092s] [ 20%] Built target weather_interfaces__rosidl_generator_c
[10.099s] [ 26%] [34m[1mGenerating C++ type support for eProsima Fast-RTPS[0m
[10.099s] [ 26%] [34m[1mGenerating C++ introspection for ROS interfaces[0m
[10.100s] [ 32%] [34m[1mGenerating C type support for eProsima Fast-RTPS[0m
[10.100s] [ 32%] [34m[1mGenerating C++ type support dispatch for ROS interfaces[0m
[10.101s] [ 38%] [34m[1mGenerating C introspection for ROS interfaces[0m
[10.101s] [ 38%] [34m[1mGenerating C type support dispatch for ROS interfaces[0m
[10.261s] [ 41%] [32mBuilding CXX object CMakeFiles/weather_interfaces__rosidl_typesupport_c.dir/rosidl_typesupport_c/weather_interfaces/srv/data_check__type_support.cpp.o[0m
[10.277s] [ 44%] [32mBuilding CXX object CMakeFiles/weather_interfaces__rosidl_typesupport_introspection_cpp.dir/rosidl_typesupport_introspection_cpp/weather_interfaces/srv/detail/data_check__type_support.cpp.o[0m
[10.348s] [ 47%] [32mBuilding CXX object CMakeFiles/weather_interfaces__rosidl_typesupport_cpp.dir/rosidl_typesupport_cpp/weather_interfaces/srv/data_check__type_support.cpp.o[0m
[10.370s] [ 50%] [32mBuilding C object CMakeFiles/weather_interfaces__rosidl_typesupport_introspection_c.dir/rosidl_typesupport_introspection_c/weather_interfaces/srv/detail/data_check__type_support.c.o[0m
[10.409s] [ 52%] [32m[1mLinking C shared library libweather_interfaces__rosidl_typesupport_introspection_c.so[0m
[10.417s] [ 55%] [32mBuilding CXX object CMakeFiles/weather_interfaces__rosidl_typesupport_fastrtps_cpp.dir/rosidl_typesupport_fastrtps_cpp/weather_interfaces/srv/detail/dds_fastrtps/data_check__type_support.cpp.o[0m
[10.429s] [ 58%] [32mBuilding CXX object CMakeFiles/weather_interfaces__rosidl_typesupport_fastrtps_c.dir/rosidl_typesupport_fastrtps_c/weather_interfaces/srv/detail/data_check__type_support_c.cpp.o[0m
[10.429s] [ 58%] Built target weather_interfaces__rosidl_typesupport_introspection_c
[10.535s] [ 61%] [32m[1mLinking CXX shared library libweather_interfaces__rosidl_typesupport_c.so[0m
[10.570s] [ 61%] Built target weather_interfaces__rosidl_typesupport_c
[11.160s] [ 64%] [32m[1mLinking CXX shared library libweather_interfaces__rosidl_typesupport_cpp.so[0m
[11.168s] [ 67%] [32m[1mLinking CXX shared library libweather_interfaces__rosidl_typesupport_introspection_cpp.so[0m
[11.217s] [ 67%] Built target weather_interfaces__rosidl_typesupport_cpp
[11.225s] [ 67%] Built target weather_interfaces__rosidl_typesupport_introspection_cpp
[11.304s] [ 70%] [32m[1mLinking CXX shared library libweather_interfaces__rosidl_typesupport_fastrtps_c.so[0m
[11.337s] [ 70%] Built target weather_interfaces__rosidl_typesupport_fastrtps_c
[11.356s] [ 73%] [32m[1mLinking CXX shared library libweather_interfaces__rosidl_typesupport_fastrtps_cpp.so[0m
[11.401s] [ 73%] Built target weather_interfaces__rosidl_typesupport_fastrtps_cpp
[11.414s] [ 73%] Built target weather_interfaces
[11.427s] [ 76%] [34m[1mGenerating Python code for ROS interfaces[0m
[11.656s] [ 76%] Built target weather_interfaces__py
[11.669s] [ 79%] [32mBuilding C object CMakeFiles/weather_interfaces__rosidl_generator_py.dir/rosidl_generator_py/weather_interfaces/srv/_data_check_s.c.o[0m
[12.369s] [ 82%] [32m[1mLinking C shared library libweather_interfaces__rosidl_generator_py.so[0m
[12.397s] [ 82%] Built target weather_interfaces__rosidl_generator_py
[12.410s] [ 85%] [32mBuilding C object CMakeFiles/weather_interfaces_s__rosidl_typesupport_c.dir/rosidl_generator_py/weather_interfaces/_weather_interfaces_s.ep.rosidl_typesupport_c.c.o[0m
[12.413s] [ 91%] [32mBuilding C object CMakeFiles/weather_interfaces_s__rosidl_typesupport_introspection_c.dir/rosidl_generator_py/weather_interfaces/_weather_interfaces_s.ep.rosidl_typesupport_introspection_c.c.o[0m
[12.413s] [ 91%] [32mBuilding C object CMakeFiles/weather_interfaces_s__rosidl_typesupport_fastrtps_c.dir/rosidl_generator_py/weather_interfaces/_weather_interfaces_s.ep.rosidl_typesupport_fastrtps_c.c.o[0m
[12.495s] [ 94%] [32m[1mLinking C shared module rosidl_generator_py/weather_interfaces/weather_interfaces_s__rosidl_typesupport_c.so[0m
[12.496s] [ 97%] [32m[1mLinking C shared module rosidl_generator_py/weather_interfaces/weather_interfaces_s__rosidl_typesupport_introspection_c.so[0m
[12.516s] [ 97%] Built target weather_interfaces_s__rosidl_typesupport_introspection_c
[12.516s] [ 97%] Built target weather_interfaces_s__rosidl_typesupport_c
[12.543s] [100%] [32m[1mLinking C shared module rosidl_generator_py/weather_interfaces/weather_interfaces_s__rosidl_typesupport_fastrtps_c.so[0m
[12.568s] [100%] Built target weather_interfaces_s__rosidl_typesupport_fastrtps_c
[12.576s] Invoked command in '/home/habiba-elghazouly/Tsk2_ws/build/weather_interfaces' returned '0': CMAKE_PREFIX_PATH=${CMAKE_PREFIX_PATH}:/home/habiba-elghazouly/Tsk2_ws/install/pkg:/home/habiba-elghazouly/tsk1_ws/install/mypkg:/home/habiba-elghazouly/ses2_ws/install/mypkg:/home/habiba-elghazouly/ses1_ws/install/py_pkg:/opt/ros/jazzy DEBUGINFOD_URLS=https://debuginfod.ubuntu.com /usr/bin/cmake --build /home/habiba-elghazouly/Tsk2_ws/build/weather_interfaces -- -j8 -l8
[12.619s] Invoking command in '/home/habiba-elghazouly/Tsk2_ws/build/weather_interfaces': CMAKE_PREFIX_PATH=${CMAKE_PREFIX_PATH}:/home/habiba-elghazouly/Tsk2_ws/install/pkg:/home/habiba-elghazouly/tsk1_ws/install/mypkg:/home/habiba-elghazouly/ses2_ws/install/mypkg:/home/habiba-elghazouly/ses1_ws/install/py_pkg:/opt/ros/jazzy DEBUGINFOD_URLS=https://debuginfod.ubuntu.com /usr/bin/cmake --install /home/habiba-elghazouly/Tsk2_ws/build/weather_interfaces
[12.625s] -- Install configuration: ""
[12.625s] -- Installing: /home/habiba-elghazouly/Tsk2_ws/install/weather_interfaces/share/ament_index/resource_index/rosidl_interfaces/weather_interfaces
[12.625s] -- Installing: /home/habiba-elghazouly/Tsk2_ws/install/weather_interfaces/share/weather_interfaces/srv/DataCheck.json
[12.625s] -- Installing: /home/habiba-elghazouly/Tsk2_ws/install/weather_interfaces/include/weather_interfaces/weather_interfaces
[12.625s] -- Installing: /home/habiba-elghazouly/Tsk2_ws/install/weather_interfaces/include/weather_interfaces/weather_interfaces/msg
[12.626s] -- Installing: /home/habiba-elghazouly/Tsk2_ws/install/weather_interfaces/include/weather_interfaces/weather_interfaces/msg/rosidl_generator_c__visibility_control.h
[12.626s] -- Installing: /home/habiba-elghazouly/Tsk2_ws/install/weather_interfaces/include/weather_interfaces/weather_interfaces/srv
[12.626s] -- Installing: /home/habiba-elghazouly/Tsk2_ws/install/weather_interfaces/include/weather_interfaces/weather_interfaces/srv/detail
[12.626s] -- Installing: /home/habiba-elghazouly/Tsk2_ws/install/weather_interfaces/include/weather_interfaces/weather_interfaces/srv/detail/data_check__functions.c
[12.626s] -- Installing: /home/habiba-elghazouly/Tsk2_ws/install/weather_interfaces/include/weather_interfaces/weather_interfaces/srv/detail/data_check__struct.h
[12.626s] -- Installing: /home/habiba-elghazouly/Tsk2_ws/install/weather_interfaces/include/weather_interfaces/weather_interfaces/srv/detail/data_check__description.c
[12.626s] -- Installing: /home/habiba-elghazouly/Tsk2_ws/install/weather_interfaces/include/weather_interfaces/weather_interfaces/srv/detail/data_check__functions.h
[12.626s] -- Installing: /home/habiba-elghazouly/Tsk2_ws/install/weather_interfaces/include/weather_interfaces/weather_interfaces/srv/detail/data_check__type_support.c
[12.626s] -- Installing: /home/habiba-elghazouly/Tsk2_ws/install/weather_interfaces/include/weather_interfaces/weather_interfaces/srv/detail/data_check__type_support.h
[12.626s] -- Installing: /home/habiba-elghazouly/Tsk2_ws/install/weather_interfaces/include/weather_interfaces/weather_interfaces/srv/data_check.h
[12.626s] -- Installing: /home/habiba-elghazouly/Tsk2_ws/install/weather_interfaces/share/weather_interfaces/environment/library_path.sh
[12.626s] -- Installing: /home/habiba-elghazouly/Tsk2_ws/install/weather_interfaces/share/weather_interfaces/environment/library_path.dsv
[12.626s] -- Installing: /home/habiba-elghazouly/Tsk2_ws/install/weather_interfaces/lib/libweather_interfaces__rosidl_generator_c.so
[12.627s] -- Set non-toolchain portion of runtime path of "/home/habiba-elghazouly/Tsk2_ws/install/weather_interfaces/lib/libweather_interfaces__rosidl_generator_c.so" to ""
[12.627s] -- Up-to-date: /home/habiba-elghazouly/Tsk2_ws/install/weather_interfaces/include/weather_interfaces/weather_interfaces
[12.627s] -- Up-to-date: /home/habiba-elghazouly/Tsk2_ws/install/weather_interfaces/include/weather_interfaces/weather_interfaces/msg
[12.627s] -- Installing: /home/habiba-elghazouly/Tsk2_ws/install/weather_interfaces/include/weather_interfaces/weather_interfaces/msg/rosidl_typesupport_fastrtps_c__visibility_control.h
[12.627s] -- Up-to-date: /home/habiba-elghazouly/Tsk2_ws/install/weather_interfaces/include/weather_interfaces/weather_interfaces/srv
[12.627s] -- Up-to-date: /home/habiba-elghazouly/Tsk2_ws/install/weather_interfaces/include/weather_interfaces/weather_interfaces/srv/detail
[12.627s] -- Installing: /home/habiba-elghazouly/Tsk2_ws/install/weather_interfaces/include/weather_interfaces/weather_interfaces/srv/detail/data_check__rosidl_typesupport_fastrtps_c.h
[12.627s] -- Installing: /home/habiba-elghazouly/Tsk2_ws/install/weather_interfaces/lib/libweather_interfaces__rosidl_typesupport_fastrtps_c.so
[12.627s] -- Set non-toolchain portion of runtime path of "/home/habiba-elghazouly/Tsk2_ws/install/weather_interfaces/lib/libweather_interfaces__rosidl_typesupport_fastrtps_c.so" to ""
[12.627s] -- Up-to-date: /home/habiba-elghazouly/Tsk2_ws/install/weather_interfaces/include/weather_interfaces/weather_interfaces
[12.627s] -- Up-to-date: /home/habiba-elghazouly/Tsk2_ws/install/weather_interfaces/include/weather_interfaces/weather_interfaces/msg
[12.627s] -- Installing: /home/habiba-elghazouly/Tsk2_ws/install/weather_interfaces/include/weather_interfaces/weather_interfaces/msg/rosidl_typesupport_introspection_c__visibility_control.h
[12.627s] -- Up-to-date: /home/habiba-elghazouly/Tsk2_ws/install/weather_interfaces/include/weather_interfaces/weather_interfaces/srv
[12.627s] -- Up-to-date: /home/habiba-elghazouly/Tsk2_ws/install/weather_interfaces/include/weather_interfaces/weather_interfaces/srv/detail
[12.627s] -- Installing: /home/habiba-elghazouly/Tsk2_ws/install/weather_interfaces/include/weather_interfaces/weather_interfaces/srv/detail/data_check__rosidl_typesupport_introspection_c.h
[12.627s] -- Installing: /home/habiba-elghazouly/Tsk2_ws/install/weather_interfaces/include/weather_interfaces/weather_interfaces/srv/detail/data_check__type_support.c
[12.627s] -- Installing: /home/habiba-elghazouly/Tsk2_ws/install/weather_interfaces/lib/libweather_interfaces__rosidl_typesupport_introspection_c.so
[12.628s] -- Set non-toolchain portion of runtime path of "/home/habiba-elghazouly/Tsk2_ws/install/weather_interfaces/lib/libweather_interfaces__rosidl_typesupport_introspection_c.so" to ""
[12.628s] -- Installing: /home/habiba-elghazouly/Tsk2_ws/install/weather_interfaces/lib/libweather_interfaces__rosidl_typesupport_c.so
[12.628s] -- Set non-toolchain portion of runtime path of "/home/habiba-elghazouly/Tsk2_ws/install/weather_interfaces/lib/libweather_interfaces__rosidl_typesupport_c.so" to ""
[12.628s] -- Up-to-date: /home/habiba-elghazouly/Tsk2_ws/install/weather_interfaces/include/weather_interfaces/weather_interfaces
[12.628s] -- Up-to-date: /home/habiba-elghazouly/Tsk2_ws/install/weather_interfaces/include/weather_interfaces/weather_interfaces/msg
[12.628s] -- Installing: /home/habiba-elghazouly/Tsk2_ws/install/weather_interfaces/include/weather_interfaces/weather_interfaces/msg/rosidl_generator_cpp__visibility_control.hpp
[12.628s] -- Up-to-date: /home/habiba-elghazouly/Tsk2_ws/install/weather_interfaces/include/weather_interfaces/weather_interfaces/srv
[12.628s] -- Installing: /home/habiba-elghazouly/Tsk2_ws/install/weather_interfaces/include/weather_interfaces/weather_interfaces/srv/data_check.hpp
[12.628s] -- Up-to-date: /home/habiba-elghazouly/Tsk2_ws/install/weather_interfaces/include/weather_interfaces/weather_interfaces/srv/detail
[12.628s] -- Installing: /home/habiba-elghazouly/Tsk2_ws/install/weather_interfaces/include/weather_interfaces/weather_interfaces/srv/detail/data_check__builder.hpp
[12.628s] -- Installing: /home/habiba-elghazouly/Tsk2_ws/install/weather_interfaces/include/weather_interfaces/weather_interfaces/srv/detail/data_check__struct.hpp
[12.628s] -- Installing: /home/habiba-elghazouly/Tsk2_ws/install/weather_interfaces/include/weather_interfaces/weather_interfaces/srv/detail/data_check__traits.hpp
[12.628s] -- Installing: /home/habiba-elghazouly/Tsk2_ws/install/weather_interfaces/include/weather_interfaces/weather_interfaces/srv/detail/data_check__type_support.hpp
[12.629s] -- Up-to-date: /home/habiba-elghazouly/Tsk2_ws/install/weather_interfaces/include/weather_interfaces/weather_interfaces
[12.629s] -- Up-to-date: /home/habiba-elghazouly/Tsk2_ws/install/weather_interfaces/include/weather_interfaces/weather_interfaces/msg
[12.629s] -- Installing: /home/habiba-elghazouly/Tsk2_ws/install/weather_interfaces/include/weather_interfaces/weather_interfaces/msg/rosidl_typesupport_fastrtps_cpp__visibility_control.h
[12.629s] -- Up-to-date: /home/habiba-elghazouly/Tsk2_ws/install/weather_interfaces/include/weather_interfaces/weather_interfaces/srv
[12.629s] -- Up-to-date: /home/habiba-elghazouly/Tsk2_ws/install/weather_interfaces/include/weather_interfaces/weather_interfaces/srv/detail
[12.629s] -- Installing: /home/habiba-elghazouly/Tsk2_ws/install/weather_interfaces/include/weather_interfaces/weather_interfaces/srv/detail/data_check__rosidl_typesupport_fastrtps_cpp.hpp
[12.629s] -- Installing: /home/habiba-elghazouly/Tsk2_ws/install/weather_interfaces/include/weather_interfaces/weather_interfaces/srv/detail/dds_fastrtps
[12.629s] -- Installing: /home/habiba-elghazouly/Tsk2_ws/install/weather_interfaces/lib/libweather_interfaces__rosidl_typesupport_fastrtps_cpp.so
[12.629s] -- Set non-toolchain portion of runtime path of "/home/habiba-elghazouly/Tsk2_ws/install/weather_interfaces/lib/libweather_interfaces__rosidl_typesupport_fastrtps_cpp.so" to ""
[12.629s] -- Up-to-date: /home/habiba-elghazouly/Tsk2_ws/install/weather_interfaces/include/weather_interfaces/weather_interfaces
[12.629s] -- Up-to-date: /home/habiba-elghazouly/Tsk2_ws/install/weather_interfaces/include/weather_interfaces/weather_interfaces/srv
[12.629s] -- Up-to-date: /home/habiba-elghazouly/Tsk2_ws/install/weather_interfaces/include/weather_interfaces/weather_interfaces/srv/detail
[12.629s] -- Installing: /home/habiba-elghazouly/Tsk2_ws/install/weather_interfaces/include/weather_interfaces/weather_interfaces/srv/detail/data_check__rosidl_typesupport_introspection_cpp.hpp
[12.629s] -- Installing: /home/habiba-elghazouly/Tsk2_ws/install/weather_interfaces/include/weather_interfaces/weather_interfaces/srv/detail/data_check__type_support.cpp
[12.629s] -- Installing: /home/habiba-elghazouly/Tsk2_ws/install/weather_interfaces/lib/libweather_interfaces__rosidl_typesupport_introspection_cpp.so
[12.629s] -- Set non-toolchain portion of runtime path of "/home/habiba-elghazouly/Tsk2_ws/install/weather_interfaces/lib/libweather_interfaces__rosidl_typesupport_introspection_cpp.so" to ""
[12.629s] -- Installing: /home/habiba-elghazouly/Tsk2_ws/install/weather_interfaces/lib/libweather_interfaces__rosidl_typesupport_cpp.so
[12.630s] -- Set non-toolchain portion of runtime path of "/home/habiba-elghazouly/Tsk2_ws/install/weather_interfaces/lib/libweather_interfaces__rosidl_typesupport_cpp.so" to ""
[12.630s] -- Installing: /home/habiba-elghazouly/Tsk2_ws/install/weather_interfaces/share/weather_interfaces/environment/pythonpath.sh
[12.630s] -- Installing: /home/habiba-elghazouly/Tsk2_ws/install/weather_interfaces/share/weather_interfaces/environment/pythonpath.dsv
[12.630s] -- Installing: /home/habiba-elghazouly/Tsk2_ws/install/weather_interfaces/lib/python3.12/site-packages/weather_interfaces-0.0.0-py3.12.egg-info
[12.630s] -- Installing: /home/habiba-elghazouly/Tsk2_ws/install/weather_interfaces/lib/python3.12/site-packages/weather_interfaces-0.0.0-py3.12.egg-info/PKG-INFO
[12.630s] -- Installing: /home/habiba-elghazouly/Tsk2_ws/install/weather_interfaces/lib/python3.12/site-packages/weather_interfaces-0.0.0-py3.12.egg-info/SOURCES.txt
[12.630s] -- Installing: /home/habiba-elghazouly/Tsk2_ws/install/weather_interfaces/lib/python3.12/site-packages/weather_interfaces-0.0.0-py3.12.egg-info/top_level.txt
[12.630s] -- Installing: /home/habiba-elghazouly/Tsk2_ws/install/weather_interfaces/lib/python3.12/site-packages/weather_interfaces-0.0.0-py3.12.egg-info/dependency_links.txt
[12.630s] -- Installing: /home/habiba-elghazouly/Tsk2_ws/install/weather_interfaces/lib/python3.12/site-packages/weather_interfaces
[12.630s] -- Installing: /home/habiba-elghazouly/Tsk2_ws/install/weather_interfaces/lib/python3.12/site-packages/weather_interfaces/_weather_interfaces_s.ep.rosidl_typesupport_c.c
[12.630s] -- Installing: /home/habiba-elghazouly/Tsk2_ws/install/weather_interfaces/lib/python3.12/site-packages/weather_interfaces/_weather_interfaces_s.ep.rosidl_typesupport_introspection_c.c
[12.630s] -- Installing: /home/habiba-elghazouly/Tsk2_ws/install/weather_interfaces/lib/python3.12/site-packages/weather_interfaces/weather_interfaces_s__rosidl_typesupport_fastrtps_c.so
[12.630s] -- Installing: /home/habiba-elghazouly/Tsk2_ws/install/weather_interfaces/lib/python3.12/site-packages/weather_interfaces/__init__.py
[12.630s] -- Installing: /home/habiba-elghazouly/Tsk2_ws/install/weather_interfaces/lib/python3.12/site-packages/weather_interfaces/weather_interfaces_s__rosidl_typesupport_introspection_c.so
[12.630s] -- Installing: /home/habiba-elghazouly/Tsk2_ws/install/weather_interfaces/lib/python3.12/site-packages/weather_interfaces/srv
[12.630s] -- Installing: /home/habiba-elghazouly/Tsk2_ws/install/weather_interfaces/lib/python3.12/site-packages/weather_interfaces/srv/_data_check.py
[12.630s] -- Installing: /home/habiba-elghazouly/Tsk2_ws/install/weather_interfaces/lib/python3.12/site-packages/weather_interfaces/srv/_data_check_s.c
[12.631s] -- Installing: /home/habiba-elghazouly/Tsk2_ws/install/weather_interfaces/lib/python3.12/site-packages/weather_interfaces/srv/__init__.py
[12.631s] -- Installing: /home/habiba-elghazouly/Tsk2_ws/install/weather_interfaces/lib/python3.12/site-packages/weather_interfaces/weather_interfaces_s__rosidl_typesupport_c.so
[12.631s] -- Installing: /home/habiba-elghazouly/Tsk2_ws/install/weather_interfaces/lib/python3.12/site-packages/weather_interfaces/_weather_interfaces_s.ep.rosidl_typesupport_fastrtps_c.c
[12.684s] Listing '/home/habiba-elghazouly/Tsk2_ws/install/weather_interfaces/lib/python3.12/site-packages/weather_interfaces'...
[12.684s] Compiling '/home/habiba-elghazouly/Tsk2_ws/install/weather_interfaces/lib/python3.12/site-packages/weather_interfaces/__init__.py'...
[12.685s] Listing '/home/habiba-elghazouly/Tsk2_ws/install/weather_interfaces/lib/python3.12/site-packages/weather_interfaces/srv'...
[12.685s] Compiling '/home/habiba-elghazouly/Tsk2_ws/install/weather_interfaces/lib/python3.12/site-packages/weather_interfaces/srv/__init__.py'...
[12.685s] Compiling '/home/habiba-elghazouly/Tsk2_ws/install/weather_interfaces/lib/python3.12/site-packages/weather_interfaces/srv/_data_check.py'...
[12.689s] -- Installing: /home/habiba-elghazouly/Tsk2_ws/install/weather_interfaces/lib/python3.12/site-packages/weather_interfaces/weather_interfaces_s__rosidl_typesupport_fastrtps_c.so
[12.689s] -- Set non-toolchain portion of runtime path of "/home/habiba-elghazouly/Tsk2_ws/install/weather_interfaces/lib/python3.12/site-packages/weather_interfaces/weather_interfaces_s__rosidl_typesupport_fastrtps_c.so" to ""
[12.693s] -- Installing: /home/habiba-elghazouly/Tsk2_ws/install/weather_interfaces/lib/python3.12/site-packages/weather_interfaces/weather_interfaces_s__rosidl_typesupport_introspection_c.so
[12.693s] -- Set non-toolchain portion of runtime path of "/home/habiba-elghazouly/Tsk2_ws/install/weather_interfaces/lib/python3.12/site-packages/weather_interfaces/weather_interfaces_s__rosidl_typesupport_introspection_c.so" to ""
[12.693s] -- Installing: /home/habiba-elghazouly/Tsk2_ws/install/weather_interfaces/lib/python3.12/site-packages/weather_interfaces/weather_interfaces_s__rosidl_typesupport_c.so
[12.693s] -- Set non-toolchain portion of runtime path of "/home/habiba-elghazouly/Tsk2_ws/install/weather_interfaces/lib/python3.12/site-packages/weather_interfaces/weather_interfaces_s__rosidl_typesupport_c.so" to ""
[12.693s] -- Installing: /home/habiba-elghazouly/Tsk2_ws/install/weather_interfaces/lib/libweather_interfaces__rosidl_generator_py.so
[12.693s] -- Set non-toolchain portion of runtime path of "/home/habiba-elghazouly/Tsk2_ws/install/weather_interfaces/lib/libweather_interfaces__rosidl_generator_py.so" to ""
[12.693s] -- Installing: /home/habiba-elghazouly/Tsk2_ws/install/weather_interfaces/share/weather_interfaces/srv/DataCheck.idl
[12.693s] -- Installing: /home/habiba-elghazouly/Tsk2_ws/install/weather_interfaces/share/weather_interfaces/srv/DataCheck.srv
[12.694s] -- Installing: /home/habiba-elghazouly/Tsk2_ws/install/weather_interfaces/share/ament_index/resource_index/package_run_dependencies/weather_interfaces
[12.694s] -- Installing: /home/habiba-elghazouly/Tsk2_ws/install/weather_interfaces/share/ament_index/resource_index/parent_prefix_path/weather_interfaces
[12.694s] -- Installing: /home/habiba-elghazouly/Tsk2_ws/install/weather_interfaces/share/weather_interfaces/environment/ament_prefix_path.sh
[12.694s] -- Installing: /home/habiba-elghazouly/Tsk2_ws/install/weather_interfaces/share/weather_interfaces/environment/ament_prefix_path.dsv
[12.694s] -- Installing: /home/habiba-elghazouly/Tsk2_ws/install/weather_interfaces/share/weather_interfaces/environment/path.sh
[12.694s] -- Installing: /home/habiba-elghazouly/Tsk2_ws/install/weather_interfaces/share/weather_interfaces/environment/path.dsv
[12.694s] -- Installing: /home/habiba-elghazouly/Tsk2_ws/install/weather_interfaces/share/weather_interfaces/local_setup.bash
[12.694s] -- Installing: /home/habiba-elghazouly/Tsk2_ws/install/weather_interfaces/share/weather_interfaces/local_setup.sh
[12.694s] -- Installing: /home/habiba-elghazouly/Tsk2_ws/install/weather_interfaces/share/weather_interfaces/local_setup.zsh
[12.694s] -- Installing: /home/habiba-elghazouly/Tsk2_ws/install/weather_interfaces/share/weather_interfaces/local_setup.dsv
[12.694s] -- Installing: /home/habiba-elghazouly/Tsk2_ws/install/weather_interfaces/share/weather_interfaces/package.dsv
[12.694s] -- Installing: /home/habiba-elghazouly/Tsk2_ws/install/weather_interfaces/share/ament_index/resource_index/packages/weather_interfaces
[12.694s] -- Installing: /home/habiba-elghazouly/Tsk2_ws/install/weather_interfaces/share/weather_interfaces/cmake/export_weather_interfaces__rosidl_generator_cExport.cmake
[12.694s] -- Installing: /home/habiba-elghazouly/Tsk2_ws/install/weather_interfaces/share/weather_interfaces/cmake/export_weather_interfaces__rosidl_generator_cExport-noconfig.cmake
[12.694s] -- Installing: /home/habiba-elghazouly/Tsk2_ws/install/weather_interfaces/share/weather_interfaces/cmake/export_weather_interfaces__rosidl_typesupport_fastrtps_cExport.cmake
[12.694s] -- Installing: /home/habiba-elghazouly/Tsk2_ws/install/weather_interfaces/share/weather_interfaces/cmake/export_weather_interfaces__rosidl_typesupport_fastrtps_cExport-noconfig.cmake
[12.695s] -- Installing: /home/habiba-elghazouly/Tsk2_ws/install/weather_interfaces/share/weather_interfaces/cmake/weather_interfaces__rosidl_typesupport_introspection_cExport.cmake
[12.695s] -- Installing: /home/habiba-elghazouly/Tsk2_ws/install/weather_interfaces/share/weather_interfaces/cmake/weather_interfaces__rosidl_typesupport_introspection_cExport-noconfig.cmake
[12.695s] -- Installing: /home/habiba-elghazouly/Tsk2_ws/install/weather_interfaces/share/weather_interfaces/cmake/weather_interfaces__rosidl_typesupport_cExport.cmake
[12.695s] -- Installing: /home/habiba-elghazouly/Tsk2_ws/install/weather_interfaces/share/weather_interfaces/cmake/weather_interfaces__rosidl_typesupport_cExport-noconfig.cmake
[12.695s] -- Installing: /home/habiba-elghazouly/Tsk2_ws/install/weather_interfaces/share/weather_interfaces/cmake/export_weather_interfaces__rosidl_generator_cppExport.cmake
[12.695s] -- Installing: /home/habiba-elghazouly/Tsk2_ws/install/weather_interfaces/share/weather_interfaces/cmake/export_weather_interfaces__rosidl_typesupport_fastrtps_cppExport.cmake
[12.695s] -- Installing: /home/habiba-elghazouly/Tsk2_ws/install/weather_interfaces/share/weather_interfaces/cmake/export_weather_interfaces__rosidl_typesupport_fastrtps_cppExport-noconfig.cmake
[12.695s] -- Installing: /home/habiba-elghazouly/Tsk2_ws/install/weather_interfaces/share/weather_interfaces/cmake/weather_interfaces__rosidl_typesupport_introspection_cppExport.cmake
[12.695s] -- Installing: /home/habiba-elghazouly/Tsk2_ws/install/weather_interfaces/share/weather_interfaces/cmake/weather_interfaces__rosidl_typesupport_introspection_cppExport-noconfig.cmake
[12.695s] -- Installing: /home/habiba-elghazouly/Tsk2_ws/install/weather_interfaces/share/weather_interfaces/cmake/weather_interfaces__rosidl_typesupport_cppExport.cmake
[12.695s] -- Installing: /home/habiba-elghazouly/Tsk2_ws/install/weather_interfaces/share/weather_interfaces/cmake/weather_interfaces__rosidl_typesupport_cppExport-noconfig.cmake
[12.695s] -- Installing: /home/habiba-elghazouly/Tsk2_ws/install/weather_interfaces/share/weather_interfaces/cmake/export_weather_interfaces__rosidl_generator_pyExport.cmake
[12.695s] -- Installing: /home/habiba-elghazouly/Tsk2_ws/install/weather_interfaces/share/weather_interfaces/cmake/export_weather_interfaces__rosidl_generator_pyExport-noconfig.cmake
[12.695s] -- Installing: /home/habiba-elghazouly/Tsk2_ws/install/weather_interfaces/share/weather_interfaces/cmake/rosidl_cmake-extras.cmake
[12.695s] -- Installing: /home/habiba-elghazouly/Tsk2_ws/install/weather_interfaces/share/weather_interfaces/cmake/ament_cmake_export_dependencies-extras.cmake
[12.695s] -- Installing: /home/habiba-elghazouly/Tsk2_ws/install/weather_interfaces/share/weather_interfaces/cmake/ament_cmake_export_include_directories-extras.cmake
[12.696s] -- Installing: /home/habiba-elghazouly/Tsk2_ws/install/weather_interfaces/share/weather_interfaces/cmake/ament_cmake_export_libraries-extras.cmake
[12.696s] -- Installing: /home/habiba-elghazouly/Tsk2_ws/install/weather_interfaces/share/weather_interfaces/cmake/ament_cmake_export_targets-extras.cmake
[12.696s] -- Installing: /home/habiba-elghazouly/Tsk2_ws/install/weather_interfaces/share/weather_interfaces/cmake/rosidl_cmake_export_typesupport_targets-extras.cmake
[12.696s] -- Installing: /home/habiba-elghazouly/Tsk2_ws/install/weather_interfaces/share/weather_interfaces/cmake/rosidl_cmake_export_typesupport_libraries-extras.cmake
[12.696s] -- Installing: /home/habiba-elghazouly/Tsk2_ws/install/weather_interfaces/share/weather_interfaces/cmake/weather_interfacesConfig.cmake
[12.696s] -- Installing: /home/habiba-elghazouly/Tsk2_ws/install/weather_interfaces/share/weather_interfaces/cmake/weather_interfacesConfig-version.cmake
[12.696s] -- Installing: /home/habiba-elghazouly/Tsk2_ws/install/weather_interfaces/share/weather_interfaces/package.xml
[12.697s] Invoked command in '/home/habiba-elghazouly/Tsk2_ws/build/weather_interfaces' returned '0': CMAKE_PREFIX_PATH=${CMAKE_PREFIX_PATH}:/home/habiba-elghazouly/Tsk2_ws/install/pkg:/home/habiba-elghazouly/tsk1_ws/install/mypkg:/home/habiba-elghazouly/ses2_ws/install/mypkg:/home/habiba-elghazouly/ses1_ws/install/py_pkg:/opt/ros/jazzy DEBUGINFOD_URLS=https://debuginfod.ubuntu.com /usr/bin/cmake --install /home/habiba-elghazouly/Tsk2_ws/build/weather_interfaces
